#
# There is insufficient memory for the Java Runtime Environment to continue.
# Native memory allocation (malloc) failed to allocate 135376 bytes for Chunk::new
# Possible reasons:
#   The system is out of physical RAM or swap space
#   The process is running with CompressedOops enabled, and the Java Heap may be blocking the growth of the native heap
# Possible solutions:
#   Reduce memory load on the system
#   Increase physical memory or swap space
#   Check if swap backing store is full
#   Decrease Java heap size (-Xmx/-Xms)
#   Decrease number of Java threads
#   Decrease Java thread stack sizes (-Xss)
#   Set larger code cache with -XX:ReservedCodeCacheSize=
#   JVM is running with Unscaled Compressed Oops mode in which the Java heap is
#     placed in the first 4GB address space. The Java Heap base address is the
#     maximum limit for the native heap growth. Please use -XX:HeapBaseMinAddress
#     to set the Java Heap base and to place the Java Heap above 4GB virtual address.
# This output file may be truncated or incomplete.
#
#  Out of Memory Error (allocation.cpp:389), pid=8056, tid=0x000000000000321c
#
# JRE version: Java(TM) SE Runtime Environment (8.0_261-b12) (build 1.8.0_261-b12)
# Java VM: Java HotSpot(TM) 64-Bit Server VM (25.261-b12 mixed mode windows-amd64 compressed oops)
# Failed to write core dump. Minidumps are not enabled by default on client versions of Windows
#

---------------  T H R E A D  ---------------

Current thread (0x0000026c39398800):  JavaThread "C2 CompilerThread1" daemon [_thread_in_native, id=12828, stack(0x000000a856400000,0x000000a856500000)]

Stack: [0x000000a856400000,0x000000a856500000]
Native frames: (J=compiled Java code, j=interpreted, Vv=VM code, C=native code)
V  [jvm.dll+0x33e5f9]
V  [jvm.dll+0x2850e2]
V  [jvm.dll+0x285d8d]
V  [jvm.dll+0x27c895]
V  [jvm.dll+0xe4d6c]
V  [jvm.dll+0xe556c]
V  [jvm.dll+0x49aa36]
V  [jvm.dll+0x446633]
V  [jvm.dll+0x44f8f5]
V  [jvm.dll+0x44ecb5]
V  [jvm.dll+0x439bc7]
V  [jvm.dll+0xbbbcb]
V  [jvm.dll+0xba22b]
V  [jvm.dll+0x24d962]
V  [jvm.dll+0x2a1cfc]
C  [ucrtbase.dll+0x21bb2]
C  [KERNEL32.DLL+0x17034]
C  [ntdll.dll+0x52651]


Current CompileTask:
C2:   1211 1290       4       java.io.WinNTFileSystem::normalize (143 bytes)


---------------  P R O C E S S  ---------------

Java Threads: ( => current thread )
  0x0000026c3aa4f000 JavaThread "GC Daemon" daemon [_thread_blocked, id=13864, stack(0x000000a856a00000,0x000000a856b00000)]
  0x0000026c3a6b7800 JavaThread "FileHandlerLogFilesCleaner-1" daemon [_thread_blocked, id=14940, stack(0x000000a856900000,0x000000a856a00000)]
  0x0000026c3a695800 JavaThread "AsyncFileHandlerWriter-2093176254" daemon [_thread_blocked, id=3140, stack(0x000000a856800000,0x000000a856900000)]
  0x0000026c39425000 JavaThread "Service Thread" daemon [_thread_blocked, id=1588, stack(0x000000a856600000,0x000000a856700000)]
  0x0000026c393aa000 JavaThread "C1 CompilerThread2" daemon [_thread_blocked, id=9160, stack(0x000000a856500000,0x000000a856600000)]
=>0x0000026c39398800 JavaThread "C2 CompilerThread1" daemon [_thread_in_native, id=12828, stack(0x000000a856400000,0x000000a856500000)]
  0x0000026c39394800 JavaThread "C2 CompilerThread0" daemon [_thread_blocked, id=5520, stack(0x000000a856300000,0x000000a856400000)]
  0x0000026c39390800 JavaThread "Attach Listener" daemon [_thread_blocked, id=6460, stack(0x000000a856200000,0x000000a856300000)]
  0x0000026c3938f000 JavaThread "Signal Dispatcher" daemon [_thread_blocked, id=1200, stack(0x000000a856100000,0x000000a856200000)]
  0x0000026c39369000 JavaThread "Finalizer" daemon [_thread_blocked, id=9196, stack(0x000000a856000000,0x000000a856100000)]
  0x0000026c39366800 JavaThread "Reference Handler" daemon [_thread_blocked, id=11616, stack(0x000000a855f00000,0x000000a856000000)]
  0x0000026c229c5800 JavaThread "main" [_thread_in_vm, id=14568, stack(0x000000a855700000,0x000000a855800000)]

Other Threads:
  0x0000026c39342800 VMThread [stack: 0x000000a855e00000,0x000000a855f00000] [id=3180]
  0x0000026c39443000 WatcherThread [stack: 0x000000a856700000,0x000000a856800000] [id=12032]

VM state:not at safepoint (normal execution)

VM Mutex/Monitor currently owned by a thread: None

heap address: 0x0000000080400000, size: 2044 MB, Compressed Oops mode: 32-bit
Narrow klass base: 0x0000000000000000, Narrow klass shift: 3
Compressed class space size: 1073741824 Address: 0x0000000100000000

Heap:
 PSYoungGen      total 38400K, used 17714K [0x00000000d5700000, 0x00000000da200000, 0x0000000100000000)
  eden space 33280K, 37% used [0x00000000d5700000,0x00000000d634df08,0x00000000d7780000)
  from space 5120K, 99% used [0x00000000d7780000,0x00000000d7c7ec60,0x00000000d7c80000)
  to   space 5120K, 0% used [0x00000000d9d00000,0x00000000d9d00000,0x00000000da200000)
 ParOldGen       total 87552K, used 2419K [0x0000000080400000, 0x0000000085980000, 0x00000000d5700000)
  object space 87552K, 2% used [0x0000000080400000,0x000000008065ce70,0x0000000085980000)
 Metaspace       used 15514K, capacity 15898K, committed 16256K, reserved 1064960K
  class space    used 1712K, capacity 1829K, committed 1920K, reserved 1048576K

Card table byte_map: [0x0000026c33610000,0x0000026c33a10000] byte_map_base: 0x0000026c3320e000

Marking Bits: (ParMarkBitMap*) 0x0000000056f44fb0
 Begin Bits: [0x0000026c33cc0000, 0x0000026c35cb0000)
 End Bits:   [0x0000026c35cb0000, 0x0000026c37ca0000)

Polling page: 0x0000026c22980000

CodeCache: size=245760Kb used=5175Kb max_used=5191Kb free=240584Kb
 bounds [0x0000026c24250000, 0x0000026c24770000, 0x0000026c33250000]
 total_blobs=1763 nmethods=1380 adapters=295
 compilation: disabled (not enough contiguous free space left)

Compilation events (10 events):
Event: 1.060 Thread 0x0000026c393aa000 nmethod 1374 0x0000026c24752590 code [0x0000026c24752700, 0x0000026c24752910]
Event: 1.060 Thread 0x0000026c393aa000 1376       3       com.sun.org.apache.xerces.internal.utils.XMLSecurityManager$NameMap::getOldName (18 bytes)
Event: 1.060 Thread 0x0000026c393aa000 nmethod 1376 0x0000026c24752990 code [0x0000026c24752b00, 0x0000026c24752d70]
Event: 1.060 Thread 0x0000026c393aa000 1375   !   3       java.util.logging.LogManager::ensureLogManagerInitialized (128 bytes)
Event: 1.060 Thread 0x0000026c393aa000 nmethod 1375 0x0000026c24752e50 code [0x0000026c24753000, 0x0000026c24753690]
Event: 1.060 Thread 0x0000026c393aa000 1377       3       com.sun.org.apache.xerces.internal.impl.XMLEntityScanner::invokeListeners (37 bytes)
Event: 1.061 Thread 0x0000026c393aa000 nmethod 1377 0x0000026c24753890 code [0x0000026c24753a60, 0x0000026c24754250]
Event: 1.061 Thread 0x0000026c393aa000 1379       3       com.sun.org.apache.xerces.internal.impl.XMLEntityScanner::load (200 bytes)
Event: 1.061 Thread 0x0000026c393aa000 nmethod 1379 0x0000026c24754610 code [0x0000026c247547c0, 0x0000026c24754de0]
Event: 1.061 Thread 0x0000026c393aa000 1380       3       com.sun.org.apache.xerces.internal.impl.XMLEntityScanner::scanData (1108 bytes)

GC Heap History (2 events):
Event: 0.961 GC heap before
{Heap before GC invocations=1 (full 0):
 PSYoungGen      total 38400K, used 33280K [0x00000000d5700000, 0x00000000d8180000, 0x0000000100000000)
  eden space 33280K, 100% used [0x00000000d5700000,0x00000000d7780000,0x00000000d7780000)
  from space 5120K, 0% used [0x00000000d7c80000,0x00000000d7c80000,0x00000000d8180000)
  to   space 5120K, 0% used [0x00000000d7780000,0x00000000d7780000,0x00000000d7c80000)
 ParOldGen       total 87552K, used 0K [0x0000000080400000, 0x0000000085980000, 0x00000000d5700000)
  object space 87552K, 0% used [0x0000000080400000,0x0000000080400000,0x0000000085980000)
 Metaspace       used 14030K, capacity 14374K, committed 14592K, reserved 1062912K
  class space    used 1550K, capacity 1665K, committed 1792K, reserved 1048576K
Event: 0.975 GC heap after
Heap after GC invocations=1 (full 0):
 PSYoungGen      total 38400K, used 5115K [0x00000000d5700000, 0x00000000da200000, 0x0000000100000000)
  eden space 33280K, 0% used [0x00000000d5700000,0x00000000d5700000,0x00000000d7780000)
  from space 5120K, 99% used [0x00000000d7780000,0x00000000d7c7ec60,0x00000000d7c80000)
  to   space 5120K, 0% used [0x00000000d9d00000,0x00000000d9d00000,0x00000000da200000)
 ParOldGen       total 87552K, used 2419K [0x0000000080400000, 0x0000000085980000, 0x00000000d5700000)
  object space 87552K, 2% used [0x0000000080400000,0x000000008065ce70,0x0000000085980000)
 Metaspace       used 14030K, capacity 14374K, committed 14592K, reserved 1062912K
  class space    used 1550K, capacity 1665K, committed 1792K, reserved 1048576K
}

Deoptimization events (10 events):
Event: 0.935 Thread 0x0000026c229c5800 Uncommon trap: reason=unstable_if action=reinterpret pc=0x0000026c2467b858 method=com.sun.org.apache.xerces.internal.util.SymbolTable.addSymbol([CII)Ljava/lang/String; @ 28
Event: 1.002 Thread 0x0000026c229c5800 Uncommon trap: reason=unstable_if action=reinterpret pc=0x0000026c24719c74 method=org.apache.tomcat.util.IntrospectionUtils.setProperty(Ljava/lang/Object;Ljava/lang/String;Ljava/lang/String;ZLjava/lang/StringBuilder;)Z @ 698
Event: 1.054 Thread 0x0000026c229c5800 Uncommon trap: reason=class_check action=maybe_recompile pc=0x0000026c244ceaf8 method=java.util.Properties$LineReader.readLine()I @ 62
Event: 1.054 Thread 0x0000026c229c5800 Uncommon trap: reason=unstable_if action=reinterpret pc=0x0000026c244cea00 method=java.util.Properties$LineReader.readLine()I @ 328
Event: 1.054 Thread 0x0000026c229c5800 Uncommon trap: reason=unstable_if action=reinterpret pc=0x0000026c24496870 method=java.util.Properties$LineReader.readLine()I @ 180
Event: 1.061 Thread 0x0000026c229c5800 Uncommon trap: reason=unstable_if action=reinterpret pc=0x0000026c24691ee8 method=com.sun.org.apache.xerces.internal.impl.XMLEntityScanner.skipSpaces()Z @ 85
Event: 1.061 Thread 0x0000026c229c5800 Uncommon trap: reason=unstable_if action=reinterpret pc=0x0000026c2474972c method=com.sun.org.apache.xerces.internal.impl.XMLEntityScanner.scanData(Ljava/lang/String;Lcom/sun/org/apache/xerces/internal/util/XMLStringBuffer;)Z @ 346
Event: 1.061 Thread 0x0000026c229c5800 Uncommon trap: reason=unstable_if action=reinterpret pc=0x0000026c246ef04c method=com.sun.org.apache.xerces.internal.impl.XMLEntityScanner.scanData(Ljava/lang/String;Lcom/sun/org/apache/xerces/internal/util/XMLStringBuffer;)Z @ 923
Event: 1.061 Thread 0x0000026c229c5800 Uncommon trap: reason=unstable_if action=reinterpret pc=0x0000026c246788f8 method=com.sun.org.apache.xerces.internal.util.SymbolTable.addSymbol([CII)Ljava/lang/String; @ 28
Event: 1.061 Thread 0x0000026c229c5800 Uncommon trap: reason=unstable_if action=reinterpret pc=0x0000026c246ecc10 method=com.sun.org.apache.xerces.internal.impl.XMLEntityScanner.peekChar()I @ 51

Classes redefined (0 events):
No events

Internal exceptions (10 events):
Event: 0.995 Thread 0x0000026c229c5800 Exception <a 'java/lang/NullPointerException'> (0x00000000d5a46f90) thrown at [C:\jenkins\workspace\8-2-build-windows-amd64-cygwin\jdk8u261\295\hotspot\src\share\vm\runtime\sharedRuntime.cpp, line 605]
Event: 1.005 Thread 0x0000026c229c5800 Implicit null exception at 0x0000026c245e2aa1 to 0x0000026c245e5190
Event: 1.005 Thread 0x0000026c229c5800 Exception <a 'java/lang/NullPointerException'> (0x00000000d5aa5d18) thrown at [C:\jenkins\workspace\8-2-build-windows-amd64-cygwin\jdk8u261\295\hotspot\src\share\vm\runtime\sharedRuntime.cpp, line 605]
Event: 1.005 Thread 0x0000026c229c5800 Implicit null exception at 0x0000026c245e2aa1 to 0x0000026c245e5190
Event: 1.005 Thread 0x0000026c229c5800 Exception <a 'java/lang/NullPointerException'> (0x00000000d5aa6108) thrown at [C:\jenkins\workspace\8-2-build-windows-amd64-cygwin\jdk8u261\295\hotspot\src\share\vm\runtime\sharedRuntime.cpp, line 605]
Event: 1.019 Thread 0x0000026c229c5800 Implicit null exception at 0x0000026c245e2aa1 to 0x0000026c245e5190
Event: 1.019 Thread 0x0000026c229c5800 Exception <a 'java/lang/NullPointerException'> (0x00000000d5b0f0d8) thrown at [C:\jenkins\workspace\8-2-build-windows-amd64-cygwin\jdk8u261\295\hotspot\src\share\vm\runtime\sharedRuntime.cpp, line 605]
Event: 1.019 Thread 0x0000026c229c5800 Implicit null exception at 0x0000026c245e2aa1 to 0x0000026c245e5190
Event: 1.019 Thread 0x0000026c229c5800 Exception <a 'java/lang/NullPointerException'> (0x00000000d5b0f4c8) thrown at [C:\jenkins\workspace\8-2-build-windows-amd64-cygwin\jdk8u261\295\hotspot\src\share\vm\runtime\sharedRuntime.cpp, line 605]
Event: 1.044 Thread 0x0000026c229c5800 Exception <a 'java/io/FileNotFoundException'> (0x00000000d5cb1ef8) thrown at [C:\jenkins\workspace\8-2-build-windows-amd64-cygwin\jdk8u261\295\hotspot\src\share\vm\prims\jni.cpp, line 710]

Events (10 events):
Event: 1.061 Thread 0x0000026c229c5800 DEOPT PACKING pc=0x0000026c246ef04c sp=0x000000a8557fe030
Event: 1.061 Thread 0x0000026c229c5800 DEOPT UNPACKING pc=0x0000026c24295843 sp=0x000000a8557fdfd0 mode 2
Event: 1.061 Thread 0x0000026c229c5800 Uncommon trap: trap_request=0xffffff65 fr.pc=0x0000026c246788f8
Event: 1.061 Thread 0x0000026c229c5800 DEOPT PACKING pc=0x0000026c246788f8 sp=0x000000a8557fde70
Event: 1.061 Thread 0x0000026c229c5800 DEOPT UNPACKING pc=0x0000026c24295843 sp=0x000000a8557fddf8 mode 2
Event: 1.061 Thread 0x0000026c229c5800 Uncommon trap: trap_request=0xffffff65 fr.pc=0x0000026c246ecc10
Event: 1.061 Thread 0x0000026c229c5800 DEOPT PACKING pc=0x0000026c246ecc10 sp=0x000000a8557fe0e0
Event: 1.061 Thread 0x0000026c229c5800 DEOPT UNPACKING pc=0x0000026c24295843 sp=0x000000a8557fe070 mode 2
Event: 1.062 loading class org/apache/catalina/users/MemoryRole
Event: 1.062 loading class org/apache/catalina/users/MemoryRole done


Dynamic libraries:
0x00007ff7b5ee0000 - 0x00007ff7b5f27000 	C:\Program Files\Java\jdk1.8.0_261\bin\java.exe
0x00007ff8157b0000 - 0x00007ff8159a5000 	C:\WINDOWS\SYSTEM32\ntdll.dll
0x00007ff815550000 - 0x00007ff81560e000 	C:\WINDOWS\System32\KERNEL32.DLL
0x00007ff812f60000 - 0x00007ff813228000 	C:\WINDOWS\System32\KERNELBASE.dll
0x00007ff8156b0000 - 0x00007ff81575e000 	C:\WINDOWS\System32\ADVAPI32.dll
0x00007ff815610000 - 0x00007ff8156ae000 	C:\WINDOWS\System32\msvcrt.dll
0x00007ff815100000 - 0x00007ff81519c000 	C:\WINDOWS\System32\sechost.dll
0x00007ff814e70000 - 0x00007ff814f95000 	C:\WINDOWS\System32\RPCRT4.dll
0x00007ff813d90000 - 0x00007ff813f30000 	C:\WINDOWS\System32\USER32.dll
0x00007ff8137e0000 - 0x00007ff813802000 	C:\WINDOWS\System32\win32u.dll
0x00007ff813d60000 - 0x00007ff813d8b000 	C:\WINDOWS\System32\GDI32.dll
0x00007ff8135d0000 - 0x00007ff8136db000 	C:\WINDOWS\System32\gdi32full.dll
0x00007ff813500000 - 0x00007ff81359d000 	C:\WINDOWS\System32\msvcp_win.dll
0x00007ff813230000 - 0x00007ff813330000 	C:\WINDOWS\System32\ucrtbase.dll
0x00007ff808c40000 - 0x00007ff808eda000 	C:\WINDOWS\WinSxS\amd64_microsoft.windows.common-controls_6595b64144ccf1df_6.0.19041.1110_none_60b5254171f9507e\COMCTL32.dll
0x00007ff813f30000 - 0x00007ff813f60000 	C:\WINDOWS\System32\IMM32.DLL
0x00007ff80fdb0000 - 0x00007ff80fdc5000 	C:\Program Files\Java\jdk1.8.0_261\jre\bin\vcruntime140.dll
0x00007fffe72d0000 - 0x00007fffe736b000 	C:\Program Files\Java\jdk1.8.0_261\jre\bin\msvcp140.dll
0x0000000056750000 - 0x0000000056fbc000 	C:\Program Files\Java\jdk1.8.0_261\jre\bin\server\jvm.dll
0x00007ff813d50000 - 0x00007ff813d58000 	C:\WINDOWS\System32\PSAPI.DLL
0x00007ff808f40000 - 0x00007ff808f67000 	C:\WINDOWS\SYSTEM32\WINMM.dll
0x00007ff80e860000 - 0x00007ff80e869000 	C:\WINDOWS\SYSTEM32\WSOCK32.dll
0x00007ff814e00000 - 0x00007ff814e6b000 	C:\WINDOWS\System32\WS2_32.dll
0x00007ff80c8a0000 - 0x00007ff80c8aa000 	C:\WINDOWS\SYSTEM32\VERSION.dll
0x00007ff810e00000 - 0x00007ff810e12000 	C:\WINDOWS\SYSTEM32\kernel.appcore.dll
0x00007ff810710000 - 0x00007ff810720000 	C:\Program Files\Java\jdk1.8.0_261\jre\bin\verify.dll
0x00007ff80aec0000 - 0x00007ff80aeeb000 	C:\Program Files\Java\jdk1.8.0_261\jre\bin\java.dll
0x00007ff80fd90000 - 0x00007ff80fda8000 	C:\Program Files\Java\jdk1.8.0_261\jre\bin\zip.dll
0x00007ff814510000 - 0x00007ff814c54000 	C:\WINDOWS\System32\SHELL32.dll
0x00007ff811000000 - 0x00007ff811794000 	C:\WINDOWS\SYSTEM32\windows.storage.dll
0x00007ff813f60000 - 0x00007ff8142b4000 	C:\WINDOWS\System32\combase.dll
0x00007ff812860000 - 0x00007ff81288c000 	C:\WINDOWS\SYSTEM32\Wldp.dll
0x00007ff813ca0000 - 0x00007ff813d4d000 	C:\WINDOWS\System32\SHCORE.dll
0x00007ff814da0000 - 0x00007ff814df5000 	C:\WINDOWS\System32\shlwapi.dll
0x00007ff812e10000 - 0x00007ff812e2f000 	C:\WINDOWS\SYSTEM32\profapi.dll
0x00007ff80da30000 - 0x00007ff80da4c000 	C:\Program Files\Java\jdk1.8.0_261\jre\bin\net.dll
0x00007ff8125c0000 - 0x00007ff81262a000 	C:\WINDOWS\system32\mswsock.dll
0x00007ff80ae50000 - 0x00007ff80ae63000 	C:\Program Files\Java\jdk1.8.0_261\jre\bin\nio.dll
0x00007ff8106d0000 - 0x00007ff8106dd000 	C:\Program Files\Java\jdk1.8.0_261\jre\bin\management.dll
0x0000000180000000 - 0x0000000180286000 	D:\Artyom\JetBrains IntelliJ IDEA Ultimate 2020.1 x64\apache-tomcat-9.0.54\bin\tcnative-1.dll
0x00007ff813330000 - 0x00007ff813486000 	C:\WINDOWS\System32\CRYPT32.dll
0x00007ff8127b0000 - 0x00007ff8127c8000 	C:\WINDOWS\SYSTEM32\CRYPTSP.dll
0x00007ff811f40000 - 0x00007ff811f74000 	C:\WINDOWS\system32\rsaenh.dll
0x00007ff8135a0000 - 0x00007ff8135c7000 	C:\WINDOWS\System32\bcrypt.dll
0x00007ff8127d0000 - 0x00007ff8127dc000 	C:\WINDOWS\SYSTEM32\CRYPTBASE.dll
0x00007ff812ed0000 - 0x00007ff812f52000 	C:\WINDOWS\System32\bcryptPrimitives.dll
0x00007ff80abe0000 - 0x00007ff80ac04000 	C:\Program Files\Java\jdk1.8.0_261\jre\bin\sunec.dll
0x00007ff80e8e0000 - 0x00007ff80e8ed000 	C:\Program Files\Java\jdk1.8.0_261\jre\bin\sunmscapi.dll
0x00007ff8128d0000 - 0x00007ff8128f7000 	C:\WINDOWS\SYSTEM32\ncrypt.dll
0x00007ff812890000 - 0x00007ff8128cb000 	C:\WINDOWS\SYSTEM32\NTASN1.dll
0x00007ffff05e0000 - 0x00007ffff07c4000 	C:\WINDOWS\SYSTEM32\dbghelp.dll

VM Arguments:
jvm_args: -Djava.util.logging.config.file=D:\Artyom\JetBrains IntelliJ IDEA Ultimate 2020.1 x64\apache-tomcat-9.0.54\conf\logging.properties -Djava.util.logging.manager=org.apache.juli.ClassLoaderLogManager -Djdk.tls.ephemeralDHKeySize=2048 -Djava.protocol.handler.pkgs=org.apache.catalina.webresources -Dignore.endorsed.dirs= -Dcatalina.base=D:\Artyom\JetBrains IntelliJ IDEA Ultimate 2020.1 x64\apache-tomcat-9.0.54 -Dcatalina.home=D:\Artyom\JetBrains IntelliJ IDEA Ultimate 2020.1 x64\apache-tomcat-9.0.54 -Djava.io.tmpdir=D:\Artyom\JetBrains IntelliJ IDEA Ultimate 2020.1 x64\apache-tomcat-9.0.54\temp 
java_command: org.apache.catalina.startup.Bootstrap start
java_class_path (initial): D:\Artyom\JetBrains IntelliJ IDEA Ultimate 2020.1 x64\apache-tomcat-9.0.54\bin\bootstrap.jar;D:\Artyom\JetBrains IntelliJ IDEA Ultimate 2020.1 x64\apache-tomcat-9.0.54\bin\tomcat-juli.jar
Launcher Type: SUN_STANDARD

Environment Variables:
JAVA_HOME=C:\Program Files\Java\jdk1.8.0_261
JRE_HOME=C:\Program Files\Java\jdk1.8.0_261
CLASSPATH=D:\Artyom\JetBrains IntelliJ IDEA Ultimate 2020.1 x64\apache-tomcat-9.0.54\bin\bootstrap.jar;D:\Artyom\JetBrains IntelliJ IDEA Ultimate 2020.1 x64\apache-tomcat-9.0.54\bin\tomcat-juli.jar
PATH=C:\Program Files (x86)\NVIDIA Corporation\PhysX\Common;C:\WINDOWS\system32;C:\WINDOWS;C:\WINDOWS\System32\Wbem;C:\WINDOWS\System32\WindowsPowerShell\v1.0\;C:\WINDOWS\System32\OpenSSH\;C:\Program Files\Java\jdk1.8.0_261\bin;C:\Program Files\Microsoft SQL Server\Client SDK\ODBC\170\Tools\Binn\;C:\Program Files (x86)\Microsoft SQL Server\150\Tools\Binn\;C:\Program Files\Microsoft SQL Server\150\Tools\Binn\;C:\Program Files\Microsoft SQL Server\150\DTS\Binn\;C:\Program Files (x86)\Microsoft SQL Server\150\DTS\Binn\;C:\Program Files\Azure Data Studio\bin;C:\cygwin64\bin;D:\Artyom\Git\cmd;D:\Artyom\maven\apache-maven-3.8.2\bin;E:\apache-maven-3.8.3\bin;D:\Artyom\JetBrains IntelliJ IDEA Ultimate 2020.1 x64\axis-1_4\lib;C:\Program Files\Java\jdk1.8.0_261\bin;E:\VS Code\Microsoft VS Code\bin;
USERNAME=marti
OS=Windows_NT
PROCESSOR_IDENTIFIER=AMD64 Family 21 Model 2 Stepping 0, AuthenticAMD



---------------  S Y S T E M  ---------------

OS: Windows 10.0 , 64 bit Build 19041 (10.0.19041.1566)

CPU:total 6 (initial active 6) (6 cores per cpu, 1 threads per core) family 21 model 2 stepping 0, cmov, cx8, fxsr, mmx, sse, sse2, sse3, ssse3, sse4.1, sse4.2, popcnt, avx, aes, clmul, mmxext, 3dnowpref, lzcnt, sse4a, tsc, tscinvbit, tscinv, bmi1

Memory: 4k page, physical 8370292k(1313244k free), swap 11384948k(5124k free)

vm_info: Java HotSpot(TM) 64-Bit Server VM (25.261-b12) for windows-amd64 JRE (1.8.0_261-b12), built on Jun 18 2020 06:56:32 by "" with unknown MS VC++:1916

time: Wed Mar 23 00:39:10 2022
timezone: Беларусь (зима)
elapsed time: 1 seconds (0d 0h 0m 1s)

