#
# There is insufficient memory for the Java Runtime Environment to continue.
# Native memory allocation (malloc) failed to allocate 1772528 bytes for Chunk::new
# Possible reasons:
#   The system is out of physical RAM or swap space
#   The process is running with CompressedOops enabled, and the Java Heap may be blocking the growth of the native heap
# Possible solutions:
#   Reduce memory load on the system
#   Increase physical memory or swap space
#   Check if swap backing store is full
#   Decrease Java heap size (-Xmx/-Xms)
#   Decrease number of Java threads
#   Decrease Java thread stack sizes (-Xss)
#   Set larger code cache with -XX:ReservedCodeCacheSize=
#   JVM is running with Zero Based Compressed Oops mode in which the Java heap is
#     placed in the first 32GB address space. The Java Heap base address is the
#     maximum limit for the native heap growth. Please use -XX:HeapBaseMinAddress
#     to set the Java Heap base and to place the Java Heap above 32GB virtual address.
# This output file may be truncated or incomplete.
#
#  Out of Memory Error (allocation.cpp:389), pid=13668, tid=0x000000000000448c
#
# JRE version: Java(TM) SE Runtime Environment (8.0_261-b12) (build 1.8.0_261-b12)
# Java VM: Java HotSpot(TM) 64-Bit Server VM (25.261-b12 mixed mode windows-amd64 compressed oops)
# Failed to write core dump. Minidumps are not enabled by default on client versions of Windows
#

---------------  T H R E A D  ---------------

Current thread (0x000001c071ae9800):  JavaThread "C2 CompilerThread1" daemon [_thread_in_native, id=17548, stack(0x0000009aae500000,0x0000009aae600000)]

Stack: [0x0000009aae500000,0x0000009aae600000]
Native frames: (J=compiled Java code, j=interpreted, Vv=VM code, C=native code)
V  [jvm.dll+0x33e5f9]
V  [jvm.dll+0x2850e2]
V  [jvm.dll+0x285d8d]
V  [jvm.dll+0x27c895]
V  [jvm.dll+0xe4d6c]
V  [jvm.dll+0xe556c]
V  [jvm.dll+0x47ed35]
V  [jvm.dll+0x446900]
V  [jvm.dll+0x44f8f5]
V  [jvm.dll+0x44ecb5]
V  [jvm.dll+0x439bc7]
V  [jvm.dll+0xbbbcb]
V  [jvm.dll+0xba22b]
V  [jvm.dll+0x24d962]
V  [jvm.dll+0x2a1cfc]
C  [ucrtbase.dll+0x21bb2]
C  [KERNEL32.DLL+0x17034]
C  [ntdll.dll+0x52651]


Current CompileTask:
C2:   9425 3859       4       org.eclipse.jdt.internal.compiler.lookup.BinaryTypeBinding::createMethod (1689 bytes)


---------------  P R O C E S S  ---------------

Java Threads: ( => current thread )
  0x000001c076819000 JavaThread "http-nio-8080-exec-3" daemon [_thread_blocked, id=17612, stack(0x0000009aaf800000,0x0000009aaf900000)]
  0x000001c07681d000 JavaThread "http-nio-8080-exec-2" daemon [_thread_blocked, id=6952, stack(0x0000009aaf700000,0x0000009aaf800000)]
  0x000001c072c9c800 JavaThread "http-nio-8080-exec-1" daemon [_thread_blocked, id=14396, stack(0x0000009aaf600000,0x0000009aaf700000)]
  0x000001c072c97800 JavaThread "http-nio-8080-Acceptor" daemon [_thread_in_native, id=15188, stack(0x0000009aaf500000,0x0000009aaf600000)]
  0x000001c072c9c000 JavaThread "http-nio-8080-Poller" daemon [_thread_in_native, id=7784, stack(0x0000009aaf400000,0x0000009aaf500000)]
  0x000001c072c9d800 JavaThread "Catalina-utility-2" [_thread_blocked, id=9668, stack(0x0000009aaf300000,0x0000009aaf400000)]
  0x000001c073f88000 JavaThread "Catalina-utility-1" [_thread_blocked, id=7152, stack(0x0000009aaf200000,0x0000009aaf300000)]
  0x000001c0734f7800 JavaThread "GC Daemon" daemon [_thread_blocked, id=16844, stack(0x0000009aaf100000,0x0000009aaf200000)]
  0x000001c073471800 JavaThread "RMI Scheduler(0)" daemon [_thread_blocked, id=7348, stack(0x0000009aaf000000,0x0000009aaf100000)]
  0x000001c073413000 JavaThread "RMI TCP Connection(2)-127.0.0.1" daemon [_thread_in_native, id=4148, stack(0x0000009aaef00000,0x0000009aaf000000)]
  0x000001c0731fc800 JavaThread "RMI TCP Connection(3)-127.0.0.1" daemon [_thread_in_native, id=8456, stack(0x0000009aaee00000,0x0000009aaef00000)]
  0x000001c072ecb800 JavaThread "RMI TCP Accept-0" daemon [_thread_in_native, id=2660, stack(0x0000009aaec00000,0x0000009aaed00000)]
  0x000001c072f22000 JavaThread "RMI TCP Accept-1099" daemon [_thread_in_native, id=16552, stack(0x0000009aaeb00000,0x0000009aaec00000)]
  0x000001c072eac000 JavaThread "RMI TCP Accept-0" daemon [_thread_in_native, id=13772, stack(0x0000009aaea00000,0x0000009aaeb00000)]
  0x000001c072dea800 JavaThread "FileHandlerLogFilesCleaner-1" daemon [_thread_blocked, id=1288, stack(0x0000009aae900000,0x0000009aaea00000)]
  0x000001c072dd2000 JavaThread "AsyncFileHandlerWriter-363771819" daemon [_thread_blocked, id=14764, stack(0x0000009aae800000,0x0000009aae900000)]
  0x000001c071b79000 JavaThread "Service Thread" daemon [_thread_blocked, id=17824, stack(0x0000009aae700000,0x0000009aae800000)]
  0x000001c071aec800 JavaThread "C1 CompilerThread2" daemon [_thread_blocked, id=676, stack(0x0000009aae600000,0x0000009aae700000)]
=>0x000001c071ae9800 JavaThread "C2 CompilerThread1" daemon [_thread_in_native, id=17548, stack(0x0000009aae500000,0x0000009aae600000)]
  0x000001c071ae6000 JavaThread "C2 CompilerThread0" daemon [_thread_blocked, id=9984, stack(0x0000009aae400000,0x0000009aae500000)]
  0x000001c071ae2800 JavaThread "Attach Listener" daemon [_thread_blocked, id=17524, stack(0x0000009aae300000,0x0000009aae400000)]
  0x000001c071ae1800 JavaThread "Signal Dispatcher" daemon [_thread_blocked, id=9124, stack(0x0000009aae200000,0x0000009aae300000)]
  0x000001c071abf800 JavaThread "Finalizer" daemon [_thread_blocked, id=6492, stack(0x0000009aae100000,0x0000009aae200000)]
  0x000001c071ab8000 JavaThread "Reference Handler" daemon [_thread_blocked, id=4192, stack(0x0000009aae000000,0x0000009aae100000)]
  0x000001c056667000 JavaThread "main" [_thread_in_native, id=7060, stack(0x0000009aad800000,0x0000009aad900000)]

Other Threads:
  0x000001c071a94000 VMThread [stack: 0x0000009aadf00000,0x0000009aae000000] [id=16876]
  0x000001c072e96000 WatcherThread [stack: 0x0000009aaed00000,0x0000009aaee00000] [id=10252]

VM state:not at safepoint (normal execution)

VM Mutex/Monitor currently owned by a thread: None

heap address: 0x00000006c0400000, size: 4092 MB, Compressed Oops mode: Zero based, Oop shift amount: 3
Narrow klass base: 0x0000000000000000, Narrow klass shift: 3
Compressed class space size: 1073741824 Address: 0x00000007c0000000

Heap:
 PSYoungGen      total 141824K, used 72197K [0x000000076ac00000, 0x0000000774100000, 0x00000007c0000000)
  eden space 131072K, 46% used [0x000000076ac00000,0x000000076e804c60,0x0000000772c00000)
  from space 10752K, 99% used [0x0000000772c00000,0x000000077367c7e0,0x0000000773680000)
  to   space 10752K, 0% used [0x0000000773680000,0x0000000773680000,0x0000000774100000)
 ParOldGen       total 172544K, used 32957K [0x00000006c0400000, 0x00000006cac80000, 0x000000076ac00000)
  object space 172544K, 19% used [0x00000006c0400000,0x00000006c242f680,0x00000006cac80000)
 Metaspace       used 45263K, capacity 46384K, committed 46552K, reserved 1091584K
  class space    used 5069K, capacity 5357K, committed 5376K, reserved 1048576K

Card table byte_map: [0x000001c0672a0000,0x000001c067aa0000] byte_map_base: 0x000001c063c9e000

Marking Bits: (ParMarkBitMap*) 0x000000006fc74fb0
 Begin Bits: [0x000001c068000000, 0x000001c06bff0000)
 End Bits:   [0x000001c06bff0000, 0x000001c06ffe0000)

Polling page: 0x000001c056600000

CodeCache: size=245760Kb used=11087Kb max_used=11507Kb free=234672Kb
 bounds [0x000001c057ee0000, 0x000001c058a60000, 0x000001c066ee0000]
 total_blobs=3937 nmethods=3388 adapters=462
 compilation: enabled

Compilation events (10 events):
Event: 9.106 Thread 0x000001c071aec800 nmethod 3944 0x000001c0581feb90 code [0x000001c0581fece0, 0x000001c0581fee78]
Event: 9.106 Thread 0x000001c071aec800 3947       3       org.apache.tomcat.util.buf.MessageBytes::equalsIgnoreCase (78 bytes)
Event: 9.106 Thread 0x000001c071aec800 nmethod 3947 0x000001c0581fe450 code [0x000001c0581fe5e0, 0x000001c0581fea50]
Event: 9.106 Thread 0x000001c071aec800 3946       3       java.io.StringReader::ensureOpen (18 bytes)
Event: 9.107 Thread 0x000001c071aec800 nmethod 3946 0x000001c05845e590 code [0x000001c05845e700, 0x000001c05845e950]
Event: 9.107 Thread 0x000001c071aec800 3948       3       org.apache.tomcat.util.buf.AbstractChunk::recycle (21 bytes)
Event: 9.107 Thread 0x000001c071aec800 nmethod 3948 0x000001c0581fe110 code [0x000001c0581fe260, 0x000001c0581fe3d8]
Event: 9.109 Thread 0x000001c071ae6000 nmethod 3938 0x000001c05845c250 code [0x000001c05845c3e0, 0x000001c05845cb68]
Event: 9.109 Thread 0x000001c071ae6000 3945       4       java.nio.CharBuffer::arrayOffset (35 bytes)
Event: 9.110 Thread 0x000001c071ae6000 nmethod 3945 0x000001c05845bfd0 code [0x000001c05845c100, 0x000001c05845c198]

GC Heap History (10 events):
Event: 4.291 GC heap before
{Heap before GC invocations=5 (full 0):
 PSYoungGen      total 141824K, used 32763K [0x000000076ac00000, 0x0000000774100000, 0x00000007c0000000)
  eden space 131072K, 16% used [0x000000076ac00000,0x000000076c184558,0x0000000772c00000)
  from space 10752K, 99% used [0x0000000773680000,0x00000007740faa38,0x0000000774100000)
  to   space 10752K, 0% used [0x0000000772c00000,0x0000000772c00000,0x0000000773680000)
 ParOldGen       total 175104K, used 37652K [0x00000006c0400000, 0x00000006caf00000, 0x000000076ac00000)
  object space 175104K, 21% used [0x00000006c0400000,0x00000006c28c5260,0x00000006caf00000)
 Metaspace       used 20594K, capacity 21166K, committed 21248K, reserved 1069056K
  class space    used 2320K, capacity 2517K, committed 2560K, reserved 1048576K
Event: 4.303 GC heap after
Heap after GC invocations=5 (full 0):
 PSYoungGen      total 141824K, used 9916K [0x000000076ac00000, 0x0000000774100000, 0x00000007c0000000)
  eden space 131072K, 0% used [0x000000076ac00000,0x000000076ac00000,0x0000000772c00000)
  from space 10752K, 92% used [0x0000000772c00000,0x00000007735af000,0x0000000773680000)
  to   space 10752K, 0% used [0x0000000773680000,0x0000000773680000,0x0000000774100000)
 ParOldGen       total 175104K, used 37660K [0x00000006c0400000, 0x00000006caf00000, 0x000000076ac00000)
  object space 175104K, 21% used [0x00000006c0400000,0x00000006c28c7260,0x00000006caf00000)
 Metaspace       used 20594K, capacity 21166K, committed 21248K, reserved 1069056K
  class space    used 2320K, capacity 2517K, committed 2560K, reserved 1048576K
}
Event: 4.303 GC heap before
{Heap before GC invocations=6 (full 1):
 PSYoungGen      total 141824K, used 9916K [0x000000076ac00000, 0x0000000774100000, 0x00000007c0000000)
  eden space 131072K, 0% used [0x000000076ac00000,0x000000076ac00000,0x0000000772c00000)
  from space 10752K, 92% used [0x0000000772c00000,0x00000007735af000,0x0000000773680000)
  to   space 10752K, 0% used [0x0000000773680000,0x0000000773680000,0x0000000774100000)
 ParOldGen       total 175104K, used 37660K [0x00000006c0400000, 0x00000006caf00000, 0x000000076ac00000)
  object space 175104K, 21% used [0x00000006c0400000,0x00000006c28c7260,0x00000006caf00000)
 Metaspace       used 20594K, capacity 21166K, committed 21248K, reserved 1069056K
  class space    used 2320K, capacity 2517K, committed 2560K, reserved 1048576K
Event: 4.354 GC heap after
Heap after GC invocations=6 (full 1):
 PSYoungGen      total 141824K, used 0K [0x000000076ac00000, 0x0000000774100000, 0x00000007c0000000)
  eden space 131072K, 0% used [0x000000076ac00000,0x000000076ac00000,0x0000000772c00000)
  from space 10752K, 0% used [0x0000000772c00000,0x0000000772c00000,0x0000000773680000)
  to   space 10752K, 0% used [0x0000000773680000,0x0000000773680000,0x0000000774100000)
 ParOldGen       total 117248K, used 10180K [0x00000006c0400000, 0x00000006c7680000, 0x000000076ac00000)
  object space 117248K, 8% used [0x00000006c0400000,0x00000006c0df11e0,0x00000006c7680000)
 Metaspace       used 20592K, capacity 21160K, committed 21248K, reserved 1069056K
  class space    used 2319K, capacity 2516K, committed 2560K, reserved 1048576K
}
Event: 6.667 GC heap before
{Heap before GC invocations=7 (full 1):
 PSYoungGen      total 141824K, used 128020K [0x000000076ac00000, 0x0000000774100000, 0x00000007c0000000)
  eden space 131072K, 97% used [0x000000076ac00000,0x00000007729053c8,0x0000000772c00000)
  from space 10752K, 0% used [0x0000000772c00000,0x0000000772c00000,0x0000000773680000)
  to   space 10752K, 0% used [0x0000000773680000,0x0000000773680000,0x0000000774100000)
 ParOldGen       total 117248K, used 10180K [0x00000006c0400000, 0x00000006c7680000, 0x000000076ac00000)
  object space 117248K, 8% used [0x00000006c0400000,0x00000006c0df11e0,0x00000006c7680000)
 Metaspace       used 34428K, capacity 35340K, committed 35416K, reserved 1081344K
  class space    used 3973K, capacity 4218K, committed 4224K, reserved 1048576K
Event: 6.677 GC heap after
Heap after GC invocations=7 (full 1):
 PSYoungGen      total 141824K, used 10742K [0x000000076ac00000, 0x0000000774100000, 0x00000007c0000000)
  eden space 131072K, 0% used [0x000000076ac00000,0x000000076ac00000,0x0000000772c00000)
  from space 10752K, 99% used [0x0000000773680000,0x00000007740fd890,0x0000000774100000)
  to   space 10752K, 0% used [0x0000000772c00000,0x0000000772c00000,0x0000000773680000)
 ParOldGen       total 117248K, used 15233K [0x00000006c0400000, 0x00000006c7680000, 0x000000076ac00000)
  object space 117248K, 12% used [0x00000006c0400000,0x00000006c12e06c8,0x00000006c7680000)
 Metaspace       used 34428K, capacity 35340K, committed 35416K, reserved 1081344K
  class space    used 3973K, capacity 4218K, committed 4224K, reserved 1048576K
}
Event: 6.677 GC heap before
{Heap before GC invocations=8 (full 2):
 PSYoungGen      total 141824K, used 10742K [0x000000076ac00000, 0x0000000774100000, 0x00000007c0000000)
  eden space 131072K, 0% used [0x000000076ac00000,0x000000076ac00000,0x0000000772c00000)
  from space 10752K, 99% used [0x0000000773680000,0x00000007740fd890,0x0000000774100000)
  to   space 10752K, 0% used [0x0000000772c00000,0x0000000772c00000,0x0000000773680000)
 ParOldGen       total 117248K, used 15233K [0x00000006c0400000, 0x00000006c7680000, 0x000000076ac00000)
  object space 117248K, 12% used [0x00000006c0400000,0x00000006c12e06c8,0x00000006c7680000)
 Metaspace       used 34428K, capacity 35340K, committed 35416K, reserved 1081344K
  class space    used 3973K, capacity 4218K, committed 4224K, reserved 1048576K
Event: 6.774 GC heap after
Heap after GC invocations=8 (full 2):
 PSYoungGen      total 141824K, used 0K [0x000000076ac00000, 0x0000000774100000, 0x00000007c0000000)
  eden space 131072K, 0% used [0x000000076ac00000,0x000000076ac00000,0x0000000772c00000)
  from space 10752K, 0% used [0x0000000773680000,0x0000000773680000,0x0000000774100000)
  to   space 10752K, 0% used [0x0000000772c00000,0x0000000772c00000,0x0000000773680000)
 ParOldGen       total 172544K, used 23178K [0x00000006c0400000, 0x00000006cac80000, 0x000000076ac00000)
  object space 172544K, 13% used [0x00000006c0400000,0x00000006c1aa2960,0x00000006cac80000)
 Metaspace       used 34428K, capacity 35340K, committed 35416K, reserved 1081344K
  class space    used 3973K, capacity 4218K, committed 4224K, reserved 1048576K
}
Event: 8.359 GC heap before
{Heap before GC invocations=9 (full 2):
 PSYoungGen      total 141824K, used 131072K [0x000000076ac00000, 0x0000000774100000, 0x00000007c0000000)
  eden space 131072K, 100% used [0x000000076ac00000,0x0000000772c00000,0x0000000772c00000)
  from space 10752K, 0% used [0x0000000773680000,0x0000000773680000,0x0000000774100000)
  to   space 10752K, 0% used [0x0000000772c00000,0x0000000772c00000,0x0000000773680000)
 ParOldGen       total 172544K, used 23178K [0x00000006c0400000, 0x00000006cac80000, 0x000000076ac00000)
  object space 172544K, 13% used [0x00000006c0400000,0x00000006c1aa2960,0x00000006cac80000)
 Metaspace       used 41799K, capacity 42746K, committed 42968K, reserved 1087488K
  class space    used 4735K, capacity 5013K, committed 5120K, reserved 1048576K
Event: 8.389 GC heap after
Heap after GC invocations=9 (full 2):
 PSYoungGen      total 141824K, used 10737K [0x000000076ac00000, 0x0000000774100000, 0x00000007c0000000)
  eden space 131072K, 0% used [0x000000076ac00000,0x000000076ac00000,0x0000000772c00000)
  from space 10752K, 99% used [0x0000000772c00000,0x000000077367c7e0,0x0000000773680000)
  to   space 10752K, 0% used [0x0000000773680000,0x0000000773680000,0x0000000774100000)
 ParOldGen       total 172544K, used 32957K [0x00000006c0400000, 0x00000006cac80000, 0x000000076ac00000)
  object space 172544K, 19% used [0x00000006c0400000,0x00000006c242f680,0x00000006cac80000)
 Metaspace       used 41799K, capacity 42746K, committed 42968K, reserved 1087488K
  class space    used 4735K, capacity 5013K, committed 5120K, reserved 1048576K
}

Deoptimization events (10 events):
Event: 8.851 Thread 0x000001c072c9c800 Uncommon trap: reason=unstable_if action=reinterpret pc=0x000001c058638864 method=java.util.HashMap$HashIterator.<init>(Ljava/util/HashMap;)V @ 45
Event: 8.900 Thread 0x000001c072c9c800 Uncommon trap: reason=unstable_if action=reinterpret pc=0x000001c0582576fc method=sun.nio.cs.UTF_8$Decoder.decode([BII[C)I @ 30
Event: 8.900 Thread 0x000001c072c9c800 Uncommon trap: reason=unstable_if action=reinterpret pc=0x000001c058154440 method=java.lang.StringCoding.safeTrim([CILjava/nio/charset/Charset;Z)[C @ 3
Event: 8.906 Thread 0x000001c072c9c800 Uncommon trap: reason=unloaded action=reinterpret pc=0x000001c0585193d0 method=sun.misc.URLClassPath$FileLoader.getResource(Ljava/lang/String;Z)Lsun/misc/Resource; @ 142
Event: 8.932 Thread 0x000001c072c9c800 Uncommon trap: reason=bimorphic action=maybe_recompile pc=0x000001c05893e39c method=java.net.URLStreamHandler.parseURL(Ljava/net/URL;Ljava/lang/String;II)V @ 1189
Event: 8.943 Thread 0x000001c07681d000 Uncommon trap: reason=unstable_if action=reinterpret pc=0x000001c0580a3520 method=java.lang.StringCoding.safeTrim([CILjava/nio/charset/Charset;Z)[C @ 7
Event: 9.098 Thread 0x000001c07681d000 Uncommon trap: reason=class_check action=maybe_recompile pc=0x000001c058a039b8 method=java.util.regex.Pattern$Slice.match(Ljava/util/regex/Matcher;ILjava/lang/CharSequence;)Z @ 49
Event: 9.098 Thread 0x000001c07681d000 Uncommon trap: reason=class_check action=maybe_recompile pc=0x000001c058a039b8 method=java.util.regex.Pattern$Slice.match(Ljava/util/regex/Matcher;ILjava/lang/CharSequence;)Z @ 49
Event: 9.098 Thread 0x000001c07681d000 Uncommon trap: reason=class_check action=maybe_recompile pc=0x000001c058a039b8 method=java.util.regex.Pattern$Slice.match(Ljava/util/regex/Matcher;ILjava/lang/CharSequence;)Z @ 49
Event: 9.098 Thread 0x000001c07681d000 Uncommon trap: reason=class_check action=maybe_recompile pc=0x000001c058a039b8 method=java.util.regex.Pattern$Slice.match(Ljava/util/regex/Matcher;ILjava/lang/CharSequence;)Z @ 49

Classes redefined (0 events):
No events

Internal exceptions (10 events):
Event: 7.860 Thread 0x000001c072c9c800 Exception <a 'java/lang/ClassNotFoundException': javax/servlet/jsp/tagext/TagSupportBeanInfo> (0x000000076dcafaa8) thrown at [C:\jenkins\workspace\8-2-build-windows-amd64-cygwin\jdk8u261\295\hotspot\src\share\vm\classfile\systemDictionary.cpp, line 210]
Event: 7.861 Thread 0x000001c072c9c800 Exception <a 'java/lang/ClassNotFoundException': java/lang/ObjectBeanInfo> (0x000000076dcbcb70) thrown at [C:\jenkins\workspace\8-2-build-windows-amd64-cygwin\jdk8u261\295\hotspot\src\share\vm\classfile\systemDictionary.cpp, line 210]
Event: 7.862 Thread 0x000001c072c9c800 Exception <a 'java/lang/ClassNotFoundException': java/lang/ObjectCustomizer> (0x000000076dcc9ef8) thrown at [C:\jenkins\workspace\8-2-build-windows-amd64-cygwin\jdk8u261\295\hotspot\src\share\vm\classfile\systemDictionary.cpp, line 210]
Event: 7.863 Thread 0x000001c072c9c800 Exception <a 'java/lang/ClassNotFoundException': javax/servlet/jsp/tagext/TagSupportCustomizer> (0x000000076dce60e0) thrown at [C:\jenkins\workspace\8-2-build-windows-amd64-cygwin\jdk8u261\295\hotspot\src\share\vm\classfile\systemDictionary.cpp, line 210]
Event: 7.865 Thread 0x000001c072c9c800 Exception <a 'java/lang/ClassNotFoundException': javax/servlet/jsp/tagext/BodyTagSupportCustomizer> (0x000000076dd0b808) thrown at [C:\jenkins\workspace\8-2-build-windows-amd64-cygwin\jdk8u261\295\hotspot\src\share\vm\classfile\systemDictionary.cpp, line 
Event: 7.867 Thread 0x000001c072c9c800 Exception <a 'java/lang/ClassNotFoundException': org/apache/taglibs/standard/tag/common/core/RedirectSupportCustomizer> (0x000000076dd4d020) thrown at [C:\jenkins\workspace\8-2-build-windows-amd64-cygwin\jdk8u261\295\hotspot\src\share\vm\classfile\systemD
Event: 7.869 Thread 0x000001c072c9c800 Exception <a 'java/lang/ClassNotFoundException': org/apache/taglibs/standard/tag/rt/core/RedirectTagCustomizer> (0x000000076dd843b8) thrown at [C:\jenkins\workspace\8-2-build-windows-amd64-cygwin\jdk8u261\295\hotspot\src\share\vm\classfile\systemDictionar
Event: 8.567 Thread 0x000001c072c9c800 Exception <a 'java/lang/ArrayIndexOutOfBoundsException': 7316> (0x000000076d1fe328) thrown at [C:\jenkins\workspace\8-2-build-windows-amd64-cygwin\jdk8u261\295\hotspot\src\share\vm\interpreter\interpreterRuntime.cpp, line 368]
Event: 8.932 Thread 0x000001c072c9c800 Exception <a 'java/lang/ClassNotFoundException': org/apache/catalina/webresources/http/Handler> (0x000000076e1c7f98) thrown at [C:\jenkins\workspace\8-2-build-windows-amd64-cygwin\jdk8u261\295\hotspot\src\share\vm\classfile\systemDictionary.cpp, line 210]
Event: 9.021 Thread 0x000001c07681d000 Exception <a 'java/lang/reflect/InvocationTargetException'> (0x000000076e628510) thrown at [C:\jenkins\workspace\8-2-build-windows-amd64-cygwin\jdk8u261\295\hotspot\src\share\vm\runtime\reflection.cpp, line 1092]

Events (10 events):
Event: 9.107 Executing VM operation: RevokeBias
Event: 9.107 Executing VM operation: RevokeBias done
Event: 9.107 Executing VM operation: RevokeBias
Event: 9.107 Executing VM operation: RevokeBias done
Event: 9.108 Executing VM operation: RevokeBias
Event: 9.108 Executing VM operation: RevokeBias done
Event: 9.108 Executing VM operation: RevokeBias
Event: 9.108 Executing VM operation: RevokeBias done
Event: 9.108 Executing VM operation: RevokeBias
Event: 9.108 Executing VM operation: RevokeBias done


Dynamic libraries:
0x00007ff663b10000 - 0x00007ff663b57000 	C:\Program Files\Java\jdk1.8.0_261\bin\java.exe
0x00007ff9b0050000 - 0x00007ff9b0245000 	C:\WINDOWS\SYSTEM32\ntdll.dll
0x00007ff9ae0a0000 - 0x00007ff9ae15e000 	C:\WINDOWS\System32\KERNEL32.DLL
0x00007ff9ad960000 - 0x00007ff9adc28000 	C:\WINDOWS\System32\KERNELBASE.dll
0x00007ff9af300000 - 0x00007ff9af3ac000 	C:\WINDOWS\System32\ADVAPI32.dll
0x00007ff9af960000 - 0x00007ff9af9fe000 	C:\WINDOWS\System32\msvcrt.dll
0x00007ff9afe80000 - 0x00007ff9aff1b000 	C:\WINDOWS\System32\sechost.dll
0x00007ff9af0a0000 - 0x00007ff9af1ca000 	C:\WINDOWS\System32\RPCRT4.dll
0x00007ff9ae4f0000 - 0x00007ff9ae691000 	C:\WINDOWS\System32\USER32.dll
0x00007ff9adfd0000 - 0x00007ff9adff2000 	C:\WINDOWS\System32\win32u.dll
0x00007ff9ae160000 - 0x00007ff9ae18b000 	C:\WINDOWS\System32\GDI32.dll
0x00007ff9adc90000 - 0x00007ff9add9b000 	C:\WINDOWS\System32\gdi32full.dll
0x00007ff9ae000000 - 0x00007ff9ae09d000 	C:\WINDOWS\System32\msvcp_win.dll
0x00007ff9ade50000 - 0x00007ff9adf50000 	C:\WINDOWS\System32\ucrtbase.dll
0x00007ff99d790000 - 0x00007ff99da2a000 	C:\WINDOWS\WinSxS\amd64_microsoft.windows.common-controls_6595b64144ccf1df_6.0.19041.1110_none_60b5254171f9507e\COMCTL32.dll
0x00007ff9aefa0000 - 0x00007ff9aefd0000 	C:\WINDOWS\System32\IMM32.DLL
0x00007ff993770000 - 0x00007ff993785000 	C:\Program Files\Java\jdk1.8.0_261\jre\bin\vcruntime140.dll
0x00007ff98a460000 - 0x00007ff98a4fb000 	C:\Program Files\Java\jdk1.8.0_261\jre\bin\msvcp140.dll
0x000000006f480000 - 0x000000006fcec000 	C:\Program Files\Java\jdk1.8.0_261\jre\bin\server\jvm.dll
0x00007ff9af950000 - 0x00007ff9af958000 	C:\WINDOWS\System32\PSAPI.DLL
0x00007ff995730000 - 0x00007ff995757000 	C:\WINDOWS\SYSTEM32\WINMM.dll
0x00007ff9a8d00000 - 0x00007ff9a8d09000 	C:\WINDOWS\SYSTEM32\WSOCK32.dll
0x00007ff9a7770000 - 0x00007ff9a777a000 	C:\WINDOWS\SYSTEM32\VERSION.dll
0x00007ff9ae6a0000 - 0x00007ff9ae70b000 	C:\WINDOWS\System32\WS2_32.dll
0x00007ff9ab690000 - 0x00007ff9ab6a2000 	C:\WINDOWS\SYSTEM32\kernel.appcore.dll
0x00007ff9a5c20000 - 0x00007ff9a5c30000 	C:\Program Files\Java\jdk1.8.0_261\jre\bin\verify.dll
0x00007ff98ac20000 - 0x00007ff98ac4b000 	C:\Program Files\Java\jdk1.8.0_261\jre\bin\java.dll
0x00007ff98a5a0000 - 0x00007ff98a5b8000 	C:\Program Files\Java\jdk1.8.0_261\jre\bin\zip.dll
0x00007ff9ae800000 - 0x00007ff9aef3f000 	C:\WINDOWS\System32\SHELL32.dll
0x00007ff9ab890000 - 0x00007ff9ac020000 	C:\WINDOWS\SYSTEM32\windows.storage.dll
0x00007ff9af4e0000 - 0x00007ff9af835000 	C:\WINDOWS\System32\combase.dll
0x00007ff9ad0f0000 - 0x00007ff9ad11e000 	C:\WINDOWS\SYSTEM32\Wldp.dll
0x00007ff9aefd0000 - 0x00007ff9af07d000 	C:\WINDOWS\System32\SHCORE.dll
0x00007ff9af1d0000 - 0x00007ff9af225000 	C:\WINDOWS\System32\shlwapi.dll
0x00007ff9ad6b0000 - 0x00007ff9ad6cf000 	C:\WINDOWS\SYSTEM32\profapi.dll
0x00007ff9a9260000 - 0x00007ff9a926d000 	C:\Program Files\Java\jdk1.8.0_261\jre\bin\management.dll
0x00007ff98a580000 - 0x00007ff98a59c000 	C:\Program Files\Java\jdk1.8.0_261\jre\bin\net.dll
0x00007ff9ace50000 - 0x00007ff9aceba000 	C:\WINDOWS\system32\mswsock.dll
0x00007ff98a560000 - 0x00007ff98a573000 	C:\Program Files\Java\jdk1.8.0_261\jre\bin\nio.dll
0x00007ff9a0000000 - 0x00007ff9a0017000 	C:\WINDOWS\system32\napinsp.dll
0x00007ff99ffe0000 - 0x00007ff99fffb000 	C:\WINDOWS\system32\pnrpnsp.dll
0x00007ff99ffc0000 - 0x00007ff99ffd5000 	C:\WINDOWS\system32\wshbth.dll
0x00007ff9a9750000 - 0x00007ff9a976d000 	C:\WINDOWS\system32\NLAapi.dll
0x00007ff9acb40000 - 0x00007ff9acb7b000 	C:\WINDOWS\SYSTEM32\IPHLPAPI.DLL
0x00007ff9acb80000 - 0x00007ff9acc4b000 	C:\WINDOWS\SYSTEM32\DNSAPI.dll
0x00007ff9ae710000 - 0x00007ff9ae718000 	C:\WINDOWS\System32\NSI.dll
0x00007ff99ffa0000 - 0x00007ff99ffb2000 	C:\WINDOWS\System32\winrnr.dll
0x00007ff9a76f0000 - 0x00007ff9a76fa000 	C:\Windows\System32\rasadhlp.dll
0x00007ff9a3080000 - 0x00007ff9a30ff000 	C:\WINDOWS\System32\fwpuclnt.dll
0x00007ff9adfa0000 - 0x00007ff9adfc7000 	C:\WINDOWS\System32\bcrypt.dll
0x00007ff9ad040000 - 0x00007ff9ad058000 	C:\WINDOWS\SYSTEM32\CRYPTSP.dll
0x00007ff9ac7d0000 - 0x00007ff9ac804000 	C:\WINDOWS\system32\rsaenh.dll
0x00007ff9ad670000 - 0x00007ff9ad69e000 	C:\WINDOWS\SYSTEM32\USERENV.dll
0x00007ff9ad8d0000 - 0x00007ff9ad953000 	C:\WINDOWS\System32\bcryptprimitives.dll
0x00007ff9ad060000 - 0x00007ff9ad06c000 	C:\WINDOWS\SYSTEM32\CRYPTBASE.dll
0x00007ff9a79f0000 - 0x00007ff9a7a07000 	C:\WINDOWS\SYSTEM32\dhcpcsvc6.DLL
0x00007ff9a7cf0000 - 0x00007ff9a7d0d000 	C:\WINDOWS\SYSTEM32\dhcpcsvc.DLL
0x0000000180000000 - 0x0000000180286000 	D:\Artyom\JetBrains IntelliJ IDEA Ultimate 2020.1 x64\apache-tomcat-9.0.54\bin\tcnative-1.dll
0x00007ff9ad770000 - 0x00007ff9ad8c6000 	C:\WINDOWS\System32\CRYPT32.dll
0x00007ff9a5a80000 - 0x00007ff9a5aa4000 	C:\Program Files\Java\jdk1.8.0_261\jre\bin\sunec.dll
0x00007ff9a5bf0000 - 0x00007ff9a5bfd000 	C:\Program Files\Java\jdk1.8.0_261\jre\bin\sunmscapi.dll
0x00007ff9ad160000 - 0x00007ff9ad187000 	C:\WINDOWS\SYSTEM32\ncrypt.dll
0x00007ff9ad120000 - 0x00007ff9ad15b000 	C:\WINDOWS\SYSTEM32\NTASN1.dll
0x00007ff9a0530000 - 0x00007ff9a0714000 	C:\WINDOWS\SYSTEM32\dbghelp.dll

VM Arguments:
jvm_args: -Djava.util.logging.config.file=C:\Users\marti\AppData\Local\JetBrains\IntelliJIdea2020.1\tomcat\Unnamed_testFroms\conf\logging.properties -Djava.util.logging.manager=org.apache.juli.ClassLoaderLogManager -Dcom.sun.management.jmxremote= -Dcom.sun.management.jmxremote.port=1099 -Dcom.sun.management.jmxremote.ssl=false -Dcom.sun.management.jmxremote.password.file=C:\Users\marti\AppData\Local\JetBrains\IntelliJIdea2020.1\tomcat\Unnamed_testFroms\jmxremote.password -Dcom.sun.management.jmxremote.access.file=C:\Users\marti\AppData\Local\JetBrains\IntelliJIdea2020.1\tomcat\Unnamed_testFroms\jmxremote.access -Djava.rmi.server.hostname=127.0.0.1 -Djdk.tls.ephemeralDHKeySize=2048 -Djava.protocol.handler.pkgs=org.apache.catalina.webresources -Dignore.endorsed.dirs= -Dcatalina.base=C:\Users\marti\AppData\Local\JetBrains\IntelliJIdea2020.1\tomcat\Unnamed_testFroms -Dcatalina.home=D:\Artyom\JetBrains IntelliJ IDEA Ultimate 2020.1 x64\apache-tomcat-9.0.54 -Djava.io.tmpdir=D:\Artyom\JetBrains IntelliJ IDEA Ultimate 2020.1 x64\apache-tomcat-9.0.54\temp 
java_command: org.apache.catalina.startup.Bootstrap start
java_class_path (initial): D:\Artyom\JetBrains IntelliJ IDEA Ultimate 2020.1 x64\apache-tomcat-9.0.54\bin\bootstrap.jar;D:\Artyom\JetBrains IntelliJ IDEA Ultimate 2020.1 x64\apache-tomcat-9.0.54\bin\tomcat-juli.jar
Launcher Type: SUN_STANDARD

Environment Variables:
JAVA_HOME=C:\Program Files\Java\jdk1.8.0_261
JRE_HOME=C:\Program Files\Java\jdk1.8.0_261
CLASSPATH=D:\Artyom\JetBrains IntelliJ IDEA Ultimate 2020.1 x64\apache-tomcat-9.0.54\bin\bootstrap.jar;D:\Artyom\JetBrains IntelliJ IDEA Ultimate 2020.1 x64\apache-tomcat-9.0.54\bin\tomcat-juli.jar
PATH=C:\WINDOWS\system32;C:\WINDOWS;C:\WINDOWS\System32\Wbem;C:\WINDOWS\System32\WindowsPowerShell\v1.0\;C:\WINDOWS\System32\OpenSSH\;C:\Users\marti\.jdks\openjdk-15.0.2\bin;C:\Program Files\Microsoft SQL Server\Client SDK\ODBC\170\Tools\Binn\;C:\Program Files (x86)\Microsoft SQL Server\150\Tools\Binn\;C:\Program Files\Microsoft SQL Server\150\Tools\Binn\;C:\Program Files\Microsoft SQL Server\150\DTS\Binn\;C:\Program Files (x86)\Microsoft SQL Server\150\DTS\Binn\;C:\Program Files\Azure Data Studio\bin;C:\cygwin64\bin;D:\Artyom\Git\cmd;D:\Artyom\maven\apache-maven-3.8.2\bin;E:\apache-maven-3.8.3\bin;C:\Program Files\Java\jdk1.8.0_261\bin;E:\VS Code\Microsoft VS Code\bin;
USERNAME=marti
OS=Windows_NT
PROCESSOR_IDENTIFIER=AMD64 Family 21 Model 2 Stepping 0, AuthenticAMD



---------------  S Y S T E M  ---------------

OS: Windows 10.0 , 64 bit Build 19041 (10.0.19041.1348)

CPU:total 6 (initial active 6) (6 cores per cpu, 1 threads per core) family 21 model 2 stepping 0, cmov, cx8, fxsr, mmx, sse, sse2, sse3, ssse3, sse4.1, sse4.2, popcnt, avx, aes, clmul, mmxext, 3dnowpref, lzcnt, sse4a, tsc, tscinvbit, tscinv, bmi1

Memory: 4k page, physical 16758900k(6108420k free), swap 19773556k(6116k free)

vm_info: Java HotSpot(TM) 64-Bit Server VM (25.261-b12) for windows-amd64 JRE (1.8.0_261-b12), built on Jun 18 2020 06:56:32 by "" with unknown MS VC++:1916

time: Sun Dec 12 23:29:27 2021
timezone: Беларусь (зима)
elapsed time: 9 seconds (0d 0h 0m 9s)

