#
# There is insufficient memory for the Java Runtime Environment to continue.
# Native memory allocation (malloc) failed to allocate 936336 bytes for Chunk::new
# Possible reasons:
#   The system is out of physical RAM or swap space
#   The process is running with CompressedOops enabled, and the Java Heap may be blocking the growth of the native heap
# Possible solutions:
#   Reduce memory load on the system
#   Increase physical memory or swap space
#   Check if swap backing store is full
#   Decrease Java heap size (-Xmx/-Xms)
#   Decrease number of Java threads
#   Decrease Java thread stack sizes (-Xss)
#   Set larger code cache with -XX:ReservedCodeCacheSize=
#   JVM is running with Zero Based Compressed Oops mode in which the Java heap is
#     placed in the first 32GB address space. The Java Heap base address is the
#     maximum limit for the native heap growth. Please use -XX:HeapBaseMinAddress
#     to set the Java Heap base and to place the Java Heap above 32GB virtual address.
# This output file may be truncated or incomplete.
#
#  Out of Memory Error (./open/src/hotspot/share/memory/arena.cpp:195), pid=16916, tid=6240
#
# JRE version: OpenJDK Runtime Environment (15.0.2+7) (build 15.0.2+7-27)
# Java VM: OpenJDK 64-Bit Server VM (15.0.2+7-27, mixed mode, sharing, tiered, compressed oops, g1 gc, windows-amd64)
# No core dump will be written. Minidumps are not enabled by default on client versions of Windows
#

---------------  S U M M A R Y ------------

Command Line: --add-opens=java.base/java.lang=ALL-UNNAMED --add-opens=java.base/java.io=ALL-UNNAMED --add-opens=java.base/java.util=ALL-UNNAMED --add-opens=java.base/java.util.concurrent=ALL-UNNAMED --add-opens=java.rmi/sun.rmi.transport=ALL-UNNAMED -Djava.util.logging.config.file=C:\Users\marti\AppData\Local\JetBrains\IntelliJIdea2020.1\tomcat\Unnamed_lab11\conf\logging.properties -Djava.util.logging.manager=org.apache.juli.ClassLoaderLogManager -Dcom.sun.management.jmxremote= -Dcom.sun.management.jmxremote.port=1099 -Dcom.sun.management.jmxremote.ssl=false -Dcom.sun.management.jmxremote.password.file=C:\Users\marti\AppData\Local\JetBrains\IntelliJIdea2020.1\tomcat\Unnamed_lab11\jmxremote.password -Dcom.sun.management.jmxremote.access.file=C:\Users\marti\AppData\Local\JetBrains\IntelliJIdea2020.1\tomcat\Unnamed_lab11\jmxremote.access -Djava.rmi.server.hostname=127.0.0.1 -Djdk.tls.ephemeralDHKeySize=2048 -Djava.protocol.handler.pkgs=org.apache.catalina.webresources -Dignore.endorsed.dirs= -Dcatalina.base=C:\Users\marti\AppData\Local\JetBrains\IntelliJIdea2020.1\tomcat\Unnamed_lab11 -Dcatalina.home=D:\Artyom\JetBrains IntelliJ IDEA Ultimate 2020.1 x64\apache-tomcat-9.0.54 -Djava.io.tmpdir=D:\Artyom\JetBrains IntelliJ IDEA Ultimate 2020.1 x64\apache-tomcat-9.0.54\temp org.apache.catalina.startup.Bootstrap start

Host: AMD FX(tm)-6300 Six-Core Processor             , 6 cores, 15G,  Windows 10 , 64 bit Build 19041 (10.0.19041.1503)
Time: Sat Feb 19 16:20:24 2022 Беларусь (зима) elapsed time: 1.835795 seconds (0d 0h 0m 1s)

---------------  T H R E A D  ---------------

Current thread (0x00000197b1b31e70):  JavaThread "C2 CompilerThread0" daemon [_thread_in_native, id=6240, stack(0x0000003922d00000,0x0000003922e00000)]


Current CompileTask:
C2:   1835 2205       4       jdk.internal.module.SystemModuleFinders$SystemModuleReader::findImageLocation (42 bytes)

Stack: [0x0000003922d00000,0x0000003922e00000]
Native frames: (J=compiled Java code, j=interpreted, Vv=VM code, C=native code)
V  [jvm.dll+0x62ae9a]
V  [jvm.dll+0x7817a9]
V  [jvm.dll+0x782f03]
V  [jvm.dll+0x783563]
V  [jvm.dll+0x216325]
V  [jvm.dll+0x97f3a]
V  [jvm.dll+0x9861c]
V  [jvm.dll+0x32e2a8]
V  [jvm.dll+0x2f768a]
V  [jvm.dll+0x2f6a4a]
V  [jvm.dll+0x1ea705]
V  [jvm.dll+0x1e996e]
V  [jvm.dll+0x178567]
V  [jvm.dll+0x1f9225]
V  [jvm.dll+0x1f72cc]
V  [jvm.dll+0x74495d]
V  [jvm.dll+0x73d75a]
V  [jvm.dll+0x629c56]
C  [ucrtbase.dll+0x21bb2]
C  [KERNEL32.DLL+0x17034]
C  [ntdll.dll+0x52651]


---------------  P R O C E S S  ---------------

Threads class SMR info:
_java_thread_list=0x00000197b361e050, length=25, elements={
0x000001978de8af20, 0x00000197b11fb2e0, 0x00000197b11fd570, 0x00000197b1b2af70,
0x00000197b1b2b910, 0x00000197b1b2a100, 0x00000197b1b31e70, 0x00000197b1b3f7d0,
0x00000197b1b359a0, 0x00000197b1b28dc0, 0x00000197b1b28420, 0x00000197b1b288f0,
0x00000197b1b29290, 0x00000197b1b29760, 0x00000197b1b29c30, 0x00000197b1b2a5d0,
0x00000197b1b2b440, 0x00000197b1b2aaa0, 0x00000197b1b27f50, 0x00000197b2f17120,
0x00000197b2f1aae0, 0x00000197b2f192d0, 0x00000197b2f1b480, 0x00000197b2f197a0,
0x00000197b2eb4f90
}

Java Threads: ( => current thread )
  0x000001978de8af20 JavaThread "main" [_thread_in_native, id=8200, stack(0x0000003922100000,0x0000003922200000)]
  0x00000197b11fb2e0 JavaThread "Reference Handler" daemon [_thread_blocked, id=13920, stack(0x0000003922800000,0x0000003922900000)]
  0x00000197b11fd570 JavaThread "Finalizer" daemon [_thread_blocked, id=19680, stack(0x0000003922900000,0x0000003922a00000)]
  0x00000197b1b2af70 JavaThread "Signal Dispatcher" daemon [_thread_blocked, id=21224, stack(0x0000003922a00000,0x0000003922b00000)]
  0x00000197b1b2b910 JavaThread "Attach Listener" daemon [_thread_blocked, id=6380, stack(0x0000003922b00000,0x0000003922c00000)]
  0x00000197b1b2a100 JavaThread "Service Thread" daemon [_thread_blocked, id=6088, stack(0x0000003922c00000,0x0000003922d00000)]
=>0x00000197b1b31e70 JavaThread "C2 CompilerThread0" daemon [_thread_in_native, id=6240, stack(0x0000003922d00000,0x0000003922e00000)]
  0x00000197b1b3f7d0 JavaThread "C1 CompilerThread0" daemon [_thread_blocked, id=17476, stack(0x0000003922e00000,0x0000003922f00000)]
  0x00000197b1b359a0 JavaThread "Sweeper thread" daemon [_thread_blocked, id=584, stack(0x0000003922f00000,0x0000003923000000)]
  0x00000197b1b28dc0 JavaThread "Common-Cleaner" daemon [_thread_blocked, id=15384, stack(0x0000003923000000,0x0000003923100000)]
  0x00000197b1b28420 JavaThread "Notification Thread" daemon [_thread_blocked, id=7844, stack(0x0000003923100000,0x0000003923200000)]
  0x00000197b1b288f0 JavaThread "AsyncFileHandlerWriter-939047783" daemon [_thread_blocked, id=21532, stack(0x0000003923200000,0x0000003923300000)]
  0x00000197b1b29290 JavaThread "FileHandlerLogFilesCleaner-1" daemon [_thread_blocked, id=2472, stack(0x0000003923300000,0x0000003923400000)]
  0x00000197b1b29760 JavaThread "RMI TCP Accept-0" daemon [_thread_in_native, id=11528, stack(0x0000003923500000,0x0000003923600000)]
  0x00000197b1b29c30 JavaThread "RMI TCP Accept-1099" daemon [_thread_in_native, id=12488, stack(0x0000003923600000,0x0000003923700000)]
  0x00000197b1b2a5d0 JavaThread "RMI TCP Accept-0" daemon [_thread_in_native, id=20620, stack(0x0000003923700000,0x0000003923800000)]
  0x00000197b1b2b440 JavaThread "RMI TCP Connection(3)-127.0.0.1" daemon [_thread_in_Java, id=11280, stack(0x0000003923e00000,0x0000003923f00000)]
  0x00000197b1b2aaa0 JavaThread "RMI TCP Connection(2)-127.0.0.1" daemon [_thread_in_native, id=12408, stack(0x0000003923f00000,0x0000003924000000)]
  0x00000197b1b27f50 JavaThread "RMI Scheduler(0)" daemon [_thread_blocked, id=14440, stack(0x0000003924000000,0x0000003924100000)]
  0x00000197b2f17120 JavaThread "Catalina-utility-1" [_thread_blocked, id=20496, stack(0x0000003924100000,0x0000003924200000)]
  0x00000197b2f1aae0 JavaThread "Catalina-utility-2" [_thread_blocked, id=3204, stack(0x0000003924200000,0x0000003924300000)]
  0x00000197b2f192d0 JavaThread "http-nio-8080-Poller" daemon [_thread_in_native, id=17392, stack(0x0000003924300000,0x0000003924400000)]
  0x00000197b2f1b480 JavaThread "http-nio-8080-Acceptor" daemon [_thread_in_native, id=1556, stack(0x0000003924400000,0x0000003924500000)]
  0x00000197b2f197a0 JavaThread "JMX server connection timeout 31" daemon [_thread_blocked, id=2000, stack(0x0000003923400000,0x0000003923500000)]
  0x00000197b2eb4f90 JavaThread "C2 CompilerThread1" daemon [_thread_in_native, id=12804, stack(0x0000003924500000,0x0000003924600000)]

Other Threads:
  0x00000197b11f6390 VMThread "VM Thread" [stack: 0x0000003922700000,0x0000003922800000] [id=20144]
  0x00000197b209a2c0 WatcherThread [stack: 0x0000003923800000,0x0000003923900000] [id=16908]
  0x000001978ded9150 GCTaskThread "GC Thread#0" [stack: 0x0000003922200000,0x0000003922300000] [id=15452]
  0x00000197b24041c0 GCTaskThread "GC Thread#1" [stack: 0x0000003923900000,0x0000003923a00000] [id=21556]
  0x00000197b24051b0 GCTaskThread "GC Thread#2" [stack: 0x0000003923a00000,0x0000003923b00000] [id=22172]
  0x00000197b2405e70 GCTaskThread "GC Thread#3" [stack: 0x0000003923b00000,0x0000003923c00000] [id=21128]
  0x00000197b2404e80 GCTaskThread "GC Thread#4" [stack: 0x0000003923c00000,0x0000003923d00000] [id=18636]
  0x00000197b24064d0 GCTaskThread "GC Thread#5" [stack: 0x0000003923d00000,0x0000003923e00000] [id=4320]
  0x000001978deea170 ConcurrentGCThread "G1 Main Marker" [stack: 0x0000003922300000,0x0000003922400000] [id=19956]
  0x000001978deeb410 ConcurrentGCThread "G1 Conc#0" [stack: 0x0000003922400000,0x0000003922500000] [id=13168]
  0x000001978df57b30 ConcurrentGCThread "G1 Refine#0" [stack: 0x0000003922500000,0x0000003922600000] [id=9488]
  0x000001978df58640 ConcurrentGCThread "G1 Young RemSet Sampling" [stack: 0x0000003922600000,0x0000003922700000] [id=21680]

Threads with active compile tasks:
C2 CompilerThread0     2022 2205       4       jdk.internal.module.SystemModuleFinders$SystemModuleReader::findImageLocation (42 bytes)
C2 CompilerThread1     2022 2307       4       java.io.DataInputStream::readUTF (501 bytes)

VM state: not at safepoint (normal execution)

VM Mutex/Monitor currently owned by a thread: None

Heap address: 0x0000000700400000, size: 4092 MB, Compressed Oops mode: Zero based, Oop shift amount: 3
CDS archive(s) mapped at: [0x0000000800000000-0x0000000800b50000-0x0000000800b50000), size 11862016, SharedBaseAddress: 0x0000000800000000, ArchiveRelocationMode: 0.
Compressed class space mapped at: 0x0000000800b50000-0x0000000840b50000, size: 1073741824
Narrow klass base: 0x0000000800000000, Narrow klass shift: 3, Narrow klass range: 0x100000000

GC Precious Log:
 CPUs: 6 total, 6 available
 Memory: 16366M
 Large Page Support: Disabled
 NUMA Support: Disabled
 Compressed Oops: Enabled (Zero based)
 Heap Region Size: 2M
 Heap Min Capacity: 8M
 Heap Initial Capacity: 256M
 Heap Max Capacity: 4092M
 Pre-touch: Disabled
 Parallel Workers: 6
 Concurrent Workers: 2
 Concurrent Refinement Workers: 6
 Periodic GC: Disabled

Heap:
 garbage-first heap   total 262144K, used 37394K [0x0000000700400000, 0x0000000800000000)
  region size 2048K, 18 young (36864K), 1 survivors (2048K)
 Metaspace       used 14289K, capacity 14696K, committed 14848K, reserved 1062912K
  class space    used 1501K, capacity 1672K, committed 1792K, reserved 1048576K

Heap Regions: E=young(eden), S=young(survivor), O=old, HS=humongous(starts), HC=humongous(continues), CS=collection set, F=free, OA=open archive, CA=closed archive, TAMS=top-at-mark-start (previous, next)
|   0|0x0000000700400000, 0x0000000700600000, 0x0000000700600000|100%| O|  |TAMS 0x0000000700400000, 0x0000000700400000| Untracked 
|   1|0x0000000700600000, 0x0000000700800000, 0x0000000700800000|100%| O|  |TAMS 0x0000000700600000, 0x0000000700600000| Untracked 
|   2|0x0000000700800000, 0x0000000700884a00, 0x0000000700a00000| 25%| O|  |TAMS 0x0000000700800000, 0x0000000700800000| Untracked 
|   3|0x0000000700a00000, 0x0000000700a00000, 0x0000000700c00000|  0%| F|  |TAMS 0x0000000700a00000, 0x0000000700a00000| Untracked 
|   4|0x0000000700c00000, 0x0000000700c00000, 0x0000000700e00000|  0%| F|  |TAMS 0x0000000700c00000, 0x0000000700c00000| Untracked 
|   5|0x0000000700e00000, 0x0000000700e00000, 0x0000000701000000|  0%| F|  |TAMS 0x0000000700e00000, 0x0000000700e00000| Untracked 
|   6|0x0000000701000000, 0x0000000701000000, 0x0000000701200000|  0%| F|  |TAMS 0x0000000701000000, 0x0000000701000000| Untracked 
|   7|0x0000000701200000, 0x0000000701200000, 0x0000000701400000|  0%| F|  |TAMS 0x0000000701200000, 0x0000000701200000| Untracked 
|   8|0x0000000701400000, 0x0000000701400000, 0x0000000701600000|  0%| F|  |TAMS 0x0000000701400000, 0x0000000701400000| Untracked 
|   9|0x0000000701600000, 0x0000000701600000, 0x0000000701800000|  0%| F|  |TAMS 0x0000000701600000, 0x0000000701600000| Untracked 
|  10|0x0000000701800000, 0x0000000701800000, 0x0000000701a00000|  0%| F|  |TAMS 0x0000000701800000, 0x0000000701800000| Untracked 
|  11|0x0000000701a00000, 0x0000000701a00000, 0x0000000701c00000|  0%| F|  |TAMS 0x0000000701a00000, 0x0000000701a00000| Untracked 
|  12|0x0000000701c00000, 0x0000000701c00000, 0x0000000701e00000|  0%| F|  |TAMS 0x0000000701c00000, 0x0000000701c00000| Untracked 
|  13|0x0000000701e00000, 0x0000000701e00000, 0x0000000702000000|  0%| F|  |TAMS 0x0000000701e00000, 0x0000000701e00000| Untracked 
|  14|0x0000000702000000, 0x0000000702000000, 0x0000000702200000|  0%| F|  |TAMS 0x0000000702000000, 0x0000000702000000| Untracked 
|  15|0x0000000702200000, 0x0000000702200000, 0x0000000702400000|  0%| F|  |TAMS 0x0000000702200000, 0x0000000702200000| Untracked 
|  16|0x0000000702400000, 0x0000000702400000, 0x0000000702600000|  0%| F|  |TAMS 0x0000000702400000, 0x0000000702400000| Untracked 
|  17|0x0000000702600000, 0x0000000702600000, 0x0000000702800000|  0%| F|  |TAMS 0x0000000702600000, 0x0000000702600000| Untracked 
|  18|0x0000000702800000, 0x0000000702800000, 0x0000000702a00000|  0%| F|  |TAMS 0x0000000702800000, 0x0000000702800000| Untracked 
|  19|0x0000000702a00000, 0x0000000702a00000, 0x0000000702c00000|  0%| F|  |TAMS 0x0000000702a00000, 0x0000000702a00000| Untracked 
|  20|0x0000000702c00000, 0x0000000702c00000, 0x0000000702e00000|  0%| F|  |TAMS 0x0000000702c00000, 0x0000000702c00000| Untracked 
|  21|0x0000000702e00000, 0x0000000702e00000, 0x0000000703000000|  0%| F|  |TAMS 0x0000000702e00000, 0x0000000702e00000| Untracked 
|  22|0x0000000703000000, 0x0000000703000000, 0x0000000703200000|  0%| F|  |TAMS 0x0000000703000000, 0x0000000703000000| Untracked 
|  23|0x0000000703200000, 0x0000000703200000, 0x0000000703400000|  0%| F|  |TAMS 0x0000000703200000, 0x0000000703200000| Untracked 
|  24|0x0000000703400000, 0x0000000703400000, 0x0000000703600000|  0%| F|  |TAMS 0x0000000703400000, 0x0000000703400000| Untracked 
|  25|0x0000000703600000, 0x0000000703600000, 0x0000000703800000|  0%| F|  |TAMS 0x0000000703600000, 0x0000000703600000| Untracked 
|  26|0x0000000703800000, 0x0000000703800000, 0x0000000703a00000|  0%| F|  |TAMS 0x0000000703800000, 0x0000000703800000| Untracked 
|  27|0x0000000703a00000, 0x0000000703a00000, 0x0000000703c00000|  0%| F|  |TAMS 0x0000000703a00000, 0x0000000703a00000| Untracked 
|  28|0x0000000703c00000, 0x0000000703c00000, 0x0000000703e00000|  0%| F|  |TAMS 0x0000000703c00000, 0x0000000703c00000| Untracked 
|  29|0x0000000703e00000, 0x0000000703e00000, 0x0000000704000000|  0%| F|  |TAMS 0x0000000703e00000, 0x0000000703e00000| Untracked 
|  30|0x0000000704000000, 0x0000000704000000, 0x0000000704200000|  0%| F|  |TAMS 0x0000000704000000, 0x0000000704000000| Untracked 
|  31|0x0000000704200000, 0x0000000704200000, 0x0000000704400000|  0%| F|  |TAMS 0x0000000704200000, 0x0000000704200000| Untracked 
|  32|0x0000000704400000, 0x0000000704400000, 0x0000000704600000|  0%| F|  |TAMS 0x0000000704400000, 0x0000000704400000| Untracked 
|  33|0x0000000704600000, 0x0000000704600000, 0x0000000704800000|  0%| F|  |TAMS 0x0000000704600000, 0x0000000704600000| Untracked 
|  34|0x0000000704800000, 0x0000000704800000, 0x0000000704a00000|  0%| F|  |TAMS 0x0000000704800000, 0x0000000704800000| Untracked 
|  35|0x0000000704a00000, 0x0000000704a00000, 0x0000000704c00000|  0%| F|  |TAMS 0x0000000704a00000, 0x0000000704a00000| Untracked 
|  36|0x0000000704c00000, 0x0000000704c00000, 0x0000000704e00000|  0%| F|  |TAMS 0x0000000704c00000, 0x0000000704c00000| Untracked 
|  37|0x0000000704e00000, 0x0000000704e00000, 0x0000000705000000|  0%| F|  |TAMS 0x0000000704e00000, 0x0000000704e00000| Untracked 
|  38|0x0000000705000000, 0x0000000705000000, 0x0000000705200000|  0%| F|  |TAMS 0x0000000705000000, 0x0000000705000000| Untracked 
|  39|0x0000000705200000, 0x0000000705200000, 0x0000000705400000|  0%| F|  |TAMS 0x0000000705200000, 0x0000000705200000| Untracked 
|  40|0x0000000705400000, 0x0000000705400000, 0x0000000705600000|  0%| F|  |TAMS 0x0000000705400000, 0x0000000705400000| Untracked 
|  41|0x0000000705600000, 0x0000000705600000, 0x0000000705800000|  0%| F|  |TAMS 0x0000000705600000, 0x0000000705600000| Untracked 
|  42|0x0000000705800000, 0x0000000705800000, 0x0000000705a00000|  0%| F|  |TAMS 0x0000000705800000, 0x0000000705800000| Untracked 
|  43|0x0000000705a00000, 0x0000000705a00000, 0x0000000705c00000|  0%| F|  |TAMS 0x0000000705a00000, 0x0000000705a00000| Untracked 
|  44|0x0000000705c00000, 0x0000000705c00000, 0x0000000705e00000|  0%| F|  |TAMS 0x0000000705c00000, 0x0000000705c00000| Untracked 
|  45|0x0000000705e00000, 0x0000000705e00000, 0x0000000706000000|  0%| F|  |TAMS 0x0000000705e00000, 0x0000000705e00000| Untracked 
|  46|0x0000000706000000, 0x0000000706000000, 0x0000000706200000|  0%| F|  |TAMS 0x0000000706000000, 0x0000000706000000| Untracked 
|  47|0x0000000706200000, 0x0000000706200000, 0x0000000706400000|  0%| F|  |TAMS 0x0000000706200000, 0x0000000706200000| Untracked 
|  48|0x0000000706400000, 0x0000000706400000, 0x0000000706600000|  0%| F|  |TAMS 0x0000000706400000, 0x0000000706400000| Untracked 
|  49|0x0000000706600000, 0x0000000706600000, 0x0000000706800000|  0%| F|  |TAMS 0x0000000706600000, 0x0000000706600000| Untracked 
|  50|0x0000000706800000, 0x0000000706800000, 0x0000000706a00000|  0%| F|  |TAMS 0x0000000706800000, 0x0000000706800000| Untracked 
|  51|0x0000000706a00000, 0x0000000706a00000, 0x0000000706c00000|  0%| F|  |TAMS 0x0000000706a00000, 0x0000000706a00000| Untracked 
|  52|0x0000000706c00000, 0x0000000706c00000, 0x0000000706e00000|  0%| F|  |TAMS 0x0000000706c00000, 0x0000000706c00000| Untracked 
|  53|0x0000000706e00000, 0x0000000706e00000, 0x0000000707000000|  0%| F|  |TAMS 0x0000000706e00000, 0x0000000706e00000| Untracked 
|  54|0x0000000707000000, 0x0000000707000000, 0x0000000707200000|  0%| F|  |TAMS 0x0000000707000000, 0x0000000707000000| Untracked 
|  55|0x0000000707200000, 0x0000000707200000, 0x0000000707400000|  0%| F|  |TAMS 0x0000000707200000, 0x0000000707200000| Untracked 
|  56|0x0000000707400000, 0x0000000707400000, 0x0000000707600000|  0%| F|  |TAMS 0x0000000707400000, 0x0000000707400000| Untracked 
|  57|0x0000000707600000, 0x0000000707600000, 0x0000000707800000|  0%| F|  |TAMS 0x0000000707600000, 0x0000000707600000| Untracked 
|  58|0x0000000707800000, 0x0000000707800000, 0x0000000707a00000|  0%| F|  |TAMS 0x0000000707800000, 0x0000000707800000| Untracked 
|  59|0x0000000707a00000, 0x0000000707a00000, 0x0000000707c00000|  0%| F|  |TAMS 0x0000000707a00000, 0x0000000707a00000| Untracked 
|  60|0x0000000707c00000, 0x0000000707c00000, 0x0000000707e00000|  0%| F|  |TAMS 0x0000000707c00000, 0x0000000707c00000| Untracked 
|  61|0x0000000707e00000, 0x0000000707e00000, 0x0000000708000000|  0%| F|  |TAMS 0x0000000707e00000, 0x0000000707e00000| Untracked 
|  62|0x0000000708000000, 0x0000000708000000, 0x0000000708200000|  0%| F|  |TAMS 0x0000000708000000, 0x0000000708000000| Untracked 
|  63|0x0000000708200000, 0x0000000708200000, 0x0000000708400000|  0%| F|  |TAMS 0x0000000708200000, 0x0000000708200000| Untracked 
|  64|0x0000000708400000, 0x0000000708400000, 0x0000000708600000|  0%| F|  |TAMS 0x0000000708400000, 0x0000000708400000| Untracked 
|  65|0x0000000708600000, 0x0000000708600000, 0x0000000708800000|  0%| F|  |TAMS 0x0000000708600000, 0x0000000708600000| Untracked 
|  66|0x0000000708800000, 0x0000000708800000, 0x0000000708a00000|  0%| F|  |TAMS 0x0000000708800000, 0x0000000708800000| Untracked 
|  67|0x0000000708a00000, 0x0000000708a00000, 0x0000000708c00000|  0%| F|  |TAMS 0x0000000708a00000, 0x0000000708a00000| Untracked 
|  68|0x0000000708c00000, 0x0000000708c00000, 0x0000000708e00000|  0%| F|  |TAMS 0x0000000708c00000, 0x0000000708c00000| Untracked 
|  69|0x0000000708e00000, 0x0000000708e00000, 0x0000000709000000|  0%| F|  |TAMS 0x0000000708e00000, 0x0000000708e00000| Untracked 
|  70|0x0000000709000000, 0x0000000709000000, 0x0000000709200000|  0%| F|  |TAMS 0x0000000709000000, 0x0000000709000000| Untracked 
|  71|0x0000000709200000, 0x0000000709200000, 0x0000000709400000|  0%| F|  |TAMS 0x0000000709200000, 0x0000000709200000| Untracked 
|  72|0x0000000709400000, 0x0000000709400000, 0x0000000709600000|  0%| F|  |TAMS 0x0000000709400000, 0x0000000709400000| Untracked 
|  73|0x0000000709600000, 0x0000000709600000, 0x0000000709800000|  0%| F|  |TAMS 0x0000000709600000, 0x0000000709600000| Untracked 
|  74|0x0000000709800000, 0x0000000709800000, 0x0000000709a00000|  0%| F|  |TAMS 0x0000000709800000, 0x0000000709800000| Untracked 
|  75|0x0000000709a00000, 0x0000000709a00000, 0x0000000709c00000|  0%| F|  |TAMS 0x0000000709a00000, 0x0000000709a00000| Untracked 
|  76|0x0000000709c00000, 0x0000000709c00000, 0x0000000709e00000|  0%| F|  |TAMS 0x0000000709c00000, 0x0000000709c00000| Untracked 
|  77|0x0000000709e00000, 0x0000000709e00000, 0x000000070a000000|  0%| F|  |TAMS 0x0000000709e00000, 0x0000000709e00000| Untracked 
|  78|0x000000070a000000, 0x000000070a000000, 0x000000070a200000|  0%| F|  |TAMS 0x000000070a000000, 0x000000070a000000| Untracked 
|  79|0x000000070a200000, 0x000000070a200000, 0x000000070a400000|  0%| F|  |TAMS 0x000000070a200000, 0x000000070a200000| Untracked 
|  80|0x000000070a400000, 0x000000070a400000, 0x000000070a600000|  0%| F|  |TAMS 0x000000070a400000, 0x000000070a400000| Untracked 
|  81|0x000000070a600000, 0x000000070a600000, 0x000000070a800000|  0%| F|  |TAMS 0x000000070a600000, 0x000000070a600000| Untracked 
|  82|0x000000070a800000, 0x000000070a800000, 0x000000070aa00000|  0%| F|  |TAMS 0x000000070a800000, 0x000000070a800000| Untracked 
|  83|0x000000070aa00000, 0x000000070aa00000, 0x000000070ac00000|  0%| F|  |TAMS 0x000000070aa00000, 0x000000070aa00000| Untracked 
|  84|0x000000070ac00000, 0x000000070ac00000, 0x000000070ae00000|  0%| F|  |TAMS 0x000000070ac00000, 0x000000070ac00000| Untracked 
|  85|0x000000070ae00000, 0x000000070ae00000, 0x000000070b000000|  0%| F|  |TAMS 0x000000070ae00000, 0x000000070ae00000| Untracked 
|  86|0x000000070b000000, 0x000000070b000000, 0x000000070b200000|  0%| F|  |TAMS 0x000000070b000000, 0x000000070b000000| Untracked 
|  87|0x000000070b200000, 0x000000070b200000, 0x000000070b400000|  0%| F|  |TAMS 0x000000070b200000, 0x000000070b200000| Untracked 
|  88|0x000000070b400000, 0x000000070b400000, 0x000000070b600000|  0%| F|  |TAMS 0x000000070b400000, 0x000000070b400000| Untracked 
|  89|0x000000070b600000, 0x000000070b600000, 0x000000070b800000|  0%| F|  |TAMS 0x000000070b600000, 0x000000070b600000| Untracked 
|  90|0x000000070b800000, 0x000000070b800000, 0x000000070ba00000|  0%| F|  |TAMS 0x000000070b800000, 0x000000070b800000| Untracked 
|  91|0x000000070ba00000, 0x000000070ba00000, 0x000000070bc00000|  0%| F|  |TAMS 0x000000070ba00000, 0x000000070ba00000| Untracked 
|  92|0x000000070bc00000, 0x000000070bc00000, 0x000000070be00000|  0%| F|  |TAMS 0x000000070bc00000, 0x000000070bc00000| Untracked 
|  93|0x000000070be00000, 0x000000070be00000, 0x000000070c000000|  0%| F|  |TAMS 0x000000070be00000, 0x000000070be00000| Untracked 
|  94|0x000000070c000000, 0x000000070c000000, 0x000000070c200000|  0%| F|  |TAMS 0x000000070c000000, 0x000000070c000000| Untracked 
|  95|0x000000070c200000, 0x000000070c200000, 0x000000070c400000|  0%| F|  |TAMS 0x000000070c200000, 0x000000070c200000| Untracked 
|  96|0x000000070c400000, 0x000000070c400000, 0x000000070c600000|  0%| F|  |TAMS 0x000000070c400000, 0x000000070c400000| Untracked 
|  97|0x000000070c600000, 0x000000070c600000, 0x000000070c800000|  0%| F|  |TAMS 0x000000070c600000, 0x000000070c600000| Untracked 
|  98|0x000000070c800000, 0x000000070c800000, 0x000000070ca00000|  0%| F|  |TAMS 0x000000070c800000, 0x000000070c800000| Untracked 
|  99|0x000000070ca00000, 0x000000070ca00000, 0x000000070cc00000|  0%| F|  |TAMS 0x000000070ca00000, 0x000000070ca00000| Untracked 
| 100|0x000000070cc00000, 0x000000070cc00000, 0x000000070ce00000|  0%| F|  |TAMS 0x000000070cc00000, 0x000000070cc00000| Untracked 
| 101|0x000000070ce00000, 0x000000070ce00000, 0x000000070d000000|  0%| F|  |TAMS 0x000000070ce00000, 0x000000070ce00000| Untracked 
| 102|0x000000070d000000, 0x000000070d000000, 0x000000070d200000|  0%| F|  |TAMS 0x000000070d000000, 0x000000070d000000| Untracked 
| 103|0x000000070d200000, 0x000000070d200000, 0x000000070d400000|  0%| F|  |TAMS 0x000000070d200000, 0x000000070d200000| Untracked 
| 104|0x000000070d400000, 0x000000070d400000, 0x000000070d600000|  0%| F|  |TAMS 0x000000070d400000, 0x000000070d400000| Untracked 
| 105|0x000000070d600000, 0x000000070d600000, 0x000000070d800000|  0%| F|  |TAMS 0x000000070d600000, 0x000000070d600000| Untracked 
| 106|0x000000070d800000, 0x000000070d800000, 0x000000070da00000|  0%| F|  |TAMS 0x000000070d800000, 0x000000070d800000| Untracked 
| 107|0x000000070da00000, 0x000000070da00000, 0x000000070dc00000|  0%| F|  |TAMS 0x000000070da00000, 0x000000070da00000| Untracked 
| 108|0x000000070dc00000, 0x000000070dc00000, 0x000000070de00000|  0%| F|  |TAMS 0x000000070dc00000, 0x000000070dc00000| Untracked 
| 109|0x000000070de00000, 0x000000070de00000, 0x000000070e000000|  0%| F|  |TAMS 0x000000070de00000, 0x000000070de00000| Untracked 
| 110|0x000000070e000000, 0x000000070e0eec40, 0x000000070e200000| 46%| E|  |TAMS 0x000000070e000000, 0x000000070e000000| Complete 
| 111|0x000000070e200000, 0x000000070e400000, 0x000000070e400000|100%| E|CS|TAMS 0x000000070e200000, 0x000000070e200000| Complete 
| 112|0x000000070e400000, 0x000000070e600000, 0x000000070e600000|100%| E|CS|TAMS 0x000000070e400000, 0x000000070e400000| Complete 
| 113|0x000000070e600000, 0x000000070e800000, 0x000000070e800000|100%| E|CS|TAMS 0x000000070e600000, 0x000000070e600000| Complete 
| 114|0x000000070e800000, 0x000000070ea00000, 0x000000070ea00000|100%| E|CS|TAMS 0x000000070e800000, 0x000000070e800000| Complete 
| 115|0x000000070ea00000, 0x000000070ec00000, 0x000000070ec00000|100%| S|CS|TAMS 0x000000070ea00000, 0x000000070ea00000| Complete 
| 116|0x000000070ec00000, 0x000000070ee00000, 0x000000070ee00000|100%| E|CS|TAMS 0x000000070ec00000, 0x000000070ec00000| Complete 
| 117|0x000000070ee00000, 0x000000070f000000, 0x000000070f000000|100%| E|  |TAMS 0x000000070ee00000, 0x000000070ee00000| Complete 
| 118|0x000000070f000000, 0x000000070f200000, 0x000000070f200000|100%| E|CS|TAMS 0x000000070f000000, 0x000000070f000000| Complete 
| 119|0x000000070f200000, 0x000000070f400000, 0x000000070f400000|100%| E|CS|TAMS 0x000000070f200000, 0x000000070f200000| Complete 
| 120|0x000000070f400000, 0x000000070f600000, 0x000000070f600000|100%| E|CS|TAMS 0x000000070f400000, 0x000000070f400000| Complete 
| 121|0x000000070f600000, 0x000000070f800000, 0x000000070f800000|100%| E|CS|TAMS 0x000000070f600000, 0x000000070f600000| Complete 
| 122|0x000000070f800000, 0x000000070fa00000, 0x000000070fa00000|100%| E|CS|TAMS 0x000000070f800000, 0x000000070f800000| Complete 
| 123|0x000000070fa00000, 0x000000070fc00000, 0x000000070fc00000|100%| E|CS|TAMS 0x000000070fa00000, 0x000000070fa00000| Complete 
| 124|0x000000070fc00000, 0x000000070fe00000, 0x000000070fe00000|100%| E|CS|TAMS 0x000000070fc00000, 0x000000070fc00000| Complete 
| 125|0x000000070fe00000, 0x0000000710000000, 0x0000000710000000|100%| E|CS|TAMS 0x000000070fe00000, 0x000000070fe00000| Complete 
| 126|0x0000000710000000, 0x0000000710200000, 0x0000000710200000|100%| E|CS|TAMS 0x0000000710000000, 0x0000000710000000| Complete 
| 127|0x0000000710200000, 0x0000000710400000, 0x0000000710400000|100%| E|CS|TAMS 0x0000000710200000, 0x0000000710200000| Complete 

Card table byte_map: [0x00000197a59d0000,0x00000197a61d0000] _byte_map_base: 0x00000197a21ce000

Marking Bits (Prev, Next): (CMBitMap*) 0x000001978ded9850, (CMBitMap*) 0x000001978ded9890
 Prev Bits: [0x00000197a69d0000, 0x00000197aa9c0000)
 Next Bits: [0x00000197aa9c0000, 0x00000197ae9b0000)

Polling page: 0x000001978bde0000

Metaspace:

Usage:
  Non-class:     12.72 MB capacity,    12.49 MB ( 98%) used,   203.43 KB (  2%) free+waste,    31.94 KB ( <1%) overhead. 
      Class:      1.63 MB capacity,     1.47 MB ( 90%) used,   156.95 KB (  9%) free+waste,    13.69 KB ( <1%) overhead. 
       Both:     14.35 MB capacity,    13.96 MB ( 97%) used,   360.38 KB (  2%) free+waste,    45.62 KB ( <1%) overhead. 

Virtual space:
  Non-class space:       14.00 MB reserved,      12.75 MB ( 91%) committed 
      Class space:        1.00 GB reserved,       1.75 MB ( <1%) committed 
             Both:        1.01 GB reserved,      14.50 MB (  1%) committed 

Chunk freelists:
   Non-Class:  32.00 KB
       Class:  24.00 KB
        Both:  56.00 KB

MaxMetaspaceSize: 17179869184.00 GB
CompressedClassSpaceSize: 1.00 GB

CodeHeap 'non-profiled nmethods': size=120000Kb used=912Kb max_used=912Kb free=119087Kb
 bounds [0x000001979db90000, 0x000001979de00000, 0x00000197a50c0000]
CodeHeap 'profiled nmethods': size=120000Kb used=5081Kb max_used=5081Kb free=114918Kb
 bounds [0x0000019796660000, 0x0000019796b60000, 0x000001979db90000]
CodeHeap 'non-nmethods': size=5760Kb used=1231Kb max_used=1275Kb free=4528Kb
 bounds [0x00000197960c0000, 0x0000019796330000, 0x0000019796660000]
 total_blobs=2915 nmethods=2418 adapters=410
 compilation: enabled
              stopped_count=0, restarted_count=0
 full_count=0

Compilation events (20 events):
Event: 1.785 Thread 0x00000197b1b3f7d0 2278       2       org.apache.tomcat.util.file.Matcher::matchName (49 bytes)
Event: 1.785 Thread 0x00000197b1b3f7d0 nmethod 2278 0x0000019796b0de90 code [0x0000019796b0e080, 0x0000019796b0e358]
Event: 1.785 Thread 0x00000197b1b3f7d0 2275       1       jdk.internal.reflect.DelegatingMethodAccessorImpl::setDelegate (6 bytes)
Event: 1.785 Thread 0x00000197b1b3f7d0 nmethod 2275 0x000001979dc60410 code [0x000001979dc605a0, 0x000001979dc606b8]
Event: 1.794 Thread 0x00000197b1b3f7d0 2279       1       java.util.Collections$EmptyIterator::hasNext (2 bytes)
Event: 1.794 Thread 0x00000197b1b3f7d0 nmethod 2279 0x000001979dc60710 code [0x000001979dc608a0, 0x000001979dc60958]
Event: 1.794 Thread 0x00000197b1b3f7d0 2280       2       sun.reflect.generics.parser.SignatureParser::skipIdentifier (67 bytes)
Event: 1.795 Thread 0x00000197b1b3f7d0 nmethod 2280 0x0000019796b0e510 code [0x0000019796b0e6e0, 0x0000019796b0e928]
Event: 1.796 Thread 0x00000197b1b3f7d0 2281       2       jdk.internal.org.objectweb.asm.Type::getArgumentTypes (154 bytes)
Event: 1.798 Thread 0x00000197b1b3f7d0 nmethod 2281 0x0000019796b0ea90 code [0x0000019796b0ed60, 0x0000019796b0fc08]
Event: 1.798 Thread 0x00000197b1b3f7d0 2282       2       jdk.internal.org.objectweb.asm.Frame::merge (317 bytes)
Event: 1.798 Thread 0x00000197b1b3f7d0 nmethod 2282 0x0000019796b10610 code [0x0000019796b107e0, 0x0000019796b10c28]
Event: 1.799 Thread 0x00000197b1b3f7d0 2283       2       java.lang.StringUTF16::indexOfLatin1Unsafe (212 bytes)
Event: 1.799 Thread 0x00000197b1b3f7d0 nmethod 2283 0x0000019796b10e10 code [0x0000019796b10fc0, 0x0000019796b11298]
Event: 1.801 Thread 0x00000197b1b3f7d0 2284       2       java.lang.StringUTF16::replace (168 bytes)
Event: 1.801 Thread 0x00000197b1b3f7d0 nmethod 2284 0x0000019796b11490 code [0x0000019796b11660, 0x0000019796b11bc8]
Event: 1.804 Thread 0x00000197b1b3f7d0 2285       2       java.lang.ClassLoader::getNamedPackage (73 bytes)
Event: 1.804 Thread 0x00000197b1b3f7d0 nmethod 2285 0x0000019796b11e10 code [0x0000019796b11fe0, 0x0000019796b122a8]
Event: 1.806 Thread 0x00000197b1b3f7d0 2286       2       java.lang.StringUTF16::checkBoundsBeginEnd (10 bytes)
Event: 1.806 Thread 0x00000197b1b3f7d0 nmethod 2286 0x0000019796b12490 code [0x0000019796b12620, 0x0000019796b12728]

GC Heap History (4 events):
Event: 0.818 GC heap before
{Heap before GC invocations=0 (full 0):
 garbage-first heap   total 262144K, used 20480K [0x0000000700400000, 0x0000000800000000)
  region size 2048K, 10 young (20480K), 0 survivors (0K)
 Metaspace       used 8914K, capacity 9216K, committed 9344K, reserved 1056768K
  class space    used 956K, capacity 1062K, committed 1152K, reserved 1048576K
}
Event: 0.827 GC heap after
{Heap after GC invocations=1 (full 0):
 garbage-first heap   total 262144K, used 4740K [0x0000000700400000, 0x0000000800000000)
  region size 2048K, 2 young (4096K), 2 survivors (4096K)
 Metaspace       used 8914K, capacity 9216K, committed 9344K, reserved 1056768K
  class space    used 956K, capacity 1062K, committed 1152K, reserved 1048576K
}
Event: 1.537 GC heap before
{Heap before GC invocations=1 (full 0):
 garbage-first heap   total 262144K, used 23172K [0x0000000700400000, 0x0000000800000000)
  region size 2048K, 12 young (24576K), 2 survivors (4096K)
 Metaspace       used 12939K, capacity 13293K, committed 13568K, reserved 1060864K
  class space    used 1372K, capacity 1506K, committed 1536K, reserved 1048576K
}
Event: 1.546 GC heap after
{Heap after GC invocations=2 (full 0):
 garbage-first heap   total 262144K, used 6674K [0x0000000700400000, 0x0000000800000000)
  region size 2048K, 1 young (2048K), 1 survivors (2048K)
 Metaspace       used 12939K, capacity 13293K, committed 13568K, reserved 1060864K
  class space    used 1372K, capacity 1506K, committed 1536K, reserved 1048576K
}

Deoptimization events (20 events):
Event: 1.742 Thread 0x00000197b1b2b440 DEOPT PACKING pc=0x0000019796a964d2 sp=0x0000003923efb740
Event: 1.742 Thread 0x00000197b1b2b440 DEOPT UNPACKING pc=0x000001979610df3f sp=0x0000003923efabe0 mode 0
Event: 1.744 Thread 0x00000197b1b2b440 DEOPT PACKING pc=0x0000019796a964d2 sp=0x0000003923efb740
Event: 1.744 Thread 0x00000197b1b2b440 DEOPT UNPACKING pc=0x000001979610df3f sp=0x0000003923efabe0 mode 0
Event: 1.770 Thread 0x00000197b1b2b440 Uncommon trap: trap_request=0xffffff45 fr.pc=0x000001979dbccce4 relative=0x0000000000000424
Event: 1.770 Thread 0x00000197b1b2b440 Uncommon trap: reason=unstable_if action=reinterpret pc=0x000001979dbccce4 method=java.lang.String$CaseInsensitiveComparator.compare(Ljava/lang/String;Ljava/lang/String;)I @ 28 c2
Event: 1.770 Thread 0x00000197b1b2b440 DEOPT PACKING pc=0x000001979dbccce4 sp=0x0000003923efada0
Event: 1.770 Thread 0x00000197b1b2b440 DEOPT UNPACKING pc=0x000001979610e12f sp=0x0000003923efacd8 mode 2
Event: 1.781 Thread 0x00000197b1b2b440 DEOPT PACKING pc=0x0000019796b02644 sp=0x0000003923efbba0
Event: 1.781 Thread 0x00000197b1b2b440 DEOPT UNPACKING pc=0x000001979610df3f sp=0x0000003923efb0b0 mode 0
Event: 1.782 Thread 0x00000197b1b2b440 DEOPT PACKING pc=0x0000019796b02644 sp=0x0000003923efbba0
Event: 1.782 Thread 0x00000197b1b2b440 DEOPT UNPACKING pc=0x000001979610df3f sp=0x0000003923efb0b0 mode 0
Event: 1.782 Thread 0x00000197b1b2b440 DEOPT PACKING pc=0x0000019796b02644 sp=0x0000003923efbba0
Event: 1.782 Thread 0x00000197b1b2b440 DEOPT UNPACKING pc=0x000001979610df3f sp=0x0000003923efb0b0 mode 0
Event: 1.783 Thread 0x00000197b1b2b440 DEOPT PACKING pc=0x0000019796b02644 sp=0x0000003923efbba0
Event: 1.783 Thread 0x00000197b1b2b440 DEOPT UNPACKING pc=0x000001979610df3f sp=0x0000003923efb0b0 mode 0
Event: 1.786 Thread 0x00000197b1b2b440 DEOPT PACKING pc=0x0000019796a3cf50 sp=0x0000003923efb950
Event: 1.786 Thread 0x00000197b1b2b440 DEOPT UNPACKING pc=0x000001979610df3f sp=0x0000003923efadd8 mode 0
Event: 1.793 Thread 0x00000197b1b2b440 DEOPT PACKING pc=0x0000019796a3cf50 sp=0x0000003923ef7310
Event: 1.793 Thread 0x00000197b1b2b440 DEOPT UNPACKING pc=0x000001979610df3f sp=0x0000003923ef6798 mode 0

Classes unloaded (0 events):
No events

Classes redefined (0 events):
No events

Internal exceptions (20 events):
Event: 1.179 Thread 0x000001978de8af20 Exception <a 'java/lang/NullPointerException'{0x000000070f411798}> (0x000000070f411798) 
thrown [./open/src/hotspot/share/runtime/sharedRuntime.cpp, line 585]
Event: 1.190 Thread 0x000001978de8af20 Implicit null exception at 0x0000019796911ed7 to 0x0000019796913bba
Event: 1.190 Thread 0x000001978de8af20 Exception <a 'java/lang/NullPointerException'{0x000000070f4684b0}> (0x000000070f4684b0) 
thrown [./open/src/hotspot/share/runtime/sharedRuntime.cpp, line 585]
Event: 1.190 Thread 0x000001978de8af20 Implicit null exception at 0x0000019796911ed7 to 0x0000019796913bba
Event: 1.190 Thread 0x000001978de8af20 Exception <a 'java/lang/NullPointerException'{0x000000070f468a30}> (0x000000070f468a30) 
thrown [./open/src/hotspot/share/runtime/sharedRuntime.cpp, line 585]
Event: 1.202 Thread 0x000001978de8af20 Implicit null exception at 0x0000019796911ed7 to 0x0000019796913bba
Event: 1.202 Thread 0x000001978de8af20 Exception <a 'java/lang/NullPointerException'{0x000000070f4cf6a0}> (0x000000070f4cf6a0) 
thrown [./open/src/hotspot/share/runtime/sharedRuntime.cpp, line 585]
Event: 1.202 Thread 0x000001978de8af20 Implicit null exception at 0x0000019796911ed7 to 0x0000019796913bba
Event: 1.202 Thread 0x000001978de8af20 Exception <a 'java/lang/NullPointerException'{0x000000070f4cfc20}> (0x000000070f4cfc20) 
thrown [./open/src/hotspot/share/runtime/sharedRuntime.cpp, line 585]
Event: 1.236 Thread 0x000001978de8af20 Exception <a 'java/io/FileNotFoundException'{0x000000070f22c310}> (0x000000070f22c310) 
thrown [./open/src/hotspot/share/prims/jni.cpp, line 578]
Event: 1.253 Thread 0x000001978de8af20 Implicit null exception at 0x000001979dc30cf7 to 0x000001979dc31334
Event: 1.253 Thread 0x000001978de8af20 Implicit null exception at 0x000001979dc1b074 to 0x000001979dc1b6c4
Event: 1.495 Thread 0x00000197b1b2b440 Exception <a 'java/lang/reflect/InvocationTargetException'{0x000000070f0da3b0}> (0x000000070f0da3b0) 
thrown [./open/src/hotspot/share/runtime/reflection.cpp, line 1157]
Event: 1.556 Thread 0x00000197b1b2b440 Exception <a 'java/io/FileNotFoundException'{0x00000007102c31a8}> (0x00000007102c31a8) 
thrown [./open/src/hotspot/share/prims/jni.cpp, line 578]
Event: 1.578 Thread 0x00000197b1b2b440 Implicit null exception at 0x0000019796911ed7 to 0x0000019796913bba
Event: 1.578 Thread 0x00000197b1b2b440 Exception <a 'java/lang/NullPointerException'{0x000000071035fc30}> (0x000000071035fc30) 
thrown [./open/src/hotspot/share/runtime/sharedRuntime.cpp, line 585]
Event: 1.578 Thread 0x00000197b1b2b440 Implicit null exception at 0x0000019796911ed7 to 0x0000019796913bba
Event: 1.578 Thread 0x00000197b1b2b440 Exception <a 'java/lang/NullPointerException'{0x0000000710360458}> (0x0000000710360458) 
thrown [./open/src/hotspot/share/runtime/sharedRuntime.cpp, line 585]
Event: 1.643 Thread 0x00000197b1b2b440 Exception <a 'java/lang/ClassNotFoundException'{0x000000071019f458}: org/apache/catalina/webresources/jar/Handler> (0x000000071019f458) 
thrown [./open/src/hotspot/share/classfile/systemDictionary.cpp, line 295]
Event: 1.693 Thread 0x00000197b1b2b440 Exception <a 'java/io/FileNotFoundException'{0x000000070fc35d28}> (0x000000070fc35d28) 
thrown [./open/src/hotspot/share/prims/jni.cpp, line 578]

Events (20 events):
Event: 1.646 loading class java/lang/instrument/IllegalClassFormatException
Event: 1.646 loading class java/lang/instrument/IllegalClassFormatException done
Event: 1.646 loading class java/lang/UnsupportedClassVersionError
Event: 1.646 loading class java/lang/ClassFormatError
Event: 1.646 loading class java/lang/ClassFormatError done
Event: 1.646 loading class java/lang/UnsupportedClassVersionError done
Event: 1.690 loading class java/util/NoSuchElementException
Event: 1.690 loading class java/util/NoSuchElementException done
Event: 1.751 loading class com/sun/org/apache/xerces/internal/util/URI$MalformedURIException
Event: 1.751 loading class com/sun/org/apache/xerces/internal/util/URI$MalformedURIException done
Event: 1.786 loading class java/io/BufferedReader
Event: 1.786 loading class java/io/BufferedReader done
Event: 1.797 loading class java/lang/reflect/UndeclaredThrowableException
Event: 1.797 loading class java/lang/reflect/UndeclaredThrowableException done
Event: 1.806 loading class sun/net/www/protocol/jrt/JavaRuntimeURLConnection
Event: 1.806 loading class sun/net/www/protocol/jrt/JavaRuntimeURLConnection done
Event: 1.806 loading class sun/net/www/protocol/jrt/JavaRuntimeURLConnection$1
Event: 1.806 loading class sun/net/www/protocol/jrt/JavaRuntimeURLConnection$1 done
Event: 1.807 Executing VM operation: HandshakeAllThreads
Event: 1.807 Executing VM operation: HandshakeAllThreads done


Dynamic libraries:
0x00007ff6b1f90000 - 0x00007ff6b1f9d000 	C:\Users\marti\.jdks\openjdk-15.0.2\bin\java.exe
0x00007ff9ac8d0000 - 0x00007ff9acac5000 	C:\WINDOWS\SYSTEM32\ntdll.dll
0x00007ff9abd30000 - 0x00007ff9abdee000 	C:\WINDOWS\System32\KERNEL32.DLL
0x00007ff9aa410000 - 0x00007ff9aa6d8000 	C:\WINDOWS\System32\KERNELBASE.dll
0x00007ff9aa6e0000 - 0x00007ff9aa7e0000 	C:\WINDOWS\System32\ucrtbase.dll
0x00007ff99fa00000 - 0x00007ff99fa18000 	C:\Users\marti\.jdks\openjdk-15.0.2\bin\jli.dll
0x00007ff99f2d0000 - 0x00007ff99f2e9000 	C:\Users\marti\.jdks\openjdk-15.0.2\bin\VCRUNTIME140.dll
0x00007ff9ac490000 - 0x00007ff9ac630000 	C:\WINDOWS\System32\USER32.dll
0x00007ff99fa60000 - 0x00007ff99fcfa000 	C:\WINDOWS\WinSxS\amd64_microsoft.windows.common-controls_6595b64144ccf1df_6.0.19041.1110_none_60b5254171f9507e\COMCTL32.dll
0x00007ff9aa280000 - 0x00007ff9aa2a2000 	C:\WINDOWS\System32\win32u.dll
0x00007ff9ac7f0000 - 0x00007ff9ac88e000 	C:\WINDOWS\System32\msvcrt.dll
0x00007ff9ac630000 - 0x00007ff9ac65b000 	C:\WINDOWS\System32\GDI32.dll
0x00007ff9aa170000 - 0x00007ff9aa27d000 	C:\WINDOWS\System32\gdi32full.dll
0x00007ff9a9fe0000 - 0x00007ff9aa07d000 	C:\WINDOWS\System32\msvcp_win.dll
0x00007ff9aad10000 - 0x00007ff9aad40000 	C:\WINDOWS\System32\IMM32.DLL
0x00007ff9a4bc0000 - 0x00007ff9a4bcc000 	C:\Users\marti\.jdks\openjdk-15.0.2\bin\vcruntime140_1.dll
0x00007ff985e50000 - 0x00007ff985ee1000 	C:\Users\marti\.jdks\openjdk-15.0.2\bin\msvcp140.dll
0x00007ff974250000 - 0x00007ff974dae000 	C:\Users\marti\.jdks\openjdk-15.0.2\bin\server\jvm.dll
0x00007ff9aac60000 - 0x00007ff9aad0e000 	C:\WINDOWS\System32\ADVAPI32.dll
0x00007ff9aaa50000 - 0x00007ff9aaaec000 	C:\WINDOWS\System32\sechost.dll
0x00007ff9aae10000 - 0x00007ff9aaf35000 	C:\WINDOWS\System32\RPCRT4.dll
0x00007ff9aafa0000 - 0x00007ff9aafa8000 	C:\WINDOWS\System32\PSAPI.DLL
0x00007ff9a3b50000 - 0x00007ff9a3b59000 	C:\WINDOWS\SYSTEM32\WSOCK32.dll
0x00007ff99b680000 - 0x00007ff99b6a7000 	C:\WINDOWS\SYSTEM32\WINMM.dll
0x00007ff9a2150000 - 0x00007ff9a215a000 	C:\WINDOWS\SYSTEM32\VERSION.dll
0x00007ff9ac270000 - 0x00007ff9ac2db000 	C:\WINDOWS\System32\WS2_32.dll
0x00007ff9a7ef0000 - 0x00007ff9a7f02000 	C:\WINDOWS\SYSTEM32\kernel.appcore.dll
0x00007ff9a4b50000 - 0x00007ff9a4b5a000 	C:\Users\marti\.jdks\openjdk-15.0.2\bin\jimage.dll
0x00007ff99fd80000 - 0x00007ff99ff64000 	C:\WINDOWS\SYSTEM32\DBGHELP.DLL
0x00007ff99fd50000 - 0x00007ff99fd7c000 	C:\WINDOWS\SYSTEM32\dbgcore.DLL
0x00007ff9aa7e0000 - 0x00007ff9aa862000 	C:\WINDOWS\System32\bcryptPrimitives.dll
0x00007ff99f2a0000 - 0x00007ff99f2c5000 	C:\Users\marti\.jdks\openjdk-15.0.2\bin\java.dll
0x00007ff9aafb0000 - 0x00007ff9ab6f4000 	C:\WINDOWS\System32\SHELL32.dll
0x00007ff9a80f0000 - 0x00007ff9a8884000 	C:\WINDOWS\SYSTEM32\windows.storage.dll
0x00007ff9ab970000 - 0x00007ff9abcc5000 	C:\WINDOWS\System32\combase.dll
0x00007ff9a9960000 - 0x00007ff9a998e000 	C:\WINDOWS\SYSTEM32\Wldp.dll
0x00007ff9ab790000 - 0x00007ff9ab83d000 	C:\WINDOWS\System32\SHCORE.dll
0x00007ff9aaf40000 - 0x00007ff9aaf95000 	C:\WINDOWS\System32\shlwapi.dll
0x00007ff9a9f20000 - 0x00007ff9a9f3f000 	C:\WINDOWS\SYSTEM32\profapi.dll
0x00007ff99f280000 - 0x00007ff99f299000 	C:\Users\marti\.jdks\openjdk-15.0.2\bin\net.dll
0x00007ff9a59d0000 - 0x00007ff9a5adc000 	C:\WINDOWS\SYSTEM32\WINHTTP.dll
0x00007ff9a96c0000 - 0x00007ff9a972a000 	C:\WINDOWS\system32\mswsock.dll
0x00007ff99e4c0000 - 0x00007ff99e4d2000 	C:\Users\marti\.jdks\openjdk-15.0.2\bin\nio.dll
0x00007ff99e3e0000 - 0x00007ff99e3f8000 	C:\Users\marti\.jdks\openjdk-15.0.2\bin\zip.dll
0x00007ff9a4bd0000 - 0x00007ff9a4bd9000 	C:\Users\marti\.jdks\openjdk-15.0.2\bin\management_agent.dll
0x00007ff9a29a0000 - 0x00007ff9a29a9000 	C:\Users\marti\.jdks\openjdk-15.0.2\bin\management.dll
0x00007ff9a2860000 - 0x00007ff9a286b000 	C:\Users\marti\.jdks\openjdk-15.0.2\bin\management_ext.dll
0x00007ff9a45f0000 - 0x00007ff9a4607000 	C:\WINDOWS\system32\napinsp.dll
0x00007ff9a45d0000 - 0x00007ff9a45eb000 	C:\WINDOWS\system32\pnrpnsp.dll
0x00007ff9a3d40000 - 0x00007ff9a3d55000 	C:\WINDOWS\system32\wshbth.dll
0x00007ff9a4a30000 - 0x00007ff9a4a4d000 	C:\WINDOWS\system32\NLAapi.dll
0x00007ff9a93b0000 - 0x00007ff9a93eb000 	C:\WINDOWS\SYSTEM32\IPHLPAPI.DLL
0x00007ff9a93f0000 - 0x00007ff9a94bb000 	C:\WINDOWS\SYSTEM32\DNSAPI.dll
0x00007ff9ab700000 - 0x00007ff9ab708000 	C:\WINDOWS\System32\NSI.dll
0x00007ff9a3d20000 - 0x00007ff9a3d32000 	C:\WINDOWS\System32\winrnr.dll
0x00007ff9a29b0000 - 0x00007ff9a29ba000 	C:\Windows\System32\rasadhlp.dll
0x00007ff9a2090000 - 0x00007ff9a210f000 	C:\WINDOWS\System32\fwpuclnt.dll
0x00007ff9aa0f0000 - 0x00007ff9aa117000 	C:\WINDOWS\System32\bcrypt.dll
0x00007ff9a98b0000 - 0x00007ff9a98c8000 	C:\WINDOWS\SYSTEM32\CRYPTSP.dll
0x00007ff9a9040000 - 0x00007ff9a9074000 	C:\WINDOWS\system32\rsaenh.dll
0x00007ff9a9ee0000 - 0x00007ff9a9f0e000 	C:\WINDOWS\SYSTEM32\USERENV.dll
0x00007ff9a98d0000 - 0x00007ff9a98dc000 	C:\WINDOWS\SYSTEM32\CRYPTBASE.dll
0x00007ff9a4c30000 - 0x00007ff9a4c47000 	C:\WINDOWS\SYSTEM32\dhcpcsvc6.DLL
0x00007ff9a4c10000 - 0x00007ff9a4c2d000 	C:\WINDOWS\SYSTEM32\dhcpcsvc.DLL
0x0000000180000000 - 0x0000000180286000 	D:\Artyom\JetBrains IntelliJ IDEA Ultimate 2020.1 x64\apache-tomcat-9.0.54\bin\tcnative-1.dll
0x00007ff9aa2b0000 - 0x00007ff9aa406000 	C:\WINDOWS\System32\CRYPT32.dll

dbghelp: loaded successfully - version: 4.0.5 - missing functions: none
symbol engine: initialized successfully - sym options: 0x614 - pdb path: .;C:\Users\marti\.jdks\openjdk-15.0.2\bin;C:\WINDOWS\SYSTEM32;C:\WINDOWS\WinSxS\amd64_microsoft.windows.common-controls_6595b64144ccf1df_6.0.19041.1110_none_60b5254171f9507e;C:\Users\marti\.jdks\openjdk-15.0.2\bin\server;D:\Artyom\JetBrains IntelliJ IDEA Ultimate 2020.1 x64\apache-tomcat-9.0.54\bin

VM Arguments:
jvm_args: --add-opens=java.base/java.lang=ALL-UNNAMED --add-opens=java.base/java.io=ALL-UNNAMED --add-opens=java.base/java.util=ALL-UNNAMED --add-opens=java.base/java.util.concurrent=ALL-UNNAMED --add-opens=java.rmi/sun.rmi.transport=ALL-UNNAMED -Djava.util.logging.config.file=C:\Users\marti\AppData\Local\JetBrains\IntelliJIdea2020.1\tomcat\Unnamed_lab11\conf\logging.properties -Djava.util.logging.manager=org.apache.juli.ClassLoaderLogManager -Dcom.sun.management.jmxremote= -Dcom.sun.management.jmxremote.port=1099 -Dcom.sun.management.jmxremote.ssl=false -Dcom.sun.management.jmxremote.password.file=C:\Users\marti\AppData\Local\JetBrains\IntelliJIdea2020.1\tomcat\Unnamed_lab11\jmxremote.password -Dcom.sun.management.jmxremote.access.file=C:\Users\marti\AppData\Local\JetBrains\IntelliJIdea2020.1\tomcat\Unnamed_lab11\jmxremote.access -Djava.rmi.server.hostname=127.0.0.1 -Djdk.tls.ephemeralDHKeySize=2048 -Djava.protocol.handler.pkgs=org.apache.catalina.webresources -Dignore.endorsed.dirs= -Dcatalina.base=C:\Users\marti\AppData\Local\JetBrains\IntelliJIdea2020.1\tomcat\Unnamed_lab11 -Dcatalina.home=D:\Artyom\JetBrains IntelliJ IDEA Ultimate 2020.1 x64\apache-tomcat-9.0.54 -Djava.io.tmpdir=D:\Artyom\JetBrains IntelliJ IDEA Ultimate 2020.1 x64\apache-tomcat-9.0.54\temp 
java_command: org.apache.catalina.startup.Bootstrap start
java_class_path (initial): D:\Artyom\JetBrains IntelliJ IDEA Ultimate 2020.1 x64\apache-tomcat-9.0.54\bin\bootstrap.jar;D:\Artyom\JetBrains IntelliJ IDEA Ultimate 2020.1 x64\apache-tomcat-9.0.54\bin\tomcat-juli.jar
Launcher Type: SUN_STANDARD

[Global flags]
     intx CICompilerCount                          = 3                                         {product} {ergonomic}
     uint ConcGCThreads                            = 2                                         {product} {ergonomic}
     uint G1ConcRefinementThreads                  = 6                                         {product} {ergonomic}
   size_t G1HeapRegionSize                         = 2097152                                   {product} {ergonomic}
    uintx GCDrainStackTargetSize                   = 64                                        {product} {ergonomic}
   size_t InitialHeapSize                          = 268435456                                 {product} {ergonomic}
     bool ManagementServer                         = true                                      {product} {command line}
   size_t MarkStackSize                            = 4194304                                   {product} {ergonomic}
   size_t MaxHeapSize                              = 4290772992                                {product} {ergonomic}
   size_t MaxNewSize                               = 2573205504                                {product} {ergonomic}
   size_t MinHeapDeltaBytes                        = 2097152                                   {product} {ergonomic}
   size_t MinHeapSize                              = 8388608                                   {product} {ergonomic}
    uintx NonNMethodCodeHeapSize                   = 5832780                                {pd product} {ergonomic}
    uintx NonProfiledCodeHeapSize                  = 122912730                              {pd product} {ergonomic}
    uintx ProfiledCodeHeapSize                     = 122912730                              {pd product} {ergonomic}
    uintx ReservedCodeCacheSize                    = 251658240                              {pd product} {ergonomic}
     bool SegmentedCodeCache                       = true                                      {product} {ergonomic}
   size_t SoftMaxHeapSize                          = 4290772992                             {manageable} {ergonomic}
     bool UseCompressedClassPointers               = true                                 {lp64_product} {ergonomic}
     bool UseCompressedOops                        = true                                 {lp64_product} {ergonomic}
     bool UseG1GC                                  = true                                      {product} {ergonomic}
     bool UseLargePagesIndividualAllocation        = false                                  {pd product} {ergonomic}

Logging:
Log output configuration:
 #0: stdout all=warning uptime,level,tags
 #1: stderr all=off uptime,level,tags

Environment Variables:
JAVA_HOME=C:\Users\marti\.jdks\openjdk-15.0.2
CLASSPATH=D:\Artyom\JetBrains IntelliJ IDEA Ultimate 2020.1 x64\apache-tomcat-9.0.54\bin\bootstrap.jar;D:\Artyom\JetBrains IntelliJ IDEA Ultimate 2020.1 x64\apache-tomcat-9.0.54\bin\tomcat-juli.jar
PATH=C:\Program Files (x86)\NVIDIA Corporation\PhysX\Common;C:\WINDOWS\system32;C:\WINDOWS;C:\WINDOWS\System32\Wbem;C:\WINDOWS\System32\WindowsPowerShell\v1.0\;C:\WINDOWS\System32\OpenSSH\;C:\Users\marti\.jdks\openjdk-15.0.2\bin;C:\Program Files\Microsoft SQL Server\Client SDK\ODBC\170\Tools\Binn\;C:\Program Files (x86)\Microsoft SQL Server\150\Tools\Binn\;C:\Program Files\Microsoft SQL Server\150\Tools\Binn\;C:\Program Files\Microsoft SQL Server\150\DTS\Binn\;C:\Program Files (x86)\Microsoft SQL Server\150\DTS\Binn\;C:\Program Files\Azure Data Studio\bin;C:\cygwin64\bin;D:\Artyom\Git\cmd;D:\Artyom\maven\apache-maven-3.8.2\bin;E:\apache-maven-3.8.3\bin;C:\Program Files\Java\jdk1.8.0_261\bin;E:\VS Code\Microsoft VS Code\bin;
USERNAME=marti
OS=Windows_NT
PROCESSOR_IDENTIFIER=AMD64 Family 21 Model 2 Stepping 0, AuthenticAMD



---------------  S Y S T E M  ---------------

OS:
 Windows 10 , 64 bit Build 19041 (10.0.19041.1503)
OS uptime: 4 days 18:30 hours

CPU: total 6 (initial active 6) (6 cores per cpu, 1 threads per core) family 21 model 2 stepping 0 microcode 0x0, cmov, cx8, fxsr, mmx, sse, sse2, sse3, ssse3, sse4.1, sse4.2, popcnt, vzeroupper, avx, aes, clmul, 3dnowpref, lzcnt, sse4a, tsc, tscinvbit, tscinv, bmi1, fma, clflush

Memory: 4k page, system-wide physical 16366M (5862M free)
TotalPageFile size 19310M (AvailPageFile size 5M)
current process WorkingSet (physical memory assigned to process): 123M, peak: 123M
current process commit charge ("private bytes"): 382M, peak: 383M

vm_info: OpenJDK 64-Bit Server VM (15.0.2+7-27) for windows-amd64 JRE (15.0.2+7-27), built on Dec  7 2020 20:02:38 by "mach5one" with unknown MS VC++:1925

END.
