#
# There is insufficient memory for the Java Runtime Environment to continue.
# Native memory allocation (malloc) failed to allocate 1049856 bytes for Chunk::new
# Possible reasons:
#   The system is out of physical RAM or swap space
#   The process is running with CompressedOops enabled, and the Java Heap may be blocking the growth of the native heap
# Possible solutions:
#   Reduce memory load on the system
#   Increase physical memory or swap space
#   Check if swap backing store is full
#   Decrease Java heap size (-Xmx/-Xms)
#   Decrease number of Java threads
#   Decrease Java thread stack sizes (-Xss)
#   Set larger code cache with -XX:ReservedCodeCacheSize=
#   JVM is running with Zero Based Compressed Oops mode in which the Java heap is
#     placed in the first 32GB address space. The Java Heap base address is the
#     maximum limit for the native heap growth. Please use -XX:HeapBaseMinAddress
#     to set the Java Heap base and to place the Java Heap above 32GB virtual address.
# This output file may be truncated or incomplete.
#
#  Out of Memory Error (./open/src/hotspot/share/memory/arena.cpp:195), pid=19520, tid=22396
#
# JRE version: OpenJDK Runtime Environment (15.0.2+7) (build 15.0.2+7-27)
# Java VM: OpenJDK 64-Bit Server VM (15.0.2+7-27, mixed mode, sharing, tiered, compressed oops, g1 gc, windows-amd64)
# No core dump will be written. Minidumps are not enabled by default on client versions of Windows
#

---------------  S U M M A R Y ------------

Command Line: --add-opens=java.base/java.lang=ALL-UNNAMED --add-opens=java.base/java.io=ALL-UNNAMED --add-opens=java.base/java.util=ALL-UNNAMED --add-opens=java.base/java.util.concurrent=ALL-UNNAMED --add-opens=java.rmi/sun.rmi.transport=ALL-UNNAMED -Djava.util.logging.config.file=C:\Users\marti\AppData\Local\JetBrains\IntelliJIdea2020.1\tomcat\Unnamed_lab11\conf\logging.properties -Djava.util.logging.manager=org.apache.juli.ClassLoaderLogManager -Dcom.sun.management.jmxremote= -Dcom.sun.management.jmxremote.port=1099 -Dcom.sun.management.jmxremote.ssl=false -Dcom.sun.management.jmxremote.password.file=C:\Users\marti\AppData\Local\JetBrains\IntelliJIdea2020.1\tomcat\Unnamed_lab11\jmxremote.password -Dcom.sun.management.jmxremote.access.file=C:\Users\marti\AppData\Local\JetBrains\IntelliJIdea2020.1\tomcat\Unnamed_lab11\jmxremote.access -Djava.rmi.server.hostname=127.0.0.1 -Djdk.tls.ephemeralDHKeySize=2048 -Djava.protocol.handler.pkgs=org.apache.catalina.webresources -Dignore.endorsed.dirs= -Dcatalina.base=C:\Users\marti\AppData\Local\JetBrains\IntelliJIdea2020.1\tomcat\Unnamed_lab11 -Dcatalina.home=D:\Artyom\JetBrains IntelliJ IDEA Ultimate 2020.1 x64\apache-tomcat-9.0.54 -Djava.io.tmpdir=D:\Artyom\JetBrains IntelliJ IDEA Ultimate 2020.1 x64\apache-tomcat-9.0.54\temp org.apache.catalina.startup.Bootstrap start

Host: AMD FX(tm)-6300 Six-Core Processor             , 6 cores, 15G,  Windows 10 , 64 bit Build 19041 (10.0.19041.1503)
Time: Sat Feb 19 16:20:41 2022 Беларусь (зима) elapsed time: 1.139325 seconds (0d 0h 0m 1s)

---------------  T H R E A D  ---------------

Current thread (0x0000025d74901ae0):  JavaThread "C2 CompilerThread1" daemon [_thread_in_native, id=22396, stack(0x000000a90ee00000,0x000000a90ef00000)]


Current CompileTask:
C2:   1139 1757   !   4       org.apache.tomcat.util.IntrospectionUtils::setProperty (939 bytes)

Stack: [0x000000a90ee00000,0x000000a90ef00000]
Native frames: (J=compiled Java code, j=interpreted, Vv=VM code, C=native code)
V  [jvm.dll+0x62ae9a]
V  [jvm.dll+0x7817a9]
V  [jvm.dll+0x782f03]
V  [jvm.dll+0x783563]
V  [jvm.dll+0x216325]
V  [jvm.dll+0x97f3a]
V  [jvm.dll+0x9861c]
V  [jvm.dll+0x32e305]
V  [jvm.dll+0x2f768a]
V  [jvm.dll+0x2f6a4a]
V  [jvm.dll+0x1ea705]
V  [jvm.dll+0x1e996e]
V  [jvm.dll+0x178567]
V  [jvm.dll+0x1f9225]
V  [jvm.dll+0x1f72cc]
V  [jvm.dll+0x74495d]
V  [jvm.dll+0x73d75a]
V  [jvm.dll+0x629c56]
C  [ucrtbase.dll+0x21bb2]
C  [KERNEL32.DLL+0x17034]
C  [ntdll.dll+0x52651]


---------------  P R O C E S S  ---------------

Threads class SMR info:
_java_thread_list=0x0000025d7500d3e0, length=20, elements={
0x0000025d50839100, 0x0000025d73bac3c0, 0x0000025d73baeeb0, 0x0000025d744d5d70,
0x0000025d744d6730, 0x0000025d744d9000, 0x0000025d744d9bf0, 0x0000025d744df250,
0x0000025d744dff50, 0x0000025d745edb80, 0x0000025d746ee060, 0x0000025d747b9fe0,
0x0000025d747ce4a0, 0x0000025d74901ae0, 0x0000025d749f0470, 0x0000025d74969a90,
0x0000025d749e80b0, 0x0000025d74e9f6f0, 0x0000025d74ea0490, 0x0000025d74fb6260
}

Java Threads: ( => current thread )
  0x0000025d50839100 JavaThread "main" [_thread_in_native, id=21896, stack(0x000000a90db00000,0x000000a90dc00000)]
  0x0000025d73bac3c0 JavaThread "Reference Handler" daemon [_thread_blocked, id=22764, stack(0x000000a90e200000,0x000000a90e300000)]
  0x0000025d73baeeb0 JavaThread "Finalizer" daemon [_thread_blocked, id=10712, stack(0x000000a90e300000,0x000000a90e400000)]
  0x0000025d744d5d70 JavaThread "Signal Dispatcher" daemon [_thread_blocked, id=17900, stack(0x000000a90e400000,0x000000a90e500000)]
  0x0000025d744d6730 JavaThread "Attach Listener" daemon [_thread_blocked, id=10012, stack(0x000000a90e500000,0x000000a90e600000)]
  0x0000025d744d9000 JavaThread "Service Thread" daemon [_thread_blocked, id=22484, stack(0x000000a90e600000,0x000000a90e700000)]
  0x0000025d744d9bf0 JavaThread "C2 CompilerThread0" daemon [_thread_in_native, id=13388, stack(0x000000a90e700000,0x000000a90e800000)]
  0x0000025d744df250 JavaThread "C1 CompilerThread0" daemon [_thread_blocked, id=11824, stack(0x000000a90e800000,0x000000a90e900000)]
  0x0000025d744dff50 JavaThread "Sweeper thread" daemon [_thread_blocked, id=14808, stack(0x000000a90e900000,0x000000a90ea00000)]
  0x0000025d745edb80 JavaThread "Common-Cleaner" daemon [_thread_blocked, id=19284, stack(0x000000a90ea00000,0x000000a90eb00000)]
  0x0000025d746ee060 JavaThread "Notification Thread" daemon [_thread_blocked, id=19508, stack(0x000000a90eb00000,0x000000a90ec00000)]
  0x0000025d747b9fe0 JavaThread "AsyncFileHandlerWriter-939047783" daemon [_thread_blocked, id=20676, stack(0x000000a90ec00000,0x000000a90ed00000)]
  0x0000025d747ce4a0 JavaThread "FileHandlerLogFilesCleaner-1" daemon [_thread_blocked, id=19720, stack(0x000000a90ed00000,0x000000a90ee00000)]
=>0x0000025d74901ae0 JavaThread "C2 CompilerThread1" daemon [_thread_in_native, id=22396, stack(0x000000a90ee00000,0x000000a90ef00000)]
  0x0000025d749f0470 JavaThread "RMI TCP Accept-0" daemon [_thread_in_native, id=7424, stack(0x000000a90ef00000,0x000000a90f000000)]
  0x0000025d74969a90 JavaThread "RMI TCP Accept-1099" daemon [_thread_in_native, id=6740, stack(0x000000a90f000000,0x000000a90f100000)]
  0x0000025d749e80b0 JavaThread "RMI TCP Accept-0" daemon [_thread_in_native, id=15276, stack(0x000000a90f100000,0x000000a90f200000)]
  0x0000025d74e9f6f0 JavaThread "RMI TCP Connection(3)-127.0.0.1" daemon [_thread_in_native, id=17112, stack(0x000000a90f800000,0x000000a90f900000)]
  0x0000025d74ea0490 JavaThread "RMI TCP Connection(2)-127.0.0.1" daemon [_thread_in_native, id=6836, stack(0x000000a90f900000,0x000000a90fa00000)]
  0x0000025d74fb6260 JavaThread "RMI Scheduler(0)" daemon [_thread_blocked, id=15796, stack(0x000000a90fa00000,0x000000a90fb00000)]

Other Threads:
  0x0000025d73ba9c20 VMThread "VM Thread" [stack: 0x000000a90e100000,0x000000a90e200000] [id=23200]
  0x0000025d749e8580 WatcherThread [stack: 0x000000a90f200000,0x000000a90f300000] [id=18372]
  0x0000025d50888b20 GCTaskThread "GC Thread#0" [stack: 0x000000a90dc00000,0x000000a90dd00000] [id=18748]
  0x0000025d74b04030 GCTaskThread "GC Thread#1" [stack: 0x000000a90f300000,0x000000a90f400000] [id=13808]
  0x0000025d74b05680 GCTaskThread "GC Thread#2" [stack: 0x000000a90f400000,0x000000a90f500000] [id=12220]
  0x0000025d74b03d00 GCTaskThread "GC Thread#3" [stack: 0x000000a90f500000,0x000000a90f600000] [id=22532]
  0x0000025d74b02d10 GCTaskThread "GC Thread#4" [stack: 0x000000a90f600000,0x000000a90f700000] [id=17356]
  0x0000025d74b026b0 GCTaskThread "GC Thread#5" [stack: 0x000000a90f700000,0x000000a90f800000] [id=12432]
  0x0000025d50899880 ConcurrentGCThread "G1 Main Marker" [stack: 0x000000a90dd00000,0x000000a90de00000] [id=18312]
  0x0000025d5089a870 ConcurrentGCThread "G1 Conc#0" [stack: 0x000000a90de00000,0x000000a90df00000] [id=20284]
  0x0000025d50908990 ConcurrentGCThread "G1 Refine#0" [stack: 0x000000a90df00000,0x000000a90e000000] [id=19684]
  0x0000025d509091e0 ConcurrentGCThread "G1 Young RemSet Sampling" [stack: 0x000000a90e000000,0x000000a90e100000] [id=19148]

Threads with active compile tasks:
C2 CompilerThread0     1161 1870   !   4       java.util.jar.Attributes::read (530 bytes)
C1 CompilerThread0     1161 1889   !   3       java.util.zip.Inflater::reset (64 bytes)
C2 CompilerThread1     1161 1757   !   4       org.apache.tomcat.util.IntrospectionUtils::setProperty (939 bytes)

VM state: not at safepoint (normal execution)

VM Mutex/Monitor currently owned by a thread: None

Heap address: 0x0000000700400000, size: 4092 MB, Compressed Oops mode: Zero based, Oop shift amount: 3
CDS archive(s) mapped at: [0x0000000800000000-0x0000000800b50000-0x0000000800b50000), size 11862016, SharedBaseAddress: 0x0000000800000000, ArchiveRelocationMode: 0.
Compressed class space mapped at: 0x0000000800b50000-0x0000000840b50000, size: 1073741824
Narrow klass base: 0x0000000800000000, Narrow klass shift: 3, Narrow klass range: 0x100000000

GC Precious Log:
 CPUs: 6 total, 6 available
 Memory: 16366M
 Large Page Support: Disabled
 NUMA Support: Disabled
 Compressed Oops: Enabled (Zero based)
 Heap Region Size: 2M
 Heap Min Capacity: 8M
 Heap Initial Capacity: 256M
 Heap Max Capacity: 4092M
 Pre-touch: Disabled
 Parallel Workers: 6
 Concurrent Workers: 2
 Concurrent Refinement Workers: 6
 Periodic GC: Disabled

Heap:
 garbage-first heap   total 262144K, used 17074K [0x0000000700400000, 0x0000000800000000)
  region size 2048K, 10 young (20480K), 2 survivors (4096K)
 Metaspace       used 11464K, capacity 11866K, committed 11904K, reserved 1060864K
  class space    used 1221K, capacity 1397K, committed 1408K, reserved 1048576K

Heap Regions: E=young(eden), S=young(survivor), O=old, HS=humongous(starts), HC=humongous(continues), CS=collection set, F=free, OA=open archive, CA=closed archive, TAMS=top-at-mark-start (previous, next)
|   0|0x0000000700400000, 0x00000007004ac800, 0x0000000700600000| 33%| O|  |TAMS 0x0000000700400000, 0x0000000700400000| Untracked 
|   1|0x0000000700600000, 0x0000000700600000, 0x0000000700800000|  0%| F|  |TAMS 0x0000000700600000, 0x0000000700600000| Untracked 
|   2|0x0000000700800000, 0x0000000700800000, 0x0000000700a00000|  0%| F|  |TAMS 0x0000000700800000, 0x0000000700800000| Untracked 
|   3|0x0000000700a00000, 0x0000000700a00000, 0x0000000700c00000|  0%| F|  |TAMS 0x0000000700a00000, 0x0000000700a00000| Untracked 
|   4|0x0000000700c00000, 0x0000000700c00000, 0x0000000700e00000|  0%| F|  |TAMS 0x0000000700c00000, 0x0000000700c00000| Untracked 
|   5|0x0000000700e00000, 0x0000000700e00000, 0x0000000701000000|  0%| F|  |TAMS 0x0000000700e00000, 0x0000000700e00000| Untracked 
|   6|0x0000000701000000, 0x0000000701000000, 0x0000000701200000|  0%| F|  |TAMS 0x0000000701000000, 0x0000000701000000| Untracked 
|   7|0x0000000701200000, 0x0000000701200000, 0x0000000701400000|  0%| F|  |TAMS 0x0000000701200000, 0x0000000701200000| Untracked 
|   8|0x0000000701400000, 0x0000000701400000, 0x0000000701600000|  0%| F|  |TAMS 0x0000000701400000, 0x0000000701400000| Untracked 
|   9|0x0000000701600000, 0x0000000701600000, 0x0000000701800000|  0%| F|  |TAMS 0x0000000701600000, 0x0000000701600000| Untracked 
|  10|0x0000000701800000, 0x0000000701800000, 0x0000000701a00000|  0%| F|  |TAMS 0x0000000701800000, 0x0000000701800000| Untracked 
|  11|0x0000000701a00000, 0x0000000701a00000, 0x0000000701c00000|  0%| F|  |TAMS 0x0000000701a00000, 0x0000000701a00000| Untracked 
|  12|0x0000000701c00000, 0x0000000701c00000, 0x0000000701e00000|  0%| F|  |TAMS 0x0000000701c00000, 0x0000000701c00000| Untracked 
|  13|0x0000000701e00000, 0x0000000701e00000, 0x0000000702000000|  0%| F|  |TAMS 0x0000000701e00000, 0x0000000701e00000| Untracked 
|  14|0x0000000702000000, 0x0000000702000000, 0x0000000702200000|  0%| F|  |TAMS 0x0000000702000000, 0x0000000702000000| Untracked 
|  15|0x0000000702200000, 0x0000000702200000, 0x0000000702400000|  0%| F|  |TAMS 0x0000000702200000, 0x0000000702200000| Untracked 
|  16|0x0000000702400000, 0x0000000702400000, 0x0000000702600000|  0%| F|  |TAMS 0x0000000702400000, 0x0000000702400000| Untracked 
|  17|0x0000000702600000, 0x0000000702600000, 0x0000000702800000|  0%| F|  |TAMS 0x0000000702600000, 0x0000000702600000| Untracked 
|  18|0x0000000702800000, 0x0000000702800000, 0x0000000702a00000|  0%| F|  |TAMS 0x0000000702800000, 0x0000000702800000| Untracked 
|  19|0x0000000702a00000, 0x0000000702a00000, 0x0000000702c00000|  0%| F|  |TAMS 0x0000000702a00000, 0x0000000702a00000| Untracked 
|  20|0x0000000702c00000, 0x0000000702c00000, 0x0000000702e00000|  0%| F|  |TAMS 0x0000000702c00000, 0x0000000702c00000| Untracked 
|  21|0x0000000702e00000, 0x0000000702e00000, 0x0000000703000000|  0%| F|  |TAMS 0x0000000702e00000, 0x0000000702e00000| Untracked 
|  22|0x0000000703000000, 0x0000000703000000, 0x0000000703200000|  0%| F|  |TAMS 0x0000000703000000, 0x0000000703000000| Untracked 
|  23|0x0000000703200000, 0x0000000703200000, 0x0000000703400000|  0%| F|  |TAMS 0x0000000703200000, 0x0000000703200000| Untracked 
|  24|0x0000000703400000, 0x0000000703400000, 0x0000000703600000|  0%| F|  |TAMS 0x0000000703400000, 0x0000000703400000| Untracked 
|  25|0x0000000703600000, 0x0000000703600000, 0x0000000703800000|  0%| F|  |TAMS 0x0000000703600000, 0x0000000703600000| Untracked 
|  26|0x0000000703800000, 0x0000000703800000, 0x0000000703a00000|  0%| F|  |TAMS 0x0000000703800000, 0x0000000703800000| Untracked 
|  27|0x0000000703a00000, 0x0000000703a00000, 0x0000000703c00000|  0%| F|  |TAMS 0x0000000703a00000, 0x0000000703a00000| Untracked 
|  28|0x0000000703c00000, 0x0000000703c00000, 0x0000000703e00000|  0%| F|  |TAMS 0x0000000703c00000, 0x0000000703c00000| Untracked 
|  29|0x0000000703e00000, 0x0000000703e00000, 0x0000000704000000|  0%| F|  |TAMS 0x0000000703e00000, 0x0000000703e00000| Untracked 
|  30|0x0000000704000000, 0x0000000704000000, 0x0000000704200000|  0%| F|  |TAMS 0x0000000704000000, 0x0000000704000000| Untracked 
|  31|0x0000000704200000, 0x0000000704200000, 0x0000000704400000|  0%| F|  |TAMS 0x0000000704200000, 0x0000000704200000| Untracked 
|  32|0x0000000704400000, 0x0000000704400000, 0x0000000704600000|  0%| F|  |TAMS 0x0000000704400000, 0x0000000704400000| Untracked 
|  33|0x0000000704600000, 0x0000000704600000, 0x0000000704800000|  0%| F|  |TAMS 0x0000000704600000, 0x0000000704600000| Untracked 
|  34|0x0000000704800000, 0x0000000704800000, 0x0000000704a00000|  0%| F|  |TAMS 0x0000000704800000, 0x0000000704800000| Untracked 
|  35|0x0000000704a00000, 0x0000000704a00000, 0x0000000704c00000|  0%| F|  |TAMS 0x0000000704a00000, 0x0000000704a00000| Untracked 
|  36|0x0000000704c00000, 0x0000000704c00000, 0x0000000704e00000|  0%| F|  |TAMS 0x0000000704c00000, 0x0000000704c00000| Untracked 
|  37|0x0000000704e00000, 0x0000000704e00000, 0x0000000705000000|  0%| F|  |TAMS 0x0000000704e00000, 0x0000000704e00000| Untracked 
|  38|0x0000000705000000, 0x0000000705000000, 0x0000000705200000|  0%| F|  |TAMS 0x0000000705000000, 0x0000000705000000| Untracked 
|  39|0x0000000705200000, 0x0000000705200000, 0x0000000705400000|  0%| F|  |TAMS 0x0000000705200000, 0x0000000705200000| Untracked 
|  40|0x0000000705400000, 0x0000000705400000, 0x0000000705600000|  0%| F|  |TAMS 0x0000000705400000, 0x0000000705400000| Untracked 
|  41|0x0000000705600000, 0x0000000705600000, 0x0000000705800000|  0%| F|  |TAMS 0x0000000705600000, 0x0000000705600000| Untracked 
|  42|0x0000000705800000, 0x0000000705800000, 0x0000000705a00000|  0%| F|  |TAMS 0x0000000705800000, 0x0000000705800000| Untracked 
|  43|0x0000000705a00000, 0x0000000705a00000, 0x0000000705c00000|  0%| F|  |TAMS 0x0000000705a00000, 0x0000000705a00000| Untracked 
|  44|0x0000000705c00000, 0x0000000705c00000, 0x0000000705e00000|  0%| F|  |TAMS 0x0000000705c00000, 0x0000000705c00000| Untracked 
|  45|0x0000000705e00000, 0x0000000705e00000, 0x0000000706000000|  0%| F|  |TAMS 0x0000000705e00000, 0x0000000705e00000| Untracked 
|  46|0x0000000706000000, 0x0000000706000000, 0x0000000706200000|  0%| F|  |TAMS 0x0000000706000000, 0x0000000706000000| Untracked 
|  47|0x0000000706200000, 0x0000000706200000, 0x0000000706400000|  0%| F|  |TAMS 0x0000000706200000, 0x0000000706200000| Untracked 
|  48|0x0000000706400000, 0x0000000706400000, 0x0000000706600000|  0%| F|  |TAMS 0x0000000706400000, 0x0000000706400000| Untracked 
|  49|0x0000000706600000, 0x0000000706600000, 0x0000000706800000|  0%| F|  |TAMS 0x0000000706600000, 0x0000000706600000| Untracked 
|  50|0x0000000706800000, 0x0000000706800000, 0x0000000706a00000|  0%| F|  |TAMS 0x0000000706800000, 0x0000000706800000| Untracked 
|  51|0x0000000706a00000, 0x0000000706a00000, 0x0000000706c00000|  0%| F|  |TAMS 0x0000000706a00000, 0x0000000706a00000| Untracked 
|  52|0x0000000706c00000, 0x0000000706c00000, 0x0000000706e00000|  0%| F|  |TAMS 0x0000000706c00000, 0x0000000706c00000| Untracked 
|  53|0x0000000706e00000, 0x0000000706e00000, 0x0000000707000000|  0%| F|  |TAMS 0x0000000706e00000, 0x0000000706e00000| Untracked 
|  54|0x0000000707000000, 0x0000000707000000, 0x0000000707200000|  0%| F|  |TAMS 0x0000000707000000, 0x0000000707000000| Untracked 
|  55|0x0000000707200000, 0x0000000707200000, 0x0000000707400000|  0%| F|  |TAMS 0x0000000707200000, 0x0000000707200000| Untracked 
|  56|0x0000000707400000, 0x0000000707400000, 0x0000000707600000|  0%| F|  |TAMS 0x0000000707400000, 0x0000000707400000| Untracked 
|  57|0x0000000707600000, 0x0000000707600000, 0x0000000707800000|  0%| F|  |TAMS 0x0000000707600000, 0x0000000707600000| Untracked 
|  58|0x0000000707800000, 0x0000000707800000, 0x0000000707a00000|  0%| F|  |TAMS 0x0000000707800000, 0x0000000707800000| Untracked 
|  59|0x0000000707a00000, 0x0000000707a00000, 0x0000000707c00000|  0%| F|  |TAMS 0x0000000707a00000, 0x0000000707a00000| Untracked 
|  60|0x0000000707c00000, 0x0000000707c00000, 0x0000000707e00000|  0%| F|  |TAMS 0x0000000707c00000, 0x0000000707c00000| Untracked 
|  61|0x0000000707e00000, 0x0000000707e00000, 0x0000000708000000|  0%| F|  |TAMS 0x0000000707e00000, 0x0000000707e00000| Untracked 
|  62|0x0000000708000000, 0x0000000708000000, 0x0000000708200000|  0%| F|  |TAMS 0x0000000708000000, 0x0000000708000000| Untracked 
|  63|0x0000000708200000, 0x0000000708200000, 0x0000000708400000|  0%| F|  |TAMS 0x0000000708200000, 0x0000000708200000| Untracked 
|  64|0x0000000708400000, 0x0000000708400000, 0x0000000708600000|  0%| F|  |TAMS 0x0000000708400000, 0x0000000708400000| Untracked 
|  65|0x0000000708600000, 0x0000000708600000, 0x0000000708800000|  0%| F|  |TAMS 0x0000000708600000, 0x0000000708600000| Untracked 
|  66|0x0000000708800000, 0x0000000708800000, 0x0000000708a00000|  0%| F|  |TAMS 0x0000000708800000, 0x0000000708800000| Untracked 
|  67|0x0000000708a00000, 0x0000000708a00000, 0x0000000708c00000|  0%| F|  |TAMS 0x0000000708a00000, 0x0000000708a00000| Untracked 
|  68|0x0000000708c00000, 0x0000000708c00000, 0x0000000708e00000|  0%| F|  |TAMS 0x0000000708c00000, 0x0000000708c00000| Untracked 
|  69|0x0000000708e00000, 0x0000000708e00000, 0x0000000709000000|  0%| F|  |TAMS 0x0000000708e00000, 0x0000000708e00000| Untracked 
|  70|0x0000000709000000, 0x0000000709000000, 0x0000000709200000|  0%| F|  |TAMS 0x0000000709000000, 0x0000000709000000| Untracked 
|  71|0x0000000709200000, 0x0000000709200000, 0x0000000709400000|  0%| F|  |TAMS 0x0000000709200000, 0x0000000709200000| Untracked 
|  72|0x0000000709400000, 0x0000000709400000, 0x0000000709600000|  0%| F|  |TAMS 0x0000000709400000, 0x0000000709400000| Untracked 
|  73|0x0000000709600000, 0x0000000709600000, 0x0000000709800000|  0%| F|  |TAMS 0x0000000709600000, 0x0000000709600000| Untracked 
|  74|0x0000000709800000, 0x0000000709800000, 0x0000000709a00000|  0%| F|  |TAMS 0x0000000709800000, 0x0000000709800000| Untracked 
|  75|0x0000000709a00000, 0x0000000709a00000, 0x0000000709c00000|  0%| F|  |TAMS 0x0000000709a00000, 0x0000000709a00000| Untracked 
|  76|0x0000000709c00000, 0x0000000709c00000, 0x0000000709e00000|  0%| F|  |TAMS 0x0000000709c00000, 0x0000000709c00000| Untracked 
|  77|0x0000000709e00000, 0x0000000709e00000, 0x000000070a000000|  0%| F|  |TAMS 0x0000000709e00000, 0x0000000709e00000| Untracked 
|  78|0x000000070a000000, 0x000000070a000000, 0x000000070a200000|  0%| F|  |TAMS 0x000000070a000000, 0x000000070a000000| Untracked 
|  79|0x000000070a200000, 0x000000070a200000, 0x000000070a400000|  0%| F|  |TAMS 0x000000070a200000, 0x000000070a200000| Untracked 
|  80|0x000000070a400000, 0x000000070a400000, 0x000000070a600000|  0%| F|  |TAMS 0x000000070a400000, 0x000000070a400000| Untracked 
|  81|0x000000070a600000, 0x000000070a600000, 0x000000070a800000|  0%| F|  |TAMS 0x000000070a600000, 0x000000070a600000| Untracked 
|  82|0x000000070a800000, 0x000000070a800000, 0x000000070aa00000|  0%| F|  |TAMS 0x000000070a800000, 0x000000070a800000| Untracked 
|  83|0x000000070aa00000, 0x000000070aa00000, 0x000000070ac00000|  0%| F|  |TAMS 0x000000070aa00000, 0x000000070aa00000| Untracked 
|  84|0x000000070ac00000, 0x000000070ac00000, 0x000000070ae00000|  0%| F|  |TAMS 0x000000070ac00000, 0x000000070ac00000| Untracked 
|  85|0x000000070ae00000, 0x000000070ae00000, 0x000000070b000000|  0%| F|  |TAMS 0x000000070ae00000, 0x000000070ae00000| Untracked 
|  86|0x000000070b000000, 0x000000070b000000, 0x000000070b200000|  0%| F|  |TAMS 0x000000070b000000, 0x000000070b000000| Untracked 
|  87|0x000000070b200000, 0x000000070b200000, 0x000000070b400000|  0%| F|  |TAMS 0x000000070b200000, 0x000000070b200000| Untracked 
|  88|0x000000070b400000, 0x000000070b400000, 0x000000070b600000|  0%| F|  |TAMS 0x000000070b400000, 0x000000070b400000| Untracked 
|  89|0x000000070b600000, 0x000000070b600000, 0x000000070b800000|  0%| F|  |TAMS 0x000000070b600000, 0x000000070b600000| Untracked 
|  90|0x000000070b800000, 0x000000070b800000, 0x000000070ba00000|  0%| F|  |TAMS 0x000000070b800000, 0x000000070b800000| Untracked 
|  91|0x000000070ba00000, 0x000000070ba00000, 0x000000070bc00000|  0%| F|  |TAMS 0x000000070ba00000, 0x000000070ba00000| Untracked 
|  92|0x000000070bc00000, 0x000000070bc00000, 0x000000070be00000|  0%| F|  |TAMS 0x000000070bc00000, 0x000000070bc00000| Untracked 
|  93|0x000000070be00000, 0x000000070be00000, 0x000000070c000000|  0%| F|  |TAMS 0x000000070be00000, 0x000000070be00000| Untracked 
|  94|0x000000070c000000, 0x000000070c000000, 0x000000070c200000|  0%| F|  |TAMS 0x000000070c000000, 0x000000070c000000| Untracked 
|  95|0x000000070c200000, 0x000000070c200000, 0x000000070c400000|  0%| F|  |TAMS 0x000000070c200000, 0x000000070c200000| Untracked 
|  96|0x000000070c400000, 0x000000070c400000, 0x000000070c600000|  0%| F|  |TAMS 0x000000070c400000, 0x000000070c400000| Untracked 
|  97|0x000000070c600000, 0x000000070c600000, 0x000000070c800000|  0%| F|  |TAMS 0x000000070c600000, 0x000000070c600000| Untracked 
|  98|0x000000070c800000, 0x000000070c800000, 0x000000070ca00000|  0%| F|  |TAMS 0x000000070c800000, 0x000000070c800000| Untracked 
|  99|0x000000070ca00000, 0x000000070ca00000, 0x000000070cc00000|  0%| F|  |TAMS 0x000000070ca00000, 0x000000070ca00000| Untracked 
| 100|0x000000070cc00000, 0x000000070cc00000, 0x000000070ce00000|  0%| F|  |TAMS 0x000000070cc00000, 0x000000070cc00000| Untracked 
| 101|0x000000070ce00000, 0x000000070ce00000, 0x000000070d000000|  0%| F|  |TAMS 0x000000070ce00000, 0x000000070ce00000| Untracked 
| 102|0x000000070d000000, 0x000000070d000000, 0x000000070d200000|  0%| F|  |TAMS 0x000000070d000000, 0x000000070d000000| Untracked 
| 103|0x000000070d200000, 0x000000070d200000, 0x000000070d400000|  0%| F|  |TAMS 0x000000070d200000, 0x000000070d200000| Untracked 
| 104|0x000000070d400000, 0x000000070d400000, 0x000000070d600000|  0%| F|  |TAMS 0x000000070d400000, 0x000000070d400000| Untracked 
| 105|0x000000070d600000, 0x000000070d600000, 0x000000070d800000|  0%| F|  |TAMS 0x000000070d600000, 0x000000070d600000| Untracked 
| 106|0x000000070d800000, 0x000000070d800000, 0x000000070da00000|  0%| F|  |TAMS 0x000000070d800000, 0x000000070d800000| Untracked 
| 107|0x000000070da00000, 0x000000070da00000, 0x000000070dc00000|  0%| F|  |TAMS 0x000000070da00000, 0x000000070da00000| Untracked 
| 108|0x000000070dc00000, 0x000000070dc00000, 0x000000070de00000|  0%| F|  |TAMS 0x000000070dc00000, 0x000000070dc00000| Untracked 
| 109|0x000000070de00000, 0x000000070de00000, 0x000000070e000000|  0%| F|  |TAMS 0x000000070de00000, 0x000000070de00000| Untracked 
| 110|0x000000070e000000, 0x000000070e000000, 0x000000070e200000|  0%| F|  |TAMS 0x000000070e000000, 0x000000070e000000| Untracked 
| 111|0x000000070e200000, 0x000000070e200000, 0x000000070e400000|  0%| F|  |TAMS 0x000000070e200000, 0x000000070e200000| Untracked 
| 112|0x000000070e400000, 0x000000070e400000, 0x000000070e600000|  0%| F|  |TAMS 0x000000070e400000, 0x000000070e400000| Untracked 
| 113|0x000000070e600000, 0x000000070e600000, 0x000000070e800000|  0%| F|  |TAMS 0x000000070e600000, 0x000000070e600000| Untracked 
| 114|0x000000070e800000, 0x000000070e800000, 0x000000070ea00000|  0%| F|  |TAMS 0x000000070e800000, 0x000000070e800000| Untracked 
| 115|0x000000070ea00000, 0x000000070ea00000, 0x000000070ec00000|  0%| F|  |TAMS 0x000000070ea00000, 0x000000070ea00000| Untracked 
| 116|0x000000070ec00000, 0x000000070ee00000, 0x000000070ee00000|100%| S|CS|TAMS 0x000000070ec00000, 0x000000070ec00000| Complete 
| 117|0x000000070ee00000, 0x000000070f000000, 0x000000070f000000|100%| S|CS|TAMS 0x000000070ee00000, 0x000000070ee00000| Complete 
| 118|0x000000070f000000, 0x000000070f000000, 0x000000070f200000|  0%| F|  |TAMS 0x000000070f000000, 0x000000070f000000| Untracked 
| 119|0x000000070f200000, 0x000000070f200000, 0x000000070f400000|  0%| F|  |TAMS 0x000000070f200000, 0x000000070f200000| Untracked 
| 120|0x000000070f400000, 0x000000070f460b48, 0x000000070f600000| 18%| E|  |TAMS 0x000000070f400000, 0x000000070f400000| Complete 
| 121|0x000000070f600000, 0x000000070f800000, 0x000000070f800000|100%| E|CS|TAMS 0x000000070f600000, 0x000000070f600000| Complete 
| 122|0x000000070f800000, 0x000000070fa00000, 0x000000070fa00000|100%| E|  |TAMS 0x000000070f800000, 0x000000070f800000| Complete 
| 123|0x000000070fa00000, 0x000000070fc00000, 0x000000070fc00000|100%| E|CS|TAMS 0x000000070fa00000, 0x000000070fa00000| Complete 
| 124|0x000000070fc00000, 0x000000070fe00000, 0x000000070fe00000|100%| E|CS|TAMS 0x000000070fc00000, 0x000000070fc00000| Complete 
| 125|0x000000070fe00000, 0x0000000710000000, 0x0000000710000000|100%| E|CS|TAMS 0x000000070fe00000, 0x000000070fe00000| Complete 
| 126|0x0000000710000000, 0x0000000710200000, 0x0000000710200000|100%| E|CS|TAMS 0x0000000710000000, 0x0000000710000000| Complete 
| 127|0x0000000710200000, 0x0000000710400000, 0x0000000710400000|100%| E|CS|TAMS 0x0000000710200000, 0x0000000710200000| Complete 

Card table byte_map: [0x0000025d68380000,0x0000025d68b80000] _byte_map_base: 0x0000025d64b7e000

Marking Bits (Prev, Next): (CMBitMap*) 0x0000025d50888f60, (CMBitMap*) 0x0000025d50888fa0
 Prev Bits: [0x0000025d69380000, 0x0000025d6d370000)
 Next Bits: [0x0000025d6d370000, 0x0000025d71360000)

Polling page: 0x0000025d4e850000

Metaspace:

Usage:
  Non-class:     10.29 MB capacity,    10.03 MB ( 97%) used,   237.43 KB (  2%) free+waste,    26.94 KB ( <1%) overhead. 
      Class:      1.37 MB capacity,     1.20 MB ( 88%) used,   162.25 KB ( 12%) free+waste,    12.06 KB ( <1%) overhead. 
       Both:     11.66 MB capacity,    11.23 MB ( 96%) used,   399.68 KB (  3%) free+waste,    39.00 KB ( <1%) overhead. 

Virtual space:
  Non-class space:       12.00 MB reserved,      10.50 MB ( 88%) committed 
      Class space:        1.00 GB reserved,       1.38 MB ( <1%) committed 
             Both:        1.01 GB reserved,      11.88 MB (  1%) committed 

Chunk freelists:
   Non-Class:  22.00 KB
       Class:  10.00 KB
        Both:  32.00 KB

MaxMetaspaceSize: 17179869184.00 GB
CompressedClassSpaceSize: 1.00 GB

CodeHeap 'non-profiled nmethods': size=120000Kb used=689Kb max_used=689Kb free=119310Kb
 bounds [0x0000025d60540000, 0x0000025d607b0000, 0x0000025d67a70000]
CodeHeap 'profiled nmethods': size=120000Kb used=3787Kb max_used=3787Kb free=116212Kb
 bounds [0x0000025d59010000, 0x0000025d593d0000, 0x0000025d60540000]
CodeHeap 'non-nmethods': size=5760Kb used=1225Kb max_used=1247Kb free=4534Kb
 bounds [0x0000025d58a70000, 0x0000025d58ce0000, 0x0000025d59010000]
 total_blobs=2390 nmethods=1898 adapters=404
 compilation: enabled
              stopped_count=0, restarted_count=0
 full_count=0

Compilation events (20 events):
Event: 1.134 Thread 0x0000025d744df250 nmethod 1840 0x0000025d593a2190 code [0x0000025d593a2380, 0x0000025d593a2908]
Event: 1.134 Thread 0x0000025d744df250 1839       3       java.nio.CharBuffer::limit (6 bytes)
Event: 1.134 Thread 0x0000025d744df250 nmethod 1839 0x0000025d593a2b10 code [0x0000025d593a2cc0, 0x0000025d593a2e68]
Event: 1.134 Thread 0x0000025d744df250 1841       3       java.util.zip.ZipUtils::get16 (21 bytes)
Event: 1.134 Thread 0x0000025d744df250 nmethod 1841 0x0000025d593a2f10 code [0x0000025d593a30a0, 0x0000025d593a31d8]
Event: 1.134 Thread 0x0000025d744df250 1843       3       java.nio.CharBuffer::flip (7 bytes)
Event: 1.134 Thread 0x0000025d744df250 nmethod 1843 0x0000025d593a3310 code [0x0000025d593a34a0, 0x0000025d593a3618]
Event: 1.134 Thread 0x0000025d744df250 1844       3       java.nio.CharBuffer::clear (7 bytes)
Event: 1.135 Thread 0x0000025d744df250 nmethod 1844 0x0000025d593a3710 code [0x0000025d593a38a0, 0x0000025d593a3a18]
Event: 1.135 Thread 0x0000025d744df250 1845       3       java.nio.CharBuffer::toString (13 bytes)
Event: 1.135 Thread 0x0000025d744df250 nmethod 1845 0x0000025d593a3b10 code [0x0000025d593a3cc0, 0x0000025d593a3ec8]
Event: 1.135 Thread 0x0000025d744df250 1842       3       sun.nio.cs.ThreadLocalCoders::decoderFor (18 bytes)
Event: 1.135 Thread 0x0000025d744df250 nmethod 1842 0x0000025d593a3f90 code [0x0000025d593a4140, 0x0000025d593a4548]
Event: 1.135 Thread 0x0000025d744d9bf0 1846       4       java.util.jar.Manifest$FastInputStream::readLine (296 bytes)
Event: 1.136 Thread 0x0000025d744df250 1847       3       java.util.zip.CRC32::update (51 bytes)
Event: 1.137 Thread 0x0000025d744df250 nmethod 1847 0x0000025d593a4690 code [0x0000025d593a4880, 0x0000025d593a4ca8]
Event: 1.137 Thread 0x0000025d744df250 1848       3       java.util.zip.CRC32::updateBytes (14 bytes)
Event: 1.137 Thread 0x0000025d744df250 nmethod 1848 0x0000025d593a4e90 code [0x0000025d593a5040, 0x0000025d593a51a8]
Event: 1.137 Thread 0x0000025d744df250 1849       3       java.util.zip.ZipInputStream::ensureOpen (18 bytes)
Event: 1.137 Thread 0x0000025d744df250 nmethod 1849 0x0000025d593a5290 code [0x0000025d593a5440, 0x0000025d593a5648]

GC Heap History (2 events):
Event: 0.809 GC heap before
{Heap before GC invocations=0 (full 0):
 garbage-first heap   total 262144K, used 20480K [0x0000000700400000, 0x0000000800000000)
  region size 2048K, 10 young (20480K), 0 survivors (0K)
 Metaspace       used 9026K, capacity 9284K, committed 9600K, reserved 1058816K
  class space    used 970K, capacity 1066K, committed 1152K, reserved 1048576K
}
Event: 0.818 GC heap after
{Heap after GC invocations=1 (full 0):
 garbage-first heap   total 262144K, used 4786K [0x0000000700400000, 0x0000000800000000)
  region size 2048K, 2 young (4096K), 2 survivors (4096K)
 Metaspace       used 9026K, capacity 9284K, committed 9600K, reserved 1058816K
  class space    used 970K, capacity 1066K, committed 1152K, reserved 1048576K
}

Deoptimization events (20 events):
Event: 1.068 Thread 0x0000025d50839100 DEOPT PACKING pc=0x0000025d59312552 sp=0x000000a90dbfcd00
Event: 1.068 Thread 0x0000025d50839100 DEOPT UNPACKING pc=0x0000025d58abdf3f sp=0x000000a90dbfc1c0 mode 0
Event: 1.075 Thread 0x0000025d50839100 DEOPT PACKING pc=0x0000025d59312552 sp=0x000000a90dbfcbf0
Event: 1.075 Thread 0x0000025d50839100 DEOPT UNPACKING pc=0x0000025d58abdf3f sp=0x000000a90dbfc0b0 mode 0
Event: 1.080 Thread 0x0000025d50839100 DEOPT PACKING pc=0x0000025d59312552 sp=0x000000a90dbfcd00
Event: 1.080 Thread 0x0000025d50839100 DEOPT UNPACKING pc=0x0000025d58abdf3f sp=0x000000a90dbfc1c0 mode 0
Event: 1.086 Thread 0x0000025d50839100 DEOPT PACKING pc=0x0000025d59312552 sp=0x000000a90dbfcf50
Event: 1.086 Thread 0x0000025d50839100 DEOPT UNPACKING pc=0x0000025d58abdf3f sp=0x000000a90dbfc410 mode 0
Event: 1.087 Thread 0x0000025d50839100 DEOPT PACKING pc=0x0000025d59312552 sp=0x000000a90dbfcd00
Event: 1.087 Thread 0x0000025d50839100 DEOPT UNPACKING pc=0x0000025d58abdf3f sp=0x000000a90dbfc1c0 mode 0
Event: 1.092 Thread 0x0000025d50839100 DEOPT PACKING pc=0x0000025d59312552 sp=0x000000a90dbfcbf0
Event: 1.092 Thread 0x0000025d50839100 DEOPT UNPACKING pc=0x0000025d58abdf3f sp=0x000000a90dbfc0b0 mode 0
Event: 1.099 Thread 0x0000025d50839100 DEOPT PACKING pc=0x0000025d59312552 sp=0x000000a90dbfcf50
Event: 1.099 Thread 0x0000025d50839100 DEOPT UNPACKING pc=0x0000025d58abdf3f sp=0x000000a90dbfc410 mode 0
Event: 1.100 Thread 0x0000025d50839100 DEOPT PACKING pc=0x0000025d59312552 sp=0x000000a90dbfcd00
Event: 1.100 Thread 0x0000025d50839100 DEOPT UNPACKING pc=0x0000025d58abdf3f sp=0x000000a90dbfc1c0 mode 0
Event: 1.114 Thread 0x0000025d50839100 Uncommon trap: trap_request=0xffffff45 fr.pc=0x0000025d605e0238 relative=0x0000000000000a18
Event: 1.115 Thread 0x0000025d50839100 Uncommon trap: reason=unstable_if action=reinterpret pc=0x0000025d605e0238 method=com.sun.org.apache.xerces.internal.util.SymbolTable.addSymbol([CII)Ljava/lang/String; @ 28 c2
Event: 1.115 Thread 0x0000025d50839100 DEOPT PACKING pc=0x0000025d605e0238 sp=0x000000a90dbfcd80
Event: 1.115 Thread 0x0000025d50839100 DEOPT UNPACKING pc=0x0000025d58abe12f sp=0x000000a90dbfccb8 mode 2

Classes unloaded (0 events):
No events

Classes redefined (0 events):
No events

Internal exceptions (20 events):
Event: 1.086 Thread 0x0000025d50839100 Implicit null exception at 0x0000025d592b62d7 to 0x0000025d592b7fba
Event: 1.086 Thread 0x0000025d50839100 Exception <a 'java/lang/NullPointerException'{0x000000070fb3a460}> (0x000000070fb3a460) 
thrown [./open/src/hotspot/share/runtime/sharedRuntime.cpp, line 585]
Event: 1.086 Thread 0x0000025d50839100 Implicit null exception at 0x0000025d592b62d7 to 0x0000025d592b7fba
Event: 1.086 Thread 0x0000025d50839100 Exception <a 'java/lang/NullPointerException'{0x000000070fb3a9e0}> (0x000000070fb3a9e0) 
thrown [./open/src/hotspot/share/runtime/sharedRuntime.cpp, line 585]
Event: 1.099 Thread 0x0000025d50839100 Implicit null exception at 0x0000025d592b62d7 to 0x0000025d592b7fba
Event: 1.099 Thread 0x0000025d50839100 Exception <a 'java/lang/NullPointerException'{0x000000070fbaa640}> (0x000000070fbaa640) 
thrown [./open/src/hotspot/share/runtime/sharedRuntime.cpp, line 585]
Event: 1.099 Thread 0x0000025d50839100 Implicit null exception at 0x0000025d592b62d7 to 0x0000025d592b7fba
Event: 1.099 Thread 0x0000025d50839100 Exception <a 'java/lang/NullPointerException'{0x000000070fbaabc0}> (0x000000070fbaabc0) 
thrown [./open/src/hotspot/share/runtime/sharedRuntime.cpp, line 585]
Event: 1.106 Thread 0x0000025d50839100 Implicit null exception at 0x0000025d592b62d7 to 0x0000025d592b7fba
Event: 1.106 Thread 0x0000025d50839100 Exception <a 'java/lang/NullPointerException'{0x000000070fbff080}> (0x000000070fbff080) 
thrown [./open/src/hotspot/share/runtime/sharedRuntime.cpp, line 585]
Event: 1.106 Thread 0x0000025d50839100 Implicit null exception at 0x0000025d592b62d7 to 0x0000025d592b7fba
Event: 1.106 Thread 0x0000025d50839100 Exception <a 'java/lang/NullPointerException'{0x000000070fbff600}> (0x000000070fbff600) 
thrown [./open/src/hotspot/share/runtime/sharedRuntime.cpp, line 585]
Event: 1.118 Thread 0x0000025d50839100 Implicit null exception at 0x0000025d592b62d7 to 0x0000025d592b7fba
Event: 1.118 Thread 0x0000025d50839100 Exception <a 'java/lang/NullPointerException'{0x000000070f8976b0}> (0x000000070f8976b0) 
thrown [./open/src/hotspot/share/runtime/sharedRuntime.cpp, line 585]
Event: 1.118 Thread 0x0000025d50839100 Implicit null exception at 0x0000025d592b62d7 to 0x0000025d592b7fba
Event: 1.118 Thread 0x0000025d50839100 Exception <a 'java/lang/NullPointerException'{0x000000070f897c30}> (0x000000070f897c30) 
thrown [./open/src/hotspot/share/runtime/sharedRuntime.cpp, line 585]
Event: 1.122 Thread 0x0000025d50839100 Implicit null exception at 0x0000025d592b62d7 to 0x0000025d592b7fba
Event: 1.122 Thread 0x0000025d50839100 Exception <a 'java/lang/NullPointerException'{0x000000070f8c39b8}> (0x000000070f8c39b8) 
thrown [./open/src/hotspot/share/runtime/sharedRuntime.cpp, line 585]
Event: 1.122 Thread 0x0000025d50839100 Implicit null exception at 0x0000025d592b62d7 to 0x0000025d592b7fba
Event: 1.122 Thread 0x0000025d50839100 Exception <a 'java/lang/NullPointerException'{0x000000070f8c3f38}> (0x000000070f8c3f38) 
thrown [./open/src/hotspot/share/runtime/sharedRuntime.cpp, line 585]

Events (20 events):
Event: 0.952 Thread 0x0000025d75484020 Thread exited: 0x0000025d75484020
Event: 0.953 loading class java/rmi/server/UnicastRemoteObject done
Event: 0.953 loading class java/util/Vector$1
Event: 0.953 loading class java/util/Vector$1 done
Event: 0.982 loading class jdk/internal/access/foreign/MemorySegmentProxy
Event: 0.982 loading class jdk/internal/access/foreign/MemorySegmentProxy done
Event: 0.984 loading class java/util/concurrent/TimeoutException
Event: 0.984 loading class java/util/concurrent/TimeoutException done
Event: 0.984 loading class java/util/Hashtable$EntrySet
Event: 0.985 loading class java/util/Hashtable$EntrySet done
Event: 1.128 loading class javax/management/modelmbean/InvalidTargetObjectTypeException
Event: 1.128 loading class javax/management/modelmbean/InvalidTargetObjectTypeException done
Event: 1.130 loading class java/util/jar/JarInputStream
Event: 1.130 loading class java/util/zip/ZipInputStream
Event: 1.130 loading class java/util/zip/ZipInputStream done
Event: 1.131 Executing VM operation: HandshakeAllThreads
Event: 1.131 Executing VM operation: HandshakeAllThreads done
Event: 1.131 loading class java/util/jar/JarInputStream done
Event: 1.131 loading class java/io/PushbackInputStream
Event: 1.131 loading class java/io/PushbackInputStream done


Dynamic libraries:
0x00007ff6b1f90000 - 0x00007ff6b1f9d000 	C:\Users\marti\.jdks\openjdk-15.0.2\bin\java.exe
0x00007ff9ac8d0000 - 0x00007ff9acac5000 	C:\WINDOWS\SYSTEM32\ntdll.dll
0x00007ff9abd30000 - 0x00007ff9abdee000 	C:\WINDOWS\System32\KERNEL32.DLL
0x00007ff9aa410000 - 0x00007ff9aa6d8000 	C:\WINDOWS\System32\KERNELBASE.dll
0x00007ff9aa6e0000 - 0x00007ff9aa7e0000 	C:\WINDOWS\System32\ucrtbase.dll
0x00007ff99fa00000 - 0x00007ff99fa18000 	C:\Users\marti\.jdks\openjdk-15.0.2\bin\jli.dll
0x00007ff99f2d0000 - 0x00007ff99f2e9000 	C:\Users\marti\.jdks\openjdk-15.0.2\bin\VCRUNTIME140.dll
0x00007ff9ac490000 - 0x00007ff9ac630000 	C:\WINDOWS\System32\USER32.dll
0x00007ff9aa280000 - 0x00007ff9aa2a2000 	C:\WINDOWS\System32\win32u.dll
0x00007ff99fa60000 - 0x00007ff99fcfa000 	C:\WINDOWS\WinSxS\amd64_microsoft.windows.common-controls_6595b64144ccf1df_6.0.19041.1110_none_60b5254171f9507e\COMCTL32.dll
0x00007ff9ac630000 - 0x00007ff9ac65b000 	C:\WINDOWS\System32\GDI32.dll
0x00007ff9ac7f0000 - 0x00007ff9ac88e000 	C:\WINDOWS\System32\msvcrt.dll
0x00007ff9aa170000 - 0x00007ff9aa27d000 	C:\WINDOWS\System32\gdi32full.dll
0x00007ff9a9fe0000 - 0x00007ff9aa07d000 	C:\WINDOWS\System32\msvcp_win.dll
0x00007ff9aad10000 - 0x00007ff9aad40000 	C:\WINDOWS\System32\IMM32.DLL
0x00007ff9a4bc0000 - 0x00007ff9a4bcc000 	C:\Users\marti\.jdks\openjdk-15.0.2\bin\vcruntime140_1.dll
0x00007ff985e50000 - 0x00007ff985ee1000 	C:\Users\marti\.jdks\openjdk-15.0.2\bin\msvcp140.dll
0x00007ff974250000 - 0x00007ff974dae000 	C:\Users\marti\.jdks\openjdk-15.0.2\bin\server\jvm.dll
0x00007ff9aac60000 - 0x00007ff9aad0e000 	C:\WINDOWS\System32\ADVAPI32.dll
0x00007ff9aaa50000 - 0x00007ff9aaaec000 	C:\WINDOWS\System32\sechost.dll
0x00007ff9aae10000 - 0x00007ff9aaf35000 	C:\WINDOWS\System32\RPCRT4.dll
0x00007ff9aafa0000 - 0x00007ff9aafa8000 	C:\WINDOWS\System32\PSAPI.DLL
0x00007ff99b680000 - 0x00007ff99b6a7000 	C:\WINDOWS\SYSTEM32\WINMM.dll
0x00007ff9a3b50000 - 0x00007ff9a3b59000 	C:\WINDOWS\SYSTEM32\WSOCK32.dll
0x00007ff9a2150000 - 0x00007ff9a215a000 	C:\WINDOWS\SYSTEM32\VERSION.dll
0x00007ff9ac270000 - 0x00007ff9ac2db000 	C:\WINDOWS\System32\WS2_32.dll
0x00007ff9a7ef0000 - 0x00007ff9a7f02000 	C:\WINDOWS\SYSTEM32\kernel.appcore.dll
0x00007ff9a4b50000 - 0x00007ff9a4b5a000 	C:\Users\marti\.jdks\openjdk-15.0.2\bin\jimage.dll
0x00007ff99fd80000 - 0x00007ff99ff64000 	C:\WINDOWS\SYSTEM32\DBGHELP.DLL
0x00007ff99fd50000 - 0x00007ff99fd7c000 	C:\WINDOWS\SYSTEM32\dbgcore.DLL
0x00007ff9aa7e0000 - 0x00007ff9aa862000 	C:\WINDOWS\System32\bcryptPrimitives.dll
0x00007ff99f2a0000 - 0x00007ff99f2c5000 	C:\Users\marti\.jdks\openjdk-15.0.2\bin\java.dll
0x00007ff9aafb0000 - 0x00007ff9ab6f4000 	C:\WINDOWS\System32\SHELL32.dll
0x00007ff9a80f0000 - 0x00007ff9a8884000 	C:\WINDOWS\SYSTEM32\windows.storage.dll
0x00007ff9ab970000 - 0x00007ff9abcc5000 	C:\WINDOWS\System32\combase.dll
0x00007ff9a9960000 - 0x00007ff9a998e000 	C:\WINDOWS\SYSTEM32\Wldp.dll
0x00007ff9ab790000 - 0x00007ff9ab83d000 	C:\WINDOWS\System32\SHCORE.dll
0x00007ff9aaf40000 - 0x00007ff9aaf95000 	C:\WINDOWS\System32\shlwapi.dll
0x00007ff9a9f20000 - 0x00007ff9a9f3f000 	C:\WINDOWS\SYSTEM32\profapi.dll
0x00007ff99f280000 - 0x00007ff99f299000 	C:\Users\marti\.jdks\openjdk-15.0.2\bin\net.dll
0x00007ff9a59d0000 - 0x00007ff9a5adc000 	C:\WINDOWS\SYSTEM32\WINHTTP.dll
0x00007ff9a96c0000 - 0x00007ff9a972a000 	C:\WINDOWS\system32\mswsock.dll
0x00007ff99e4c0000 - 0x00007ff99e4d2000 	C:\Users\marti\.jdks\openjdk-15.0.2\bin\nio.dll
0x00007ff99e3e0000 - 0x00007ff99e3f8000 	C:\Users\marti\.jdks\openjdk-15.0.2\bin\zip.dll
0x00007ff9a4bd0000 - 0x00007ff9a4bd9000 	C:\Users\marti\.jdks\openjdk-15.0.2\bin\management_agent.dll
0x00007ff9a29a0000 - 0x00007ff9a29a9000 	C:\Users\marti\.jdks\openjdk-15.0.2\bin\management.dll
0x00007ff9a2860000 - 0x00007ff9a286b000 	C:\Users\marti\.jdks\openjdk-15.0.2\bin\management_ext.dll
0x00007ff9a45f0000 - 0x00007ff9a4607000 	C:\WINDOWS\system32\napinsp.dll
0x00007ff9a45d0000 - 0x00007ff9a45eb000 	C:\WINDOWS\system32\pnrpnsp.dll
0x00007ff9a3d40000 - 0x00007ff9a3d55000 	C:\WINDOWS\system32\wshbth.dll
0x00007ff9a4a30000 - 0x00007ff9a4a4d000 	C:\WINDOWS\system32\NLAapi.dll
0x00007ff9a93b0000 - 0x00007ff9a93eb000 	C:\WINDOWS\SYSTEM32\IPHLPAPI.DLL
0x00007ff9a93f0000 - 0x00007ff9a94bb000 	C:\WINDOWS\SYSTEM32\DNSAPI.dll
0x00007ff9ab700000 - 0x00007ff9ab708000 	C:\WINDOWS\System32\NSI.dll
0x00007ff9a3d20000 - 0x00007ff9a3d32000 	C:\WINDOWS\System32\winrnr.dll
0x00007ff9a29b0000 - 0x00007ff9a29ba000 	C:\Windows\System32\rasadhlp.dll
0x00007ff9a2090000 - 0x00007ff9a210f000 	C:\WINDOWS\System32\fwpuclnt.dll
0x00007ff9aa0f0000 - 0x00007ff9aa117000 	C:\WINDOWS\System32\bcrypt.dll
0x00007ff9a98b0000 - 0x00007ff9a98c8000 	C:\WINDOWS\SYSTEM32\CRYPTSP.dll
0x00007ff9a9040000 - 0x00007ff9a9074000 	C:\WINDOWS\system32\rsaenh.dll
0x00007ff9a9ee0000 - 0x00007ff9a9f0e000 	C:\WINDOWS\SYSTEM32\USERENV.dll
0x00007ff9a98d0000 - 0x00007ff9a98dc000 	C:\WINDOWS\SYSTEM32\CRYPTBASE.dll
0x00007ff9a4c30000 - 0x00007ff9a4c47000 	C:\WINDOWS\SYSTEM32\dhcpcsvc6.DLL
0x00007ff9a4c10000 - 0x00007ff9a4c2d000 	C:\WINDOWS\SYSTEM32\dhcpcsvc.DLL
0x0000000180000000 - 0x0000000180286000 	D:\Artyom\JetBrains IntelliJ IDEA Ultimate 2020.1 x64\apache-tomcat-9.0.54\bin\tcnative-1.dll
0x00007ff9aa2b0000 - 0x00007ff9aa406000 	C:\WINDOWS\System32\CRYPT32.dll

dbghelp: loaded successfully - version: 4.0.5 - missing functions: none
symbol engine: initialized successfully - sym options: 0x614 - pdb path: .;C:\Users\marti\.jdks\openjdk-15.0.2\bin;C:\WINDOWS\SYSTEM32;C:\WINDOWS\WinSxS\amd64_microsoft.windows.common-controls_6595b64144ccf1df_6.0.19041.1110_none_60b5254171f9507e;C:\Users\marti\.jdks\openjdk-15.0.2\bin\server;D:\Artyom\JetBrains IntelliJ IDEA Ultimate 2020.1 x64\apache-tomcat-9.0.54\bin

VM Arguments:
jvm_args: --add-opens=java.base/java.lang=ALL-UNNAMED --add-opens=java.base/java.io=ALL-UNNAMED --add-opens=java.base/java.util=ALL-UNNAMED --add-opens=java.base/java.util.concurrent=ALL-UNNAMED --add-opens=java.rmi/sun.rmi.transport=ALL-UNNAMED -Djava.util.logging.config.file=C:\Users\marti\AppData\Local\JetBrains\IntelliJIdea2020.1\tomcat\Unnamed_lab11\conf\logging.properties -Djava.util.logging.manager=org.apache.juli.ClassLoaderLogManager -Dcom.sun.management.jmxremote= -Dcom.sun.management.jmxremote.port=1099 -Dcom.sun.management.jmxremote.ssl=false -Dcom.sun.management.jmxremote.password.file=C:\Users\marti\AppData\Local\JetBrains\IntelliJIdea2020.1\tomcat\Unnamed_lab11\jmxremote.password -Dcom.sun.management.jmxremote.access.file=C:\Users\marti\AppData\Local\JetBrains\IntelliJIdea2020.1\tomcat\Unnamed_lab11\jmxremote.access -Djava.rmi.server.hostname=127.0.0.1 -Djdk.tls.ephemeralDHKeySize=2048 -Djava.protocol.handler.pkgs=org.apache.catalina.webresources -Dignore.endorsed.dirs= -Dcatalina.base=C:\Users\marti\AppData\Local\JetBrains\IntelliJIdea2020.1\tomcat\Unnamed_lab11 -Dcatalina.home=D:\Artyom\JetBrains IntelliJ IDEA Ultimate 2020.1 x64\apache-tomcat-9.0.54 -Djava.io.tmpdir=D:\Artyom\JetBrains IntelliJ IDEA Ultimate 2020.1 x64\apache-tomcat-9.0.54\temp 
java_command: org.apache.catalina.startup.Bootstrap start
java_class_path (initial): D:\Artyom\JetBrains IntelliJ IDEA Ultimate 2020.1 x64\apache-tomcat-9.0.54\bin\bootstrap.jar;D:\Artyom\JetBrains IntelliJ IDEA Ultimate 2020.1 x64\apache-tomcat-9.0.54\bin\tomcat-juli.jar
Launcher Type: SUN_STANDARD

[Global flags]
     intx CICompilerCount                          = 3                                         {product} {ergonomic}
     uint ConcGCThreads                            = 2                                         {product} {ergonomic}
     uint G1ConcRefinementThreads                  = 6                                         {product} {ergonomic}
   size_t G1HeapRegionSize                         = 2097152                                   {product} {ergonomic}
    uintx GCDrainStackTargetSize                   = 64                                        {product} {ergonomic}
   size_t InitialHeapSize                          = 268435456                                 {product} {ergonomic}
     bool ManagementServer                         = true                                      {product} {command line}
   size_t MarkStackSize                            = 4194304                                   {product} {ergonomic}
   size_t MaxHeapSize                              = 4290772992                                {product} {ergonomic}
   size_t MaxNewSize                               = 2573205504                                {product} {ergonomic}
   size_t MinHeapDeltaBytes                        = 2097152                                   {product} {ergonomic}
   size_t MinHeapSize                              = 8388608                                   {product} {ergonomic}
    uintx NonNMethodCodeHeapSize                   = 5832780                                {pd product} {ergonomic}
    uintx NonProfiledCodeHeapSize                  = 122912730                              {pd product} {ergonomic}
    uintx ProfiledCodeHeapSize                     = 122912730                              {pd product} {ergonomic}
    uintx ReservedCodeCacheSize                    = 251658240                              {pd product} {ergonomic}
     bool SegmentedCodeCache                       = true                                      {product} {ergonomic}
   size_t SoftMaxHeapSize                          = 4290772992                             {manageable} {ergonomic}
     bool UseCompressedClassPointers               = true                                 {lp64_product} {ergonomic}
     bool UseCompressedOops                        = true                                 {lp64_product} {ergonomic}
     bool UseG1GC                                  = true                                      {product} {ergonomic}
     bool UseLargePagesIndividualAllocation        = false                                  {pd product} {ergonomic}

Logging:
Log output configuration:
 #0: stdout all=warning uptime,level,tags
 #1: stderr all=off uptime,level,tags

Environment Variables:
JAVA_HOME=C:\Users\marti\.jdks\openjdk-15.0.2
CLASSPATH=D:\Artyom\JetBrains IntelliJ IDEA Ultimate 2020.1 x64\apache-tomcat-9.0.54\bin\bootstrap.jar;D:\Artyom\JetBrains IntelliJ IDEA Ultimate 2020.1 x64\apache-tomcat-9.0.54\bin\tomcat-juli.jar
PATH=C:\Program Files (x86)\NVIDIA Corporation\PhysX\Common;C:\WINDOWS\system32;C:\WINDOWS;C:\WINDOWS\System32\Wbem;C:\WINDOWS\System32\WindowsPowerShell\v1.0\;C:\WINDOWS\System32\OpenSSH\;C:\Users\marti\.jdks\openjdk-15.0.2\bin;C:\Program Files\Microsoft SQL Server\Client SDK\ODBC\170\Tools\Binn\;C:\Program Files (x86)\Microsoft SQL Server\150\Tools\Binn\;C:\Program Files\Microsoft SQL Server\150\Tools\Binn\;C:\Program Files\Microsoft SQL Server\150\DTS\Binn\;C:\Program Files (x86)\Microsoft SQL Server\150\DTS\Binn\;C:\Program Files\Azure Data Studio\bin;C:\cygwin64\bin;D:\Artyom\Git\cmd;D:\Artyom\maven\apache-maven-3.8.2\bin;E:\apache-maven-3.8.3\bin;C:\Program Files\Java\jdk1.8.0_261\bin;E:\VS Code\Microsoft VS Code\bin;
USERNAME=marti
OS=Windows_NT
PROCESSOR_IDENTIFIER=AMD64 Family 21 Model 2 Stepping 0, AuthenticAMD



---------------  S Y S T E M  ---------------

OS:
 Windows 10 , 64 bit Build 19041 (10.0.19041.1503)
OS uptime: 4 days 18:30 hours

CPU: total 6 (initial active 6) (6 cores per cpu, 1 threads per core) family 21 model 2 stepping 0 microcode 0x0, cmov, cx8, fxsr, mmx, sse, sse2, sse3, ssse3, sse4.1, sse4.2, popcnt, vzeroupper, avx, aes, clmul, 3dnowpref, lzcnt, sse4a, tsc, tscinvbit, tscinv, bmi1, fma, clflush

Memory: 4k page, system-wide physical 16366M (5885M free)
TotalPageFile size 19310M (AvailPageFile size 5M)
current process WorkingSet (physical memory assigned to process): 94M, peak: 94M
current process commit charge ("private bytes"): 371M, peak: 371M

vm_info: OpenJDK 64-Bit Server VM (15.0.2+7-27) for windows-amd64 JRE (15.0.2+7-27), built on Dec  7 2020 20:02:38 by "mach5one" with unknown MS VC++:1925

END.
